{"failedCount":1,"prefixedPath":"ExampleProjects\/appian-selenium-api-example-java\/src\/main\/java\/com\/appiancorp\/example\/Feature\/seleniumWebDriver.feature","packageQualifiedName":"ExampleProjects.appian-selenium-api-example-java.src.main.java.com.appiancorp.example.Feature.seleniumWebDriver","loopIndex":-1,"relativePath":"ExampleProjects\/appian-selenium-api-example-java\/src\/main\/java\/com\/appiancorp\/example\/Feature\/seleniumWebDriver.feature","scenarioResults":[{"sectionIndex":0,"stepResults":[{"result":{"nanos":4825600,"millis":4.8256,"status":"passed"},"step":{"background":true,"line":4,"prefix":"*","index":0,"text":"configure driver = ('driver', { type: 'chrome', addOptions: ['--disable-save-password-bubble'] });"}},{"result":{"nanos":13051400,"errorMessage":"js failed:\n>>>>\n01: new Java.type('karate.seleniumApi.SeleniumHelper')\n<<<<\norg.graalvm.polyglot.PolyglotException: TypeError: function type() { [native code] } is not a constructor function\n- <js>.:program(Unnamed:1)\n\nExampleProjects\/appian-selenium-api-example-java\/src\/main\/java\/com\/appiancorp\/example\/Feature\/seleniumWebDriver.feature:5","millis":13.0514,"status":"failed"},"step":{"background":true,"line":5,"prefix":"*","index":1,"text":"def MySeleniumTest = new Java.type('karate.seleniumApi.SeleniumHelper')"},"stepLog":"13:43:25.442 ExampleProjects\/appian-selenium-api-example-java\/src\/main\/java\/com\/appiancorp\/example\/Feature\/seleniumWebDriver.feature:5\n* def MySeleniumTest = new Java.type('karate.seleniumApi.SeleniumHelper')\njs failed:\n>>>>\n01: new Java.type('karate.seleniumApi.SeleniumHelper')\n<<<<\norg.graalvm.polyglot.PolyglotException: TypeError: function type() { [native code] } is not a constructor function\n- <js>.:program(Unnamed:1)\n\nExampleProjects\/appian-selenium-api-example-java\/src\/main\/java\/com\/appiancorp\/example\/Feature\/seleniumWebDriver.feature:5\n"},{"result":{"nanos":0,"millis":0.0,"status":"skipped"},"step":{"background":true,"line":6,"prefix":"*","index":2,"text":"call MySeleniumTest.setup()"}},{"result":{"nanos":0,"millis":0.0,"status":"skipped"},"step":{"line":9,"prefix":"Given","index":0,"text":"driver 'about:blank'"}},{"result":{"nanos":0,"millis":0.0,"status":"skipped"},"step":{"line":10,"prefix":"And","index":1,"text":"call MySeleniumTest.navigateTo('https:\/\/www.example.com')"}},{"result":{"nanos":0,"millis":0.0,"status":"skipped"},"step":{"line":11,"prefix":"When","index":2,"text":"def pageTitle = call MySeleniumTest.getTitle()"}},{"result":{"nanos":0,"millis":0.0,"status":"skipped"},"step":{"line":12,"prefix":"Then","index":3,"text":"match pageTitle == 'Example Domain'"}},{"result":{"nanos":0,"millis":0.0,"status":"skipped"},"step":{"line":13,"prefix":"*","index":4,"text":"call SeleniumHelper.tearDown()"}}],"line":8,"description":"","durationMillis":17.877,"failed":true,"error":"js failed:\n>>>>\n01: new Java.type('karate.seleniumApi.SeleniumHelper')\n<<<<\norg.graalvm.polyglot.PolyglotException: TypeError: function type() { [native code] } is not a constructor function\n- <js>.:program(Unnamed:1)\n\nExampleProjects\/appian-selenium-api-example-java\/src\/main\/java\/com\/appiancorp\/example\/Feature\/seleniumWebDriver.feature:5","executorName":"main","name":"Verify the page title using Selenium","startTime":1690532005267,"refId":"[1:8]","endTime":1690532005442,"exampleIndex":-1}],"callDepth":0,"name":"call selenium WebDriver class","description":"","resultDate":"2023-07-28 01:43:25 pm","durationMillis":17.877,"passedCount":0}