{"failedCount":1,"prefixedPath":"ExampleProjects\/appian-selenium-api-example-java\/src\/main\/java\/com\/appiancorp\/example\/Feature\/sample.feature","packageQualifiedName":"ExampleProjects.appian-selenium-api-example-java.src.main.java.com.appiancorp.example.Feature.sample","loopIndex":-1,"relativePath":"ExampleProjects\/appian-selenium-api-example-java\/src\/main\/java\/com\/appiancorp\/example\/Feature\/sample.feature","scenarioResults":[{"sectionIndex":0,"stepResults":[{"result":{"nanos":0,"errorMessage":">> ExampleProjects\/appian-selenium-api-example-java\/src\/main\/java\/com\/appiancorp\/example\/Feature\/sample.feature:22\n>> karate-config.js failed\n>> TypeError: invokeMember (configure) on com.intuit.karate.core.ScenarioBridge failed due to: Arity error - expected: 2 actual: 1\njs failed:\n>>>>\n01: function() {\n02:     karate.configure('classpath:karate-config.js');\n03:     return {\n04:         \/\/ Other configurations...\n05:         packages: ['com.appiancorp.ps.automatedtest.fixture']\n06:     };\n07: }\n<<<<\norg.graalvm.polyglot.PolyglotException: TypeError: invokeMember (configure) on com.intuit.karate.core.ScenarioBridge failed due to: Arity error - expected: 2 actual: 1\n- <js>.:anonymous(Unnamed:2)\n\nExampleProjects\/appian-selenium-api-example-java\/src\/main\/java\/com\/appiancorp\/example\/Feature\/sample.feature:5","millis":0.0,"status":"failed"},"step":{"line":5,"prefix":"*","index":0,"text":"configure driver = {type: 'chrome', addOptions: ['--disable-save-password-bubble']}"},"stepLog":"14:35:28.352 ExampleProjects\/appian-selenium-api-example-java\/src\/main\/java\/com\/appiancorp\/example\/Feature\/sample.feature:5\n* configure driver = {type: 'chrome', addOptions: ['--disable-save-password-bubble']}\n>> ExampleProjects\/appian-selenium-api-example-java\/src\/main\/java\/com\/appiancorp\/example\/Feature\/sample.feature:22\n>> karate-config.js failed\n>> TypeError: invokeMember (configure) on com.intuit.karate.core.ScenarioBridge failed due to: Arity error - expected: 2 actual: 1\njs failed:\n>>>>\n01: function() {\n02:     karate.configure('classpath:karate-config.js');\n03:     return {\n04:         \/\/ Other configurations...\n05:         packages: ['com.appiancorp.ps.automatedtest.fixture']\n06:     };\n07: }\n<<<<\norg.graalvm.polyglot.PolyglotException: TypeError: invokeMember (configure) on com.intuit.karate.core.ScenarioBridge failed due to: Arity error - expected: 2 actual: 1\n- <js>.:anonymous(Unnamed:2)\n\nExampleProjects\/appian-selenium-api-example-java\/src\/main\/java\/com\/appiancorp\/example\/Feature\/sample.feature:5\n"},{"result":{"nanos":0,"errorMessage":">> ExampleProjects\/appian-selenium-api-example-java\/src\/main\/java\/com\/appiancorp\/example\/Feature\/sample.feature:22\n>> karate-config.js failed\n>> TypeError: invokeMember (configure) on com.intuit.karate.core.ScenarioBridge failed due to: Arity error - expected: 2 actual: 1\njs failed:\n>>>>\n01: function() {\n02:     karate.configure('classpath:karate-config.js');\n03:     return {\n04:         \/\/ Other configurations...\n05:         packages: ['com.appiancorp.ps.automatedtest.fixture']\n06:     };\n07: }\n<<<<\norg.graalvm.polyglot.PolyglotException: TypeError: invokeMember (configure) on com.intuit.karate.core.ScenarioBridge failed due to: Arity error - expected: 2 actual: 1\n- <js>.:anonymous(Unnamed:2)\n\nExampleProjects\/appian-selenium-api-example-java\/src\/main\/java\/com\/appiancorp\/example\/Feature\/sample.feature:5\nExampleProjects\/appian-selenium-api-example-java\/src\/main\/java\/com\/appiancorp\/example\/Feature\/sample.feature:6","millis":0.0,"status":"failed"},"step":{"line":6,"prefix":"*","index":1,"text":"def signIn = \"input[value='Sign In']\""},"stepLog":"14:35:28.352 ExampleProjects\/appian-selenium-api-example-java\/src\/main\/java\/com\/appiancorp\/example\/Feature\/sample.feature:6\n* def signIn = \"input[value='Sign In']\"\n>> ExampleProjects\/appian-selenium-api-example-java\/src\/main\/java\/com\/appiancorp\/example\/Feature\/sample.feature:22\n>> karate-config.js failed\n>> TypeError: invokeMember (configure) on com.intuit.karate.core.ScenarioBridge failed due to: Arity error - expected: 2 actual: 1\njs failed:\n>>>>\n01: function() {\n02:     karate.configure('classpath:karate-config.js');\n03:     return {\n04:         \/\/ Other configurations...\n05:         packages: ['com.appiancorp.ps.automatedtest.fixture']\n06:     };\n07: }\n<<<<\norg.graalvm.polyglot.PolyglotException: TypeError: invokeMember (configure) on com.intuit.karate.core.ScenarioBridge failed due to: Arity error - expected: 2 actual: 1\n- <js>.:anonymous(Unnamed:2)\n\nExampleProjects\/appian-selenium-api-example-java\/src\/main\/java\/com\/appiancorp\/example\/Feature\/sample.feature:5\nExampleProjects\/appian-selenium-api-example-java\/src\/main\/java\/com\/appiancorp\/example\/Feature\/sample.feature:6\n"},{"result":{"nanos":0,"errorMessage":">> ExampleProjects\/appian-selenium-api-example-java\/src\/main\/java\/com\/appiancorp\/example\/Feature\/sample.feature:22\n>> karate-config.js failed\n>> TypeError: invokeMember (configure) on com.intuit.karate.core.ScenarioBridge failed due to: Arity error - expected: 2 actual: 1\njs failed:\n>>>>\n01: function() {\n02:     karate.configure('classpath:karate-config.js');\n03:     return {\n04:         \/\/ Other configurations...\n05:         packages: ['com.appiancorp.ps.automatedtest.fixture']\n06:     };\n07: }\n<<<<\norg.graalvm.polyglot.PolyglotException: TypeError: invokeMember (configure) on com.intuit.karate.core.ScenarioBridge failed due to: Arity error - expected: 2 actual: 1\n- <js>.:anonymous(Unnamed:2)\n\nExampleProjects\/appian-selenium-api-example-java\/src\/main\/java\/com\/appiancorp\/example\/Feature\/sample.feature:5\nExampleProjects\/appian-selenium-api-example-java\/src\/main\/java\/com\/appiancorp\/example\/Feature\/sample.feature:6\nExampleProjects\/appian-selenium-api-example-java\/src\/main\/java\/com\/appiancorp\/example\/Feature\/sample.feature:7","millis":0.0,"status":"failed"},"step":{"line":7,"prefix":"*","index":2,"text":"def exporerMenuLink = \"\/\/span[text()='Exporter']\""},"stepLog":"14:35:28.352 ExampleProjects\/appian-selenium-api-example-java\/src\/main\/java\/com\/appiancorp\/example\/Feature\/sample.feature:7\n* def exporerMenuLink = \"\/\/span[text()='Exporter']\"\n>> ExampleProjects\/appian-selenium-api-example-java\/src\/main\/java\/com\/appiancorp\/example\/Feature\/sample.feature:22\n>> karate-config.js failed\n>> TypeError: invokeMember (configure) on com.intuit.karate.core.ScenarioBridge failed due to: Arity error - expected: 2 actual: 1\njs failed:\n>>>>\n01: function() {\n02:     karate.configure('classpath:karate-config.js');\n03:     return {\n04:         \/\/ Other configurations...\n05:         packages: ['com.appiancorp.ps.automatedtest.fixture']\n06:     };\n07: }\n<<<<\norg.graalvm.polyglot.PolyglotException: TypeError: invokeMember (configure) on com.intuit.karate.core.ScenarioBridge failed due to: Arity error - expected: 2 actual: 1\n- <js>.:anonymous(Unnamed:2)\n\nExampleProjects\/appian-selenium-api-example-java\/src\/main\/java\/com\/appiancorp\/example\/Feature\/sample.feature:5\nExampleProjects\/appian-selenium-api-example-java\/src\/main\/java\/com\/appiancorp\/example\/Feature\/sample.feature:6\nExampleProjects\/appian-selenium-api-example-java\/src\/main\/java\/com\/appiancorp\/example\/Feature\/sample.feature:7\n"},{"result":{"nanos":0,"errorMessage":">> ExampleProjects\/appian-selenium-api-example-java\/src\/main\/java\/com\/appiancorp\/example\/Feature\/sample.feature:22\n>> karate-config.js failed\n>> TypeError: invokeMember (configure) on com.intuit.karate.core.ScenarioBridge failed due to: Arity error - expected: 2 actual: 1\njs failed:\n>>>>\n01: function() {\n02:     karate.configure('classpath:karate-config.js');\n03:     return {\n04:         \/\/ Other configurations...\n05:         packages: ['com.appiancorp.ps.automatedtest.fixture']\n06:     };\n07: }\n<<<<\norg.graalvm.polyglot.PolyglotException: TypeError: invokeMember (configure) on com.intuit.karate.core.ScenarioBridge failed due to: Arity error - expected: 2 actual: 1\n- <js>.:anonymous(Unnamed:2)\n\nExampleProjects\/appian-selenium-api-example-java\/src\/main\/java\/com\/appiancorp\/example\/Feature\/sample.feature:5\nExampleProjects\/appian-selenium-api-example-java\/src\/main\/java\/com\/appiancorp\/example\/Feature\/sample.feature:6\nExampleProjects\/appian-selenium-api-example-java\/src\/main\/java\/com\/appiancorp\/example\/Feature\/sample.feature:7\nExampleProjects\/appian-selenium-api-example-java\/src\/main\/java\/com\/appiancorp\/example\/Feature\/sample.feature:9","millis":0.0,"status":"failed"},"step":{"line":9,"prefix":"Given","index":3,"text":"driver 'https:\/\/yexledemo.appiancloud.com\/suite\/sites\/aqua\/page\/home'"},"stepLog":"14:35:28.352 ExampleProjects\/appian-selenium-api-example-java\/src\/main\/java\/com\/appiancorp\/example\/Feature\/sample.feature:9\nGiven driver 'https:\/\/yexledemo.appiancloud.com\/suite\/sites\/aqua\/page\/home'\n>> ExampleProjects\/appian-selenium-api-example-java\/src\/main\/java\/com\/appiancorp\/example\/Feature\/sample.feature:22\n>> karate-config.js failed\n>> TypeError: invokeMember (configure) on com.intuit.karate.core.ScenarioBridge failed due to: Arity error - expected: 2 actual: 1\njs failed:\n>>>>\n01: function() {\n02:     karate.configure('classpath:karate-config.js');\n03:     return {\n04:         \/\/ Other configurations...\n05:         packages: ['com.appiancorp.ps.automatedtest.fixture']\n06:     };\n07: }\n<<<<\norg.graalvm.polyglot.PolyglotException: TypeError: invokeMember (configure) on com.intuit.karate.core.ScenarioBridge failed due to: Arity error - expected: 2 actual: 1\n- <js>.:anonymous(Unnamed:2)\n\nExampleProjects\/appian-selenium-api-example-java\/src\/main\/java\/com\/appiancorp\/example\/Feature\/sample.feature:5\nExampleProjects\/appian-selenium-api-example-java\/src\/main\/java\/com\/appiancorp\/example\/Feature\/sample.feature:6\nExampleProjects\/appian-selenium-api-example-java\/src\/main\/java\/com\/appiancorp\/example\/Feature\/sample.feature:7\nExampleProjects\/appian-selenium-api-example-java\/src\/main\/java\/com\/appiancorp\/example\/Feature\/sample.feature:9\n"},{"result":{"nanos":0,"errorMessage":">> ExampleProjects\/appian-selenium-api-example-java\/src\/main\/java\/com\/appiancorp\/example\/Feature\/sample.feature:22\n>> karate-config.js failed\n>> TypeError: invokeMember (configure) on com.intuit.karate.core.ScenarioBridge failed due to: Arity error - expected: 2 actual: 1\njs failed:\n>>>>\n01: function() {\n02:     karate.configure('classpath:karate-config.js');\n03:     return {\n04:         \/\/ Other configurations...\n05:         packages: ['com.appiancorp.ps.automatedtest.fixture']\n06:     };\n07: }\n<<<<\norg.graalvm.polyglot.PolyglotException: TypeError: invokeMember (configure) on com.intuit.karate.core.ScenarioBridge failed due to: Arity error - expected: 2 actual: 1\n- <js>.:anonymous(Unnamed:2)\n\nExampleProjects\/appian-selenium-api-example-java\/src\/main\/java\/com\/appiancorp\/example\/Feature\/sample.feature:5\nExampleProjects\/appian-selenium-api-example-java\/src\/main\/java\/com\/appiancorp\/example\/Feature\/sample.feature:6\nExampleProjects\/appian-selenium-api-example-java\/src\/main\/java\/com\/appiancorp\/example\/Feature\/sample.feature:7\nExampleProjects\/appian-selenium-api-example-java\/src\/main\/java\/com\/appiancorp\/example\/Feature\/sample.feature:9\nExampleProjects\/appian-selenium-api-example-java\/src\/main\/java\/com\/appiancorp\/example\/Feature\/sample.feature:10","millis":0.0,"status":"failed"},"step":{"line":10,"prefix":"*","index":4,"text":"maximize()"},"stepLog":"14:35:28.353 ExampleProjects\/appian-selenium-api-example-java\/src\/main\/java\/com\/appiancorp\/example\/Feature\/sample.feature:10\n* maximize()\n>> ExampleProjects\/appian-selenium-api-example-java\/src\/main\/java\/com\/appiancorp\/example\/Feature\/sample.feature:22\n>> karate-config.js failed\n>> TypeError: invokeMember (configure) on com.intuit.karate.core.ScenarioBridge failed due to: Arity error - expected: 2 actual: 1\njs failed:\n>>>>\n01: function() {\n02:     karate.configure('classpath:karate-config.js');\n03:     return {\n04:         \/\/ Other configurations...\n05:         packages: ['com.appiancorp.ps.automatedtest.fixture']\n06:     };\n07: }\n<<<<\norg.graalvm.polyglot.PolyglotException: TypeError: invokeMember (configure) on com.intuit.karate.core.ScenarioBridge failed due to: Arity error - expected: 2 actual: 1\n- <js>.:anonymous(Unnamed:2)\n\nExampleProjects\/appian-selenium-api-example-java\/src\/main\/java\/com\/appiancorp\/example\/Feature\/sample.feature:5\nExampleProjects\/appian-selenium-api-example-java\/src\/main\/java\/com\/appiancorp\/example\/Feature\/sample.feature:6\nExampleProjects\/appian-selenium-api-example-java\/src\/main\/java\/com\/appiancorp\/example\/Feature\/sample.feature:7\nExampleProjects\/appian-selenium-api-example-java\/src\/main\/java\/com\/appiancorp\/example\/Feature\/sample.feature:9\nExampleProjects\/appian-selenium-api-example-java\/src\/main\/java\/com\/appiancorp\/example\/Feature\/sample.feature:10\n"},{"result":{"nanos":0,"errorMessage":">> ExampleProjects\/appian-selenium-api-example-java\/src\/main\/java\/com\/appiancorp\/example\/Feature\/sample.feature:22\n>> karate-config.js failed\n>> TypeError: invokeMember (configure) on com.intuit.karate.core.ScenarioBridge failed due to: Arity error - expected: 2 actual: 1\njs failed:\n>>>>\n01: function() {\n02:     karate.configure('classpath:karate-config.js');\n03:     return {\n04:         \/\/ Other configurations...\n05:         packages: ['com.appiancorp.ps.automatedtest.fixture']\n06:     };\n07: }\n<<<<\norg.graalvm.polyglot.PolyglotException: TypeError: invokeMember (configure) on com.intuit.karate.core.ScenarioBridge failed due to: Arity error - expected: 2 actual: 1\n- <js>.:anonymous(Unnamed:2)\n\nExampleProjects\/appian-selenium-api-example-java\/src\/main\/java\/com\/appiancorp\/example\/Feature\/sample.feature:5\nExampleProjects\/appian-selenium-api-example-java\/src\/main\/java\/com\/appiancorp\/example\/Feature\/sample.feature:6\nExampleProjects\/appian-selenium-api-example-java\/src\/main\/java\/com\/appiancorp\/example\/Feature\/sample.feature:7\nExampleProjects\/appian-selenium-api-example-java\/src\/main\/java\/com\/appiancorp\/example\/Feature\/sample.feature:9\nExampleProjects\/appian-selenium-api-example-java\/src\/main\/java\/com\/appiancorp\/example\/Feature\/sample.feature:10\nExampleProjects\/appian-selenium-api-example-java\/src\/main\/java\/com\/appiancorp\/example\/Feature\/sample.feature:11","millis":0.0,"status":"failed"},"step":{"line":11,"prefix":"*","index":5,"text":"delay(1000)"},"stepLog":"14:35:28.353 ExampleProjects\/appian-selenium-api-example-java\/src\/main\/java\/com\/appiancorp\/example\/Feature\/sample.feature:11\n* delay(1000)\n>> ExampleProjects\/appian-selenium-api-example-java\/src\/main\/java\/com\/appiancorp\/example\/Feature\/sample.feature:22\n>> karate-config.js failed\n>> TypeError: invokeMember (configure) on com.intuit.karate.core.ScenarioBridge failed due to: Arity error - expected: 2 actual: 1\njs failed:\n>>>>\n01: function() {\n02:     karate.configure('classpath:karate-config.js');\n03:     return {\n04:         \/\/ Other configurations...\n05:         packages: ['com.appiancorp.ps.automatedtest.fixture']\n06:     };\n07: }\n<<<<\norg.graalvm.polyglot.PolyglotException: TypeError: invokeMember (configure) on com.intuit.karate.core.ScenarioBridge failed due to: Arity error - expected: 2 actual: 1\n- <js>.:anonymous(Unnamed:2)\n\nExampleProjects\/appian-selenium-api-example-java\/src\/main\/java\/com\/appiancorp\/example\/Feature\/sample.feature:5\nExampleProjects\/appian-selenium-api-example-java\/src\/main\/java\/com\/appiancorp\/example\/Feature\/sample.feature:6\nExampleProjects\/appian-selenium-api-example-java\/src\/main\/java\/com\/appiancorp\/example\/Feature\/sample.feature:7\nExampleProjects\/appian-selenium-api-example-java\/src\/main\/java\/com\/appiancorp\/example\/Feature\/sample.feature:9\nExampleProjects\/appian-selenium-api-example-java\/src\/main\/java\/com\/appiancorp\/example\/Feature\/sample.feature:10\nExampleProjects\/appian-selenium-api-example-java\/src\/main\/java\/com\/appiancorp\/example\/Feature\/sample.feature:11\n"},{"result":{"nanos":0,"errorMessage":">> ExampleProjects\/appian-selenium-api-example-java\/src\/main\/java\/com\/appiancorp\/example\/Feature\/sample.feature:22\n>> karate-config.js failed\n>> TypeError: invokeMember (configure) on com.intuit.karate.core.ScenarioBridge failed due to: Arity error - expected: 2 actual: 1\njs failed:\n>>>>\n01: function() {\n02:     karate.configure('classpath:karate-config.js');\n03:     return {\n04:         \/\/ Other configurations...\n05:         packages: ['com.appiancorp.ps.automatedtest.fixture']\n06:     };\n07: }\n<<<<\norg.graalvm.polyglot.PolyglotException: TypeError: invokeMember (configure) on com.intuit.karate.core.ScenarioBridge failed due to: Arity error - expected: 2 actual: 1\n- <js>.:anonymous(Unnamed:2)\n\nExampleProjects\/appian-selenium-api-example-java\/src\/main\/java\/com\/appiancorp\/example\/Feature\/sample.feature:5\nExampleProjects\/appian-selenium-api-example-java\/src\/main\/java\/com\/appiancorp\/example\/Feature\/sample.feature:6\nExampleProjects\/appian-selenium-api-example-java\/src\/main\/java\/com\/appiancorp\/example\/Feature\/sample.feature:7\nExampleProjects\/appian-selenium-api-example-java\/src\/main\/java\/com\/appiancorp\/example\/Feature\/sample.feature:9\nExampleProjects\/appian-selenium-api-example-java\/src\/main\/java\/com\/appiancorp\/example\/Feature\/sample.feature:10\nExampleProjects\/appian-selenium-api-example-java\/src\/main\/java\/com\/appiancorp\/example\/Feature\/sample.feature:11\nExampleProjects\/appian-selenium-api-example-java\/src\/main\/java\/com\/appiancorp\/example\/Feature\/sample.feature:12","millis":0.0,"status":"failed"},"step":{"line":12,"prefix":"*","index":6,"text":"input('#un',username)"},"stepLog":"14:35:28.353 ExampleProjects\/appian-selenium-api-example-java\/src\/main\/java\/com\/appiancorp\/example\/Feature\/sample.feature:12\n* input('#un',username)\n>> ExampleProjects\/appian-selenium-api-example-java\/src\/main\/java\/com\/appiancorp\/example\/Feature\/sample.feature:22\n>> karate-config.js failed\n>> TypeError: invokeMember (configure) on com.intuit.karate.core.ScenarioBridge failed due to: Arity error - expected: 2 actual: 1\njs failed:\n>>>>\n01: function() {\n02:     karate.configure('classpath:karate-config.js');\n03:     return {\n04:         \/\/ Other configurations...\n05:         packages: ['com.appiancorp.ps.automatedtest.fixture']\n06:     };\n07: }\n<<<<\norg.graalvm.polyglot.PolyglotException: TypeError: invokeMember (configure) on com.intuit.karate.core.ScenarioBridge failed due to: Arity error - expected: 2 actual: 1\n- <js>.:anonymous(Unnamed:2)\n\nExampleProjects\/appian-selenium-api-example-java\/src\/main\/java\/com\/appiancorp\/example\/Feature\/sample.feature:5\nExampleProjects\/appian-selenium-api-example-java\/src\/main\/java\/com\/appiancorp\/example\/Feature\/sample.feature:6\nExampleProjects\/appian-selenium-api-example-java\/src\/main\/java\/com\/appiancorp\/example\/Feature\/sample.feature:7\nExampleProjects\/appian-selenium-api-example-java\/src\/main\/java\/com\/appiancorp\/example\/Feature\/sample.feature:9\nExampleProjects\/appian-selenium-api-example-java\/src\/main\/java\/com\/appiancorp\/example\/Feature\/sample.feature:10\nExampleProjects\/appian-selenium-api-example-java\/src\/main\/java\/com\/appiancorp\/example\/Feature\/sample.feature:11\nExampleProjects\/appian-selenium-api-example-java\/src\/main\/java\/com\/appiancorp\/example\/Feature\/sample.feature:12\n"},{"result":{"nanos":0,"errorMessage":">> ExampleProjects\/appian-selenium-api-example-java\/src\/main\/java\/com\/appiancorp\/example\/Feature\/sample.feature:22\n>> karate-config.js failed\n>> TypeError: invokeMember (configure) on com.intuit.karate.core.ScenarioBridge failed due to: Arity error - expected: 2 actual: 1\njs failed:\n>>>>\n01: function() {\n02:     karate.configure('classpath:karate-config.js');\n03:     return {\n04:         \/\/ Other configurations...\n05:         packages: ['com.appiancorp.ps.automatedtest.fixture']\n06:     };\n07: }\n<<<<\norg.graalvm.polyglot.PolyglotException: TypeError: invokeMember (configure) on com.intuit.karate.core.ScenarioBridge failed due to: Arity error - expected: 2 actual: 1\n- <js>.:anonymous(Unnamed:2)\n\nExampleProjects\/appian-selenium-api-example-java\/src\/main\/java\/com\/appiancorp\/example\/Feature\/sample.feature:5\nExampleProjects\/appian-selenium-api-example-java\/src\/main\/java\/com\/appiancorp\/example\/Feature\/sample.feature:6\nExampleProjects\/appian-selenium-api-example-java\/src\/main\/java\/com\/appiancorp\/example\/Feature\/sample.feature:7\nExampleProjects\/appian-selenium-api-example-java\/src\/main\/java\/com\/appiancorp\/example\/Feature\/sample.feature:9\nExampleProjects\/appian-selenium-api-example-java\/src\/main\/java\/com\/appiancorp\/example\/Feature\/sample.feature:10\nExampleProjects\/appian-selenium-api-example-java\/src\/main\/java\/com\/appiancorp\/example\/Feature\/sample.feature:11\nExampleProjects\/appian-selenium-api-example-java\/src\/main\/java\/com\/appiancorp\/example\/Feature\/sample.feature:12\nExampleProjects\/appian-selenium-api-example-java\/src\/main\/java\/com\/appiancorp\/example\/Feature\/sample.feature:13","millis":0.0,"status":"failed"},"step":{"line":13,"prefix":"And","index":7,"text":"input('#pw',password)"},"stepLog":"14:35:28.353 ExampleProjects\/appian-selenium-api-example-java\/src\/main\/java\/com\/appiancorp\/example\/Feature\/sample.feature:13\nAnd input('#pw',password)\n>> ExampleProjects\/appian-selenium-api-example-java\/src\/main\/java\/com\/appiancorp\/example\/Feature\/sample.feature:22\n>> karate-config.js failed\n>> TypeError: invokeMember (configure) on com.intuit.karate.core.ScenarioBridge failed due to: Arity error - expected: 2 actual: 1\njs failed:\n>>>>\n01: function() {\n02:     karate.configure('classpath:karate-config.js');\n03:     return {\n04:         \/\/ Other configurations...\n05:         packages: ['com.appiancorp.ps.automatedtest.fixture']\n06:     };\n07: }\n<<<<\norg.graalvm.polyglot.PolyglotException: TypeError: invokeMember (configure) on com.intuit.karate.core.ScenarioBridge failed due to: Arity error - expected: 2 actual: 1\n- <js>.:anonymous(Unnamed:2)\n\nExampleProjects\/appian-selenium-api-example-java\/src\/main\/java\/com\/appiancorp\/example\/Feature\/sample.feature:5\nExampleProjects\/appian-selenium-api-example-java\/src\/main\/java\/com\/appiancorp\/example\/Feature\/sample.feature:6\nExampleProjects\/appian-selenium-api-example-java\/src\/main\/java\/com\/appiancorp\/example\/Feature\/sample.feature:7\nExampleProjects\/appian-selenium-api-example-java\/src\/main\/java\/com\/appiancorp\/example\/Feature\/sample.feature:9\nExampleProjects\/appian-selenium-api-example-java\/src\/main\/java\/com\/appiancorp\/example\/Feature\/sample.feature:10\nExampleProjects\/appian-selenium-api-example-java\/src\/main\/java\/com\/appiancorp\/example\/Feature\/sample.feature:11\nExampleProjects\/appian-selenium-api-example-java\/src\/main\/java\/com\/appiancorp\/example\/Feature\/sample.feature:12\nExampleProjects\/appian-selenium-api-example-java\/src\/main\/java\/com\/appiancorp\/example\/Feature\/sample.feature:13\n"},{"result":{"nanos":0,"errorMessage":">> ExampleProjects\/appian-selenium-api-example-java\/src\/main\/java\/com\/appiancorp\/example\/Feature\/sample.feature:22\n>> karate-config.js failed\n>> TypeError: invokeMember (configure) on com.intuit.karate.core.ScenarioBridge failed due to: Arity error - expected: 2 actual: 1\njs failed:\n>>>>\n01: function() {\n02:     karate.configure('classpath:karate-config.js');\n03:     return {\n04:         \/\/ Other configurations...\n05:         packages: ['com.appiancorp.ps.automatedtest.fixture']\n06:     };\n07: }\n<<<<\norg.graalvm.polyglot.PolyglotException: TypeError: invokeMember (configure) on com.intuit.karate.core.ScenarioBridge failed due to: Arity error - expected: 2 actual: 1\n- <js>.:anonymous(Unnamed:2)\n\nExampleProjects\/appian-selenium-api-example-java\/src\/main\/java\/com\/appiancorp\/example\/Feature\/sample.feature:5\nExampleProjects\/appian-selenium-api-example-java\/src\/main\/java\/com\/appiancorp\/example\/Feature\/sample.feature:6\nExampleProjects\/appian-selenium-api-example-java\/src\/main\/java\/com\/appiancorp\/example\/Feature\/sample.feature:7\nExampleProjects\/appian-selenium-api-example-java\/src\/main\/java\/com\/appiancorp\/example\/Feature\/sample.feature:9\nExampleProjects\/appian-selenium-api-example-java\/src\/main\/java\/com\/appiancorp\/example\/Feature\/sample.feature:10\nExampleProjects\/appian-selenium-api-example-java\/src\/main\/java\/com\/appiancorp\/example\/Feature\/sample.feature:11\nExampleProjects\/appian-selenium-api-example-java\/src\/main\/java\/com\/appiancorp\/example\/Feature\/sample.feature:12\nExampleProjects\/appian-selenium-api-example-java\/src\/main\/java\/com\/appiancorp\/example\/Feature\/sample.feature:13\nExampleProjects\/appian-selenium-api-example-java\/src\/main\/java\/com\/appiancorp\/example\/Feature\/sample.feature:14","millis":0.0,"status":"failed"},"step":{"line":14,"prefix":"*","index":8,"text":"def sleep = function(millis){ java.lang.Thread.sleep(millis) }"},"stepLog":"14:35:28.354 ExampleProjects\/appian-selenium-api-example-java\/src\/main\/java\/com\/appiancorp\/example\/Feature\/sample.feature:14\n* def sleep = function(millis){ java.lang.Thread.sleep(millis) }\n>> ExampleProjects\/appian-selenium-api-example-java\/src\/main\/java\/com\/appiancorp\/example\/Feature\/sample.feature:22\n>> karate-config.js failed\n>> TypeError: invokeMember (configure) on com.intuit.karate.core.ScenarioBridge failed due to: Arity error - expected: 2 actual: 1\njs failed:\n>>>>\n01: function() {\n02:     karate.configure('classpath:karate-config.js');\n03:     return {\n04:         \/\/ Other configurations...\n05:         packages: ['com.appiancorp.ps.automatedtest.fixture']\n06:     };\n07: }\n<<<<\norg.graalvm.polyglot.PolyglotException: TypeError: invokeMember (configure) on com.intuit.karate.core.ScenarioBridge failed due to: Arity error - expected: 2 actual: 1\n- <js>.:anonymous(Unnamed:2)\n\nExampleProjects\/appian-selenium-api-example-java\/src\/main\/java\/com\/appiancorp\/example\/Feature\/sample.feature:5\nExampleProjects\/appian-selenium-api-example-java\/src\/main\/java\/com\/appiancorp\/example\/Feature\/sample.feature:6\nExampleProjects\/appian-selenium-api-example-java\/src\/main\/java\/com\/appiancorp\/example\/Feature\/sample.feature:7\nExampleProjects\/appian-selenium-api-example-java\/src\/main\/java\/com\/appiancorp\/example\/Feature\/sample.feature:9\nExampleProjects\/appian-selenium-api-example-java\/src\/main\/java\/com\/appiancorp\/example\/Feature\/sample.feature:10\nExampleProjects\/appian-selenium-api-example-java\/src\/main\/java\/com\/appiancorp\/example\/Feature\/sample.feature:11\nExampleProjects\/appian-selenium-api-example-java\/src\/main\/java\/com\/appiancorp\/example\/Feature\/sample.feature:12\nExampleProjects\/appian-selenium-api-example-java\/src\/main\/java\/com\/appiancorp\/example\/Feature\/sample.feature:13\nExampleProjects\/appian-selenium-api-example-java\/src\/main\/java\/com\/appiancorp\/example\/Feature\/sample.feature:14\n"},{"result":{"nanos":0,"errorMessage":">> ExampleProjects\/appian-selenium-api-example-java\/src\/main\/java\/com\/appiancorp\/example\/Feature\/sample.feature:22\n>> karate-config.js failed\n>> TypeError: invokeMember (configure) on com.intuit.karate.core.ScenarioBridge failed due to: Arity error - expected: 2 actual: 1\njs failed:\n>>>>\n01: function() {\n02:     karate.configure('classpath:karate-config.js');\n03:     return {\n04:         \/\/ Other configurations...\n05:         packages: ['com.appiancorp.ps.automatedtest.fixture']\n06:     };\n07: }\n<<<<\norg.graalvm.polyglot.PolyglotException: TypeError: invokeMember (configure) on com.intuit.karate.core.ScenarioBridge failed due to: Arity error - expected: 2 actual: 1\n- <js>.:anonymous(Unnamed:2)\n\nExampleProjects\/appian-selenium-api-example-java\/src\/main\/java\/com\/appiancorp\/example\/Feature\/sample.feature:5\nExampleProjects\/appian-selenium-api-example-java\/src\/main\/java\/com\/appiancorp\/example\/Feature\/sample.feature:6\nExampleProjects\/appian-selenium-api-example-java\/src\/main\/java\/com\/appiancorp\/example\/Feature\/sample.feature:7\nExampleProjects\/appian-selenium-api-example-java\/src\/main\/java\/com\/appiancorp\/example\/Feature\/sample.feature:9\nExampleProjects\/appian-selenium-api-example-java\/src\/main\/java\/com\/appiancorp\/example\/Feature\/sample.feature:10\nExampleProjects\/appian-selenium-api-example-java\/src\/main\/java\/com\/appiancorp\/example\/Feature\/sample.feature:11\nExampleProjects\/appian-selenium-api-example-java\/src\/main\/java\/com\/appiancorp\/example\/Feature\/sample.feature:12\nExampleProjects\/appian-selenium-api-example-java\/src\/main\/java\/com\/appiancorp\/example\/Feature\/sample.feature:13\nExampleProjects\/appian-selenium-api-example-java\/src\/main\/java\/com\/appiancorp\/example\/Feature\/sample.feature:14\nExampleProjects\/appian-selenium-api-example-java\/src\/main\/java\/com\/appiancorp\/example\/Feature\/sample.feature:15","millis":0.0,"status":"failed"},"step":{"line":15,"prefix":"*","index":9,"text":"sleep(2000)"},"stepLog":"14:35:28.354 ExampleProjects\/appian-selenium-api-example-java\/src\/main\/java\/com\/appiancorp\/example\/Feature\/sample.feature:15\n* sleep(2000)\n>> ExampleProjects\/appian-selenium-api-example-java\/src\/main\/java\/com\/appiancorp\/example\/Feature\/sample.feature:22\n>> karate-config.js failed\n>> TypeError: invokeMember (configure) on com.intuit.karate.core.ScenarioBridge failed due to: Arity error - expected: 2 actual: 1\njs failed:\n>>>>\n01: function() {\n02:     karate.configure('classpath:karate-config.js');\n03:     return {\n04:         \/\/ Other configurations...\n05:         packages: ['com.appiancorp.ps.automatedtest.fixture']\n06:     };\n07: }\n<<<<\norg.graalvm.polyglot.PolyglotException: TypeError: invokeMember (configure) on com.intuit.karate.core.ScenarioBridge failed due to: Arity error - expected: 2 actual: 1\n- <js>.:anonymous(Unnamed:2)\n\nExampleProjects\/appian-selenium-api-example-java\/src\/main\/java\/com\/appiancorp\/example\/Feature\/sample.feature:5\nExampleProjects\/appian-selenium-api-example-java\/src\/main\/java\/com\/appiancorp\/example\/Feature\/sample.feature:6\nExampleProjects\/appian-selenium-api-example-java\/src\/main\/java\/com\/appiancorp\/example\/Feature\/sample.feature:7\nExampleProjects\/appian-selenium-api-example-java\/src\/main\/java\/com\/appiancorp\/example\/Feature\/sample.feature:9\nExampleProjects\/appian-selenium-api-example-java\/src\/main\/java\/com\/appiancorp\/example\/Feature\/sample.feature:10\nExampleProjects\/appian-selenium-api-example-java\/src\/main\/java\/com\/appiancorp\/example\/Feature\/sample.feature:11\nExampleProjects\/appian-selenium-api-example-java\/src\/main\/java\/com\/appiancorp\/example\/Feature\/sample.feature:12\nExampleProjects\/appian-selenium-api-example-java\/src\/main\/java\/com\/appiancorp\/example\/Feature\/sample.feature:13\nExampleProjects\/appian-selenium-api-example-java\/src\/main\/java\/com\/appiancorp\/example\/Feature\/sample.feature:14\nExampleProjects\/appian-selenium-api-example-java\/src\/main\/java\/com\/appiancorp\/example\/Feature\/sample.feature:15\n"},{"result":{"nanos":0,"errorMessage":">> ExampleProjects\/appian-selenium-api-example-java\/src\/main\/java\/com\/appiancorp\/example\/Feature\/sample.feature:22\n>> karate-config.js failed\n>> TypeError: invokeMember (configure) on com.intuit.karate.core.ScenarioBridge failed due to: Arity error - expected: 2 actual: 1\njs failed:\n>>>>\n01: function() {\n02:     karate.configure('classpath:karate-config.js');\n03:     return {\n04:         \/\/ Other configurations...\n05:         packages: ['com.appiancorp.ps.automatedtest.fixture']\n06:     };\n07: }\n<<<<\norg.graalvm.polyglot.PolyglotException: TypeError: invokeMember (configure) on com.intuit.karate.core.ScenarioBridge failed due to: Arity error - expected: 2 actual: 1\n- <js>.:anonymous(Unnamed:2)\n\nExampleProjects\/appian-selenium-api-example-java\/src\/main\/java\/com\/appiancorp\/example\/Feature\/sample.feature:5\nExampleProjects\/appian-selenium-api-example-java\/src\/main\/java\/com\/appiancorp\/example\/Feature\/sample.feature:6\nExampleProjects\/appian-selenium-api-example-java\/src\/main\/java\/com\/appiancorp\/example\/Feature\/sample.feature:7\nExampleProjects\/appian-selenium-api-example-java\/src\/main\/java\/com\/appiancorp\/example\/Feature\/sample.feature:9\nExampleProjects\/appian-selenium-api-example-java\/src\/main\/java\/com\/appiancorp\/example\/Feature\/sample.feature:10\nExampleProjects\/appian-selenium-api-example-java\/src\/main\/java\/com\/appiancorp\/example\/Feature\/sample.feature:11\nExampleProjects\/appian-selenium-api-example-java\/src\/main\/java\/com\/appiancorp\/example\/Feature\/sample.feature:12\nExampleProjects\/appian-selenium-api-example-java\/src\/main\/java\/com\/appiancorp\/example\/Feature\/sample.feature:13\nExampleProjects\/appian-selenium-api-example-java\/src\/main\/java\/com\/appiancorp\/example\/Feature\/sample.feature:14\nExampleProjects\/appian-selenium-api-example-java\/src\/main\/java\/com\/appiancorp\/example\/Feature\/sample.feature:15\nExampleProjects\/appian-selenium-api-example-java\/src\/main\/java\/com\/appiancorp\/example\/Feature\/sample.feature:16","millis":0.0,"status":"failed"},"step":{"line":16,"prefix":"And","index":10,"text":"mouse(signIn).click()"},"stepLog":"14:35:28.354 ExampleProjects\/appian-selenium-api-example-java\/src\/main\/java\/com\/appiancorp\/example\/Feature\/sample.feature:16\nAnd mouse(signIn).click()\n>> ExampleProjects\/appian-selenium-api-example-java\/src\/main\/java\/com\/appiancorp\/example\/Feature\/sample.feature:22\n>> karate-config.js failed\n>> TypeError: invokeMember (configure) on com.intuit.karate.core.ScenarioBridge failed due to: Arity error - expected: 2 actual: 1\njs failed:\n>>>>\n01: function() {\n02:     karate.configure('classpath:karate-config.js');\n03:     return {\n04:         \/\/ Other configurations...\n05:         packages: ['com.appiancorp.ps.automatedtest.fixture']\n06:     };\n07: }\n<<<<\norg.graalvm.polyglot.PolyglotException: TypeError: invokeMember (configure) on com.intuit.karate.core.ScenarioBridge failed due to: Arity error - expected: 2 actual: 1\n- <js>.:anonymous(Unnamed:2)\n\nExampleProjects\/appian-selenium-api-example-java\/src\/main\/java\/com\/appiancorp\/example\/Feature\/sample.feature:5\nExampleProjects\/appian-selenium-api-example-java\/src\/main\/java\/com\/appiancorp\/example\/Feature\/sample.feature:6\nExampleProjects\/appian-selenium-api-example-java\/src\/main\/java\/com\/appiancorp\/example\/Feature\/sample.feature:7\nExampleProjects\/appian-selenium-api-example-java\/src\/main\/java\/com\/appiancorp\/example\/Feature\/sample.feature:9\nExampleProjects\/appian-selenium-api-example-java\/src\/main\/java\/com\/appiancorp\/example\/Feature\/sample.feature:10\nExampleProjects\/appian-selenium-api-example-java\/src\/main\/java\/com\/appiancorp\/example\/Feature\/sample.feature:11\nExampleProjects\/appian-selenium-api-example-java\/src\/main\/java\/com\/appiancorp\/example\/Feature\/sample.feature:12\nExampleProjects\/appian-selenium-api-example-java\/src\/main\/java\/com\/appiancorp\/example\/Feature\/sample.feature:13\nExampleProjects\/appian-selenium-api-example-java\/src\/main\/java\/com\/appiancorp\/example\/Feature\/sample.feature:14\nExampleProjects\/appian-selenium-api-example-java\/src\/main\/java\/com\/appiancorp\/example\/Feature\/sample.feature:15\nExampleProjects\/appian-selenium-api-example-java\/src\/main\/java\/com\/appiancorp\/example\/Feature\/sample.feature:16\n"},{"result":{"nanos":0,"errorMessage":">> ExampleProjects\/appian-selenium-api-example-java\/src\/main\/java\/com\/appiancorp\/example\/Feature\/sample.feature:22\n>> karate-config.js failed\n>> TypeError: invokeMember (configure) on com.intuit.karate.core.ScenarioBridge failed due to: Arity error - expected: 2 actual: 1\njs failed:\n>>>>\n01: function() {\n02:     karate.configure('classpath:karate-config.js');\n03:     return {\n04:         \/\/ Other configurations...\n05:         packages: ['com.appiancorp.ps.automatedtest.fixture']\n06:     };\n07: }\n<<<<\norg.graalvm.polyglot.PolyglotException: TypeError: invokeMember (configure) on com.intuit.karate.core.ScenarioBridge failed due to: Arity error - expected: 2 actual: 1\n- <js>.:anonymous(Unnamed:2)\n\nExampleProjects\/appian-selenium-api-example-java\/src\/main\/java\/com\/appiancorp\/example\/Feature\/sample.feature:5\nExampleProjects\/appian-selenium-api-example-java\/src\/main\/java\/com\/appiancorp\/example\/Feature\/sample.feature:6\nExampleProjects\/appian-selenium-api-example-java\/src\/main\/java\/com\/appiancorp\/example\/Feature\/sample.feature:7\nExampleProjects\/appian-selenium-api-example-java\/src\/main\/java\/com\/appiancorp\/example\/Feature\/sample.feature:9\nExampleProjects\/appian-selenium-api-example-java\/src\/main\/java\/com\/appiancorp\/example\/Feature\/sample.feature:10\nExampleProjects\/appian-selenium-api-example-java\/src\/main\/java\/com\/appiancorp\/example\/Feature\/sample.feature:11\nExampleProjects\/appian-selenium-api-example-java\/src\/main\/java\/com\/appiancorp\/example\/Feature\/sample.feature:12\nExampleProjects\/appian-selenium-api-example-java\/src\/main\/java\/com\/appiancorp\/example\/Feature\/sample.feature:13\nExampleProjects\/appian-selenium-api-example-java\/src\/main\/java\/com\/appiancorp\/example\/Feature\/sample.feature:14\nExampleProjects\/appian-selenium-api-example-java\/src\/main\/java\/com\/appiancorp\/example\/Feature\/sample.feature:15\nExampleProjects\/appian-selenium-api-example-java\/src\/main\/java\/com\/appiancorp\/example\/Feature\/sample.feature:16\nExampleProjects\/appian-selenium-api-example-java\/src\/main\/java\/com\/appiancorp\/example\/Feature\/sample.feature:17","millis":0.0,"status":"failed"},"step":{"line":17,"prefix":"*","index":11,"text":"sleep(4000)"},"stepLog":"14:35:28.355 ExampleProjects\/appian-selenium-api-example-java\/src\/main\/java\/com\/appiancorp\/example\/Feature\/sample.feature:17\n* sleep(4000)\n>> ExampleProjects\/appian-selenium-api-example-java\/src\/main\/java\/com\/appiancorp\/example\/Feature\/sample.feature:22\n>> karate-config.js failed\n>> TypeError: invokeMember (configure) on com.intuit.karate.core.ScenarioBridge failed due to: Arity error - expected: 2 actual: 1\njs failed:\n>>>>\n01: function() {\n02:     karate.configure('classpath:karate-config.js');\n03:     return {\n04:         \/\/ Other configurations...\n05:         packages: ['com.appiancorp.ps.automatedtest.fixture']\n06:     };\n07: }\n<<<<\norg.graalvm.polyglot.PolyglotException: TypeError: invokeMember (configure) on com.intuit.karate.core.ScenarioBridge failed due to: Arity error - expected: 2 actual: 1\n- <js>.:anonymous(Unnamed:2)\n\nExampleProjects\/appian-selenium-api-example-java\/src\/main\/java\/com\/appiancorp\/example\/Feature\/sample.feature:5\nExampleProjects\/appian-selenium-api-example-java\/src\/main\/java\/com\/appiancorp\/example\/Feature\/sample.feature:6\nExampleProjects\/appian-selenium-api-example-java\/src\/main\/java\/com\/appiancorp\/example\/Feature\/sample.feature:7\nExampleProjects\/appian-selenium-api-example-java\/src\/main\/java\/com\/appiancorp\/example\/Feature\/sample.feature:9\nExampleProjects\/appian-selenium-api-example-java\/src\/main\/java\/com\/appiancorp\/example\/Feature\/sample.feature:10\nExampleProjects\/appian-selenium-api-example-java\/src\/main\/java\/com\/appiancorp\/example\/Feature\/sample.feature:11\nExampleProjects\/appian-selenium-api-example-java\/src\/main\/java\/com\/appiancorp\/example\/Feature\/sample.feature:12\nExampleProjects\/appian-selenium-api-example-java\/src\/main\/java\/com\/appiancorp\/example\/Feature\/sample.feature:13\nExampleProjects\/appian-selenium-api-example-java\/src\/main\/java\/com\/appiancorp\/example\/Feature\/sample.feature:14\nExampleProjects\/appian-selenium-api-example-java\/src\/main\/java\/com\/appiancorp\/example\/Feature\/sample.feature:15\nExampleProjects\/appian-selenium-api-example-java\/src\/main\/java\/com\/appiancorp\/example\/Feature\/sample.feature:16\nExampleProjects\/appian-selenium-api-example-java\/src\/main\/java\/com\/appiancorp\/example\/Feature\/sample.feature:17\n"},{"result":{"nanos":0,"errorMessage":">> ExampleProjects\/appian-selenium-api-example-java\/src\/main\/java\/com\/appiancorp\/example\/Feature\/sample.feature:22\n>> karate-config.js failed\n>> TypeError: invokeMember (configure) on com.intuit.karate.core.ScenarioBridge failed due to: Arity error - expected: 2 actual: 1\njs failed:\n>>>>\n01: function() {\n02:     karate.configure('classpath:karate-config.js');\n03:     return {\n04:         \/\/ Other configurations...\n05:         packages: ['com.appiancorp.ps.automatedtest.fixture']\n06:     };\n07: }\n<<<<\norg.graalvm.polyglot.PolyglotException: TypeError: invokeMember (configure) on com.intuit.karate.core.ScenarioBridge failed due to: Arity error - expected: 2 actual: 1\n- <js>.:anonymous(Unnamed:2)\n\nExampleProjects\/appian-selenium-api-example-java\/src\/main\/java\/com\/appiancorp\/example\/Feature\/sample.feature:5\nExampleProjects\/appian-selenium-api-example-java\/src\/main\/java\/com\/appiancorp\/example\/Feature\/sample.feature:6\nExampleProjects\/appian-selenium-api-example-java\/src\/main\/java\/com\/appiancorp\/example\/Feature\/sample.feature:7\nExampleProjects\/appian-selenium-api-example-java\/src\/main\/java\/com\/appiancorp\/example\/Feature\/sample.feature:9\nExampleProjects\/appian-selenium-api-example-java\/src\/main\/java\/com\/appiancorp\/example\/Feature\/sample.feature:10\nExampleProjects\/appian-selenium-api-example-java\/src\/main\/java\/com\/appiancorp\/example\/Feature\/sample.feature:11\nExampleProjects\/appian-selenium-api-example-java\/src\/main\/java\/com\/appiancorp\/example\/Feature\/sample.feature:12\nExampleProjects\/appian-selenium-api-example-java\/src\/main\/java\/com\/appiancorp\/example\/Feature\/sample.feature:13\nExampleProjects\/appian-selenium-api-example-java\/src\/main\/java\/com\/appiancorp\/example\/Feature\/sample.feature:14\nExampleProjects\/appian-selenium-api-example-java\/src\/main\/java\/com\/appiancorp\/example\/Feature\/sample.feature:15\nExampleProjects\/appian-selenium-api-example-java\/src\/main\/java\/com\/appiancorp\/example\/Feature\/sample.feature:16\nExampleProjects\/appian-selenium-api-example-java\/src\/main\/java\/com\/appiancorp\/example\/Feature\/sample.feature:17\nExampleProjects\/appian-selenium-api-example-java\/src\/main\/java\/com\/appiancorp\/example\/Feature\/sample.feature:18","millis":0.0,"status":"failed"},"step":{"line":18,"prefix":"Given","index":12,"text":"call com.appiancorp.ps.automatedtest.fixture.SitesFixture.clickOnSitePage(\"Exporter\")"},"stepLog":"14:35:28.355 ExampleProjects\/appian-selenium-api-example-java\/src\/main\/java\/com\/appiancorp\/example\/Feature\/sample.feature:18\nGiven call com.appiancorp.ps.automatedtest.fixture.SitesFixture.clickOnSitePage(\"Exporter\")\n>> ExampleProjects\/appian-selenium-api-example-java\/src\/main\/java\/com\/appiancorp\/example\/Feature\/sample.feature:22\n>> karate-config.js failed\n>> TypeError: invokeMember (configure) on com.intuit.karate.core.ScenarioBridge failed due to: Arity error - expected: 2 actual: 1\njs failed:\n>>>>\n01: function() {\n02:     karate.configure('classpath:karate-config.js');\n03:     return {\n04:         \/\/ Other configurations...\n05:         packages: ['com.appiancorp.ps.automatedtest.fixture']\n06:     };\n07: }\n<<<<\norg.graalvm.polyglot.PolyglotException: TypeError: invokeMember (configure) on com.intuit.karate.core.ScenarioBridge failed due to: Arity error - expected: 2 actual: 1\n- <js>.:anonymous(Unnamed:2)\n\nExampleProjects\/appian-selenium-api-example-java\/src\/main\/java\/com\/appiancorp\/example\/Feature\/sample.feature:5\nExampleProjects\/appian-selenium-api-example-java\/src\/main\/java\/com\/appiancorp\/example\/Feature\/sample.feature:6\nExampleProjects\/appian-selenium-api-example-java\/src\/main\/java\/com\/appiancorp\/example\/Feature\/sample.feature:7\nExampleProjects\/appian-selenium-api-example-java\/src\/main\/java\/com\/appiancorp\/example\/Feature\/sample.feature:9\nExampleProjects\/appian-selenium-api-example-java\/src\/main\/java\/com\/appiancorp\/example\/Feature\/sample.feature:10\nExampleProjects\/appian-selenium-api-example-java\/src\/main\/java\/com\/appiancorp\/example\/Feature\/sample.feature:11\nExampleProjects\/appian-selenium-api-example-java\/src\/main\/java\/com\/appiancorp\/example\/Feature\/sample.feature:12\nExampleProjects\/appian-selenium-api-example-java\/src\/main\/java\/com\/appiancorp\/example\/Feature\/sample.feature:13\nExampleProjects\/appian-selenium-api-example-java\/src\/main\/java\/com\/appiancorp\/example\/Feature\/sample.feature:14\nExampleProjects\/appian-selenium-api-example-java\/src\/main\/java\/com\/appiancorp\/example\/Feature\/sample.feature:15\nExampleProjects\/appian-selenium-api-example-java\/src\/main\/java\/com\/appiancorp\/example\/Feature\/sample.feature:16\nExampleProjects\/appian-selenium-api-example-java\/src\/main\/java\/com\/appiancorp\/example\/Feature\/sample.feature:17\nExampleProjects\/appian-selenium-api-example-java\/src\/main\/java\/com\/appiancorp\/example\/Feature\/sample.feature:18\n"}],"line":22,"description":"","durationMillis":0.0,"failed":true,"error":">> ExampleProjects\/appian-selenium-api-example-java\/src\/main\/java\/com\/appiancorp\/example\/Feature\/sample.feature:22\n>> karate-config.js failed\n>> TypeError: invokeMember (configure) on com.intuit.karate.core.ScenarioBridge failed due to: Arity error - expected: 2 actual: 1\njs failed:\n>>>>\n01: function() {\n02:     karate.configure('classpath:karate-config.js');\n03:     return {\n04:         \/\/ Other configurations...\n05:         packages: ['com.appiancorp.ps.automatedtest.fixture']\n06:     };\n07: }\n<<<<\norg.graalvm.polyglot.PolyglotException: TypeError: invokeMember (configure) on com.intuit.karate.core.ScenarioBridge failed due to: Arity error - expected: 2 actual: 1\n- <js>.:anonymous(Unnamed:2)\n\nExampleProjects\/appian-selenium-api-example-java\/src\/main\/java\/com\/appiancorp\/example\/Feature\/sample.feature:5\nExampleProjects\/appian-selenium-api-example-java\/src\/main\/java\/com\/appiancorp\/example\/Feature\/sample.feature:6\nExampleProjects\/appian-selenium-api-example-java\/src\/main\/java\/com\/appiancorp\/example\/Feature\/sample.feature:7\nExampleProjects\/appian-selenium-api-example-java\/src\/main\/java\/com\/appiancorp\/example\/Feature\/sample.feature:9\nExampleProjects\/appian-selenium-api-example-java\/src\/main\/java\/com\/appiancorp\/example\/Feature\/sample.feature:10\nExampleProjects\/appian-selenium-api-example-java\/src\/main\/java\/com\/appiancorp\/example\/Feature\/sample.feature:11\nExampleProjects\/appian-selenium-api-example-java\/src\/main\/java\/com\/appiancorp\/example\/Feature\/sample.feature:12\nExampleProjects\/appian-selenium-api-example-java\/src\/main\/java\/com\/appiancorp\/example\/Feature\/sample.feature:13\nExampleProjects\/appian-selenium-api-example-java\/src\/main\/java\/com\/appiancorp\/example\/Feature\/sample.feature:14\nExampleProjects\/appian-selenium-api-example-java\/src\/main\/java\/com\/appiancorp\/example\/Feature\/sample.feature:15\nExampleProjects\/appian-selenium-api-example-java\/src\/main\/java\/com\/appiancorp\/example\/Feature\/sample.feature:16\nExampleProjects\/appian-selenium-api-example-java\/src\/main\/java\/com\/appiancorp\/example\/Feature\/sample.feature:17\nExampleProjects\/appian-selenium-api-example-java\/src\/main\/java\/com\/appiancorp\/example\/Feature\/sample.feature:18","tags":["login"],"executorName":"main","name":"user able to login","startTime":1690448728148,"refId":"[1.1:22]","endTime":1690448728355,"exampleData":{"username":"kiran123","password":"Pass@123"},"exampleIndex":0}],"callDepth":0,"name":"Login functionality","description":"","resultDate":"2023-07-27 02:35:28 pm","durationMillis":0.0,"passedCount":0}