{"failedCount":1,"prefixedPath":"ExampleProjects\/appian-selenium-api-example-java\/src\/main\/java\/Test\/Feature\/seleniumWebDriver.feature","packageQualifiedName":"ExampleProjects.appian-selenium-api-example-java.src.main.java.Test.Feature.seleniumWebDriver","loopIndex":-1,"relativePath":"ExampleProjects\/appian-selenium-api-example-java\/src\/main\/java\/Test\/Feature\/seleniumWebDriver.feature","scenarioResults":[{"sectionIndex":0,"stepResults":[{"result":{"nanos":0,"errorMessage":">> ExampleProjects\/appian-selenium-api-example-java\/src\/main\/java\/Test\/Feature\/seleniumWebDriver.feature:9\n>> karate-config.js failed\n>> TypeError: invokeMember (configure) on com.intuit.karate.core.ScenarioBridge failed due to: Arity error - expected: 2 actual: 1\njs failed:\n>>>>\n01: function configure() {\n02:     karate.configure('classpath:src\/main\/java\/Test\/Feature\/seleniumWebDriver.feature');\n03:     return {\n04:         \/\/ Other configurations...\n05:         packages: ['karate.seleniumApi.SeleniumHelper']\n06:     };\n07: }\n<<<<\norg.graalvm.polyglot.PolyglotException: TypeError: invokeMember (configure) on com.intuit.karate.core.ScenarioBridge failed due to: Arity error - expected: 2 actual: 1\n- <js>.configure(Unnamed:2)\n\nExampleProjects\/appian-selenium-api-example-java\/src\/main\/java\/Test\/Feature\/seleniumWebDriver.feature:4","millis":0.0,"status":"failed"},"step":{"background":true,"line":4,"prefix":"*","index":0,"text":"configure driver = ('driver', { type: 'chrome', addOptions: ['--disable-save-password-bubble'] });"}},{"result":{"nanos":0,"errorMessage":">> ExampleProjects\/appian-selenium-api-example-java\/src\/main\/java\/Test\/Feature\/seleniumWebDriver.feature:9\n>> karate-config.js failed\n>> TypeError: invokeMember (configure) on com.intuit.karate.core.ScenarioBridge failed due to: Arity error - expected: 2 actual: 1\njs failed:\n>>>>\n01: function configure() {\n02:     karate.configure('classpath:src\/main\/java\/Test\/Feature\/seleniumWebDriver.feature');\n03:     return {\n04:         \/\/ Other configurations...\n05:         packages: ['karate.seleniumApi.SeleniumHelper']\n06:     };\n07: }\n<<<<\norg.graalvm.polyglot.PolyglotException: TypeError: invokeMember (configure) on com.intuit.karate.core.ScenarioBridge failed due to: Arity error - expected: 2 actual: 1\n- <js>.configure(Unnamed:2)\n\nExampleProjects\/appian-selenium-api-example-java\/src\/main\/java\/Test\/Feature\/seleniumWebDriver.feature:4\nExampleProjects\/appian-selenium-api-example-java\/src\/main\/java\/Test\/Feature\/seleniumWebDriver.feature:5","millis":0.0,"status":"failed"},"step":{"background":true,"line":5,"prefix":"*","index":1,"text":"def MySeleniumTest =  Java.type(\"seleniumApi.SeleniumHelper\")"}},{"result":{"nanos":0,"errorMessage":">> ExampleProjects\/appian-selenium-api-example-java\/src\/main\/java\/Test\/Feature\/seleniumWebDriver.feature:9\n>> karate-config.js failed\n>> TypeError: invokeMember (configure) on com.intuit.karate.core.ScenarioBridge failed due to: Arity error - expected: 2 actual: 1\njs failed:\n>>>>\n01: function configure() {\n02:     karate.configure('classpath:src\/main\/java\/Test\/Feature\/seleniumWebDriver.feature');\n03:     return {\n04:         \/\/ Other configurations...\n05:         packages: ['karate.seleniumApi.SeleniumHelper']\n06:     };\n07: }\n<<<<\norg.graalvm.polyglot.PolyglotException: TypeError: invokeMember (configure) on com.intuit.karate.core.ScenarioBridge failed due to: Arity error - expected: 2 actual: 1\n- <js>.configure(Unnamed:2)\n\nExampleProjects\/appian-selenium-api-example-java\/src\/main\/java\/Test\/Feature\/seleniumWebDriver.feature:4\nExampleProjects\/appian-selenium-api-example-java\/src\/main\/java\/Test\/Feature\/seleniumWebDriver.feature:5\nExampleProjects\/appian-selenium-api-example-java\/src\/main\/java\/Test\/Feature\/seleniumWebDriver.feature:6","millis":0.0,"status":"failed"},"step":{"background":true,"line":6,"prefix":"*","index":2,"text":"def fixture = new MySeleniumTest()"}},{"result":{"nanos":0,"errorMessage":">> ExampleProjects\/appian-selenium-api-example-java\/src\/main\/java\/Test\/Feature\/seleniumWebDriver.feature:9\n>> karate-config.js failed\n>> TypeError: invokeMember (configure) on com.intuit.karate.core.ScenarioBridge failed due to: Arity error - expected: 2 actual: 1\njs failed:\n>>>>\n01: function configure() {\n02:     karate.configure('classpath:src\/main\/java\/Test\/Feature\/seleniumWebDriver.feature');\n03:     return {\n04:         \/\/ Other configurations...\n05:         packages: ['karate.seleniumApi.SeleniumHelper']\n06:     };\n07: }\n<<<<\norg.graalvm.polyglot.PolyglotException: TypeError: invokeMember (configure) on com.intuit.karate.core.ScenarioBridge failed due to: Arity error - expected: 2 actual: 1\n- <js>.configure(Unnamed:2)\n\nExampleProjects\/appian-selenium-api-example-java\/src\/main\/java\/Test\/Feature\/seleniumWebDriver.feature:4\nExampleProjects\/appian-selenium-api-example-java\/src\/main\/java\/Test\/Feature\/seleniumWebDriver.feature:5\nExampleProjects\/appian-selenium-api-example-java\/src\/main\/java\/Test\/Feature\/seleniumWebDriver.feature:6\nExampleProjects\/appian-selenium-api-example-java\/src\/main\/java\/Test\/Feature\/seleniumWebDriver.feature:7","millis":0.0,"status":"failed"},"step":{"background":true,"line":7,"prefix":"*","index":3,"text":"call fixture.setup()"}},{"result":{"nanos":0,"errorMessage":">> ExampleProjects\/appian-selenium-api-example-java\/src\/main\/java\/Test\/Feature\/seleniumWebDriver.feature:9\n>> karate-config.js failed\n>> TypeError: invokeMember (configure) on com.intuit.karate.core.ScenarioBridge failed due to: Arity error - expected: 2 actual: 1\njs failed:\n>>>>\n01: function configure() {\n02:     karate.configure('classpath:src\/main\/java\/Test\/Feature\/seleniumWebDriver.feature');\n03:     return {\n04:         \/\/ Other configurations...\n05:         packages: ['karate.seleniumApi.SeleniumHelper']\n06:     };\n07: }\n<<<<\norg.graalvm.polyglot.PolyglotException: TypeError: invokeMember (configure) on com.intuit.karate.core.ScenarioBridge failed due to: Arity error - expected: 2 actual: 1\n- <js>.configure(Unnamed:2)\n\nExampleProjects\/appian-selenium-api-example-java\/src\/main\/java\/Test\/Feature\/seleniumWebDriver.feature:4\nExampleProjects\/appian-selenium-api-example-java\/src\/main\/java\/Test\/Feature\/seleniumWebDriver.feature:5\nExampleProjects\/appian-selenium-api-example-java\/src\/main\/java\/Test\/Feature\/seleniumWebDriver.feature:6\nExampleProjects\/appian-selenium-api-example-java\/src\/main\/java\/Test\/Feature\/seleniumWebDriver.feature:7\nExampleProjects\/appian-selenium-api-example-java\/src\/main\/java\/Test\/Feature\/seleniumWebDriver.feature:10","millis":0.0,"status":"failed"},"step":{"line":10,"prefix":"And","index":0,"text":"call fixture.navigateTo('https:\/\/yexledemo.appiancloud.com\/suite\/sites\/automation-cases')"}},{"result":{"nanos":0,"errorMessage":">> ExampleProjects\/appian-selenium-api-example-java\/src\/main\/java\/Test\/Feature\/seleniumWebDriver.feature:9\n>> karate-config.js failed\n>> TypeError: invokeMember (configure) on com.intuit.karate.core.ScenarioBridge failed due to: Arity error - expected: 2 actual: 1\njs failed:\n>>>>\n01: function configure() {\n02:     karate.configure('classpath:src\/main\/java\/Test\/Feature\/seleniumWebDriver.feature');\n03:     return {\n04:         \/\/ Other configurations...\n05:         packages: ['karate.seleniumApi.SeleniumHelper']\n06:     };\n07: }\n<<<<\norg.graalvm.polyglot.PolyglotException: TypeError: invokeMember (configure) on com.intuit.karate.core.ScenarioBridge failed due to: Arity error - expected: 2 actual: 1\n- <js>.configure(Unnamed:2)\n\nExampleProjects\/appian-selenium-api-example-java\/src\/main\/java\/Test\/Feature\/seleniumWebDriver.feature:4\nExampleProjects\/appian-selenium-api-example-java\/src\/main\/java\/Test\/Feature\/seleniumWebDriver.feature:5\nExampleProjects\/appian-selenium-api-example-java\/src\/main\/java\/Test\/Feature\/seleniumWebDriver.feature:6\nExampleProjects\/appian-selenium-api-example-java\/src\/main\/java\/Test\/Feature\/seleniumWebDriver.feature:7\nExampleProjects\/appian-selenium-api-example-java\/src\/main\/java\/Test\/Feature\/seleniumWebDriver.feature:10\nExampleProjects\/appian-selenium-api-example-java\/src\/main\/java\/Test\/Feature\/seleniumWebDriver.feature:11","millis":0.0,"status":"failed"},"step":{"line":11,"prefix":"When","index":1,"text":"def pageTitle = call fixture.getTitle()"}},{"result":{"nanos":0,"errorMessage":">> ExampleProjects\/appian-selenium-api-example-java\/src\/main\/java\/Test\/Feature\/seleniumWebDriver.feature:9\n>> karate-config.js failed\n>> TypeError: invokeMember (configure) on com.intuit.karate.core.ScenarioBridge failed due to: Arity error - expected: 2 actual: 1\njs failed:\n>>>>\n01: function configure() {\n02:     karate.configure('classpath:src\/main\/java\/Test\/Feature\/seleniumWebDriver.feature');\n03:     return {\n04:         \/\/ Other configurations...\n05:         packages: ['karate.seleniumApi.SeleniumHelper']\n06:     };\n07: }\n<<<<\norg.graalvm.polyglot.PolyglotException: TypeError: invokeMember (configure) on com.intuit.karate.core.ScenarioBridge failed due to: Arity error - expected: 2 actual: 1\n- <js>.configure(Unnamed:2)\n\nExampleProjects\/appian-selenium-api-example-java\/src\/main\/java\/Test\/Feature\/seleniumWebDriver.feature:4\nExampleProjects\/appian-selenium-api-example-java\/src\/main\/java\/Test\/Feature\/seleniumWebDriver.feature:5\nExampleProjects\/appian-selenium-api-example-java\/src\/main\/java\/Test\/Feature\/seleniumWebDriver.feature:6\nExampleProjects\/appian-selenium-api-example-java\/src\/main\/java\/Test\/Feature\/seleniumWebDriver.feature:7\nExampleProjects\/appian-selenium-api-example-java\/src\/main\/java\/Test\/Feature\/seleniumWebDriver.feature:10\nExampleProjects\/appian-selenium-api-example-java\/src\/main\/java\/Test\/Feature\/seleniumWebDriver.feature:11\nExampleProjects\/appian-selenium-api-example-java\/src\/main\/java\/Test\/Feature\/seleniumWebDriver.feature:12","millis":0.0,"status":"failed"},"step":{"line":12,"prefix":"Then","index":2,"text":"match pageTitle == 'Example Domain'"}},{"result":{"nanos":0,"errorMessage":">> ExampleProjects\/appian-selenium-api-example-java\/src\/main\/java\/Test\/Feature\/seleniumWebDriver.feature:9\n>> karate-config.js failed\n>> TypeError: invokeMember (configure) on com.intuit.karate.core.ScenarioBridge failed due to: Arity error - expected: 2 actual: 1\njs failed:\n>>>>\n01: function configure() {\n02:     karate.configure('classpath:src\/main\/java\/Test\/Feature\/seleniumWebDriver.feature');\n03:     return {\n04:         \/\/ Other configurations...\n05:         packages: ['karate.seleniumApi.SeleniumHelper']\n06:     };\n07: }\n<<<<\norg.graalvm.polyglot.PolyglotException: TypeError: invokeMember (configure) on com.intuit.karate.core.ScenarioBridge failed due to: Arity error - expected: 2 actual: 1\n- <js>.configure(Unnamed:2)\n\nExampleProjects\/appian-selenium-api-example-java\/src\/main\/java\/Test\/Feature\/seleniumWebDriver.feature:4\nExampleProjects\/appian-selenium-api-example-java\/src\/main\/java\/Test\/Feature\/seleniumWebDriver.feature:5\nExampleProjects\/appian-selenium-api-example-java\/src\/main\/java\/Test\/Feature\/seleniumWebDriver.feature:6\nExampleProjects\/appian-selenium-api-example-java\/src\/main\/java\/Test\/Feature\/seleniumWebDriver.feature:7\nExampleProjects\/appian-selenium-api-example-java\/src\/main\/java\/Test\/Feature\/seleniumWebDriver.feature:10\nExampleProjects\/appian-selenium-api-example-java\/src\/main\/java\/Test\/Feature\/seleniumWebDriver.feature:11\nExampleProjects\/appian-selenium-api-example-java\/src\/main\/java\/Test\/Feature\/seleniumWebDriver.feature:12\nExampleProjects\/appian-selenium-api-example-java\/src\/main\/java\/Test\/Feature\/seleniumWebDriver.feature:13","millis":0.0,"status":"failed"},"step":{"line":13,"prefix":"*","index":3,"text":"call MySeleniumTest.tearDown()"}}],"line":9,"description":"","durationMillis":0.0,"failed":true,"error":">> ExampleProjects\/appian-selenium-api-example-java\/src\/main\/java\/Test\/Feature\/seleniumWebDriver.feature:9\n>> karate-config.js failed\n>> TypeError: invokeMember (configure) on com.intuit.karate.core.ScenarioBridge failed due to: Arity error - expected: 2 actual: 1\njs failed:\n>>>>\n01: function configure() {\n02:     karate.configure('classpath:src\/main\/java\/Test\/Feature\/seleniumWebDriver.feature');\n03:     return {\n04:         \/\/ Other configurations...\n05:         packages: ['karate.seleniumApi.SeleniumHelper']\n06:     };\n07: }\n<<<<\norg.graalvm.polyglot.PolyglotException: TypeError: invokeMember (configure) on com.intuit.karate.core.ScenarioBridge failed due to: Arity error - expected: 2 actual: 1\n- <js>.configure(Unnamed:2)\n\nExampleProjects\/appian-selenium-api-example-java\/src\/main\/java\/Test\/Feature\/seleniumWebDriver.feature:4\nExampleProjects\/appian-selenium-api-example-java\/src\/main\/java\/Test\/Feature\/seleniumWebDriver.feature:5\nExampleProjects\/appian-selenium-api-example-java\/src\/main\/java\/Test\/Feature\/seleniumWebDriver.feature:6\nExampleProjects\/appian-selenium-api-example-java\/src\/main\/java\/Test\/Feature\/seleniumWebDriver.feature:7\nExampleProjects\/appian-selenium-api-example-java\/src\/main\/java\/Test\/Feature\/seleniumWebDriver.feature:10\nExampleProjects\/appian-selenium-api-example-java\/src\/main\/java\/Test\/Feature\/seleniumWebDriver.feature:11\nExampleProjects\/appian-selenium-api-example-java\/src\/main\/java\/Test\/Feature\/seleniumWebDriver.feature:12\nExampleProjects\/appian-selenium-api-example-java\/src\/main\/java\/Test\/Feature\/seleniumWebDriver.feature:13","executorName":"main","name":"Verify the page title using Selenium","startTime":1690544500547,"refId":"[1:9]","endTime":1690544500748,"exampleIndex":-1}],"callDepth":0,"name":"call selenium WebDriver class","description":"","resultDate":"2023-07-28 05:11:40 pm","durationMillis":0.0,"passedCount":0}