{"failedCount":1,"prefixedPath":"ExampleProjects\/appian-selenium-api-example-java\/src\/main\/java\/com\/Feature\/seleniumWebDriver.feature","packageQualifiedName":"ExampleProjects.appian-selenium-api-example-java.src.main.java.com.Feature.seleniumWebDriver","loopIndex":-1,"relativePath":"ExampleProjects\/appian-selenium-api-example-java\/src\/main\/java\/com\/Feature\/seleniumWebDriver.feature","scenarioResults":[{"sectionIndex":0,"stepResults":[{"result":{"nanos":0,"errorMessage":">> ExampleProjects\/appian-selenium-api-example-java\/src\/main\/java\/com\/Feature\/seleniumWebDriver.feature:10\n>> karate-config.js failed\n>> js failed:\n>>>>\n01: (function karateConfig() {\n02:   return karate.callSingle(com.Feature.seleniumWebDriver.feature');\n03: })\n<<<<\norg.graalvm.polyglot.PolyglotException: SyntaxError: Unnamed:2:67 Missing close quote\r\n  return karate.callSingle(com.Feature.seleniumWebDriver.feature');\r\n                                                                   ^\n\n- org.graalvm.polyglot.Context.eval(Context.java:425)\n- com.intuit.karate.graal.JsEngine.evalForValue(JsEngine.java:169)\n- com.intuit.karate.graal.JsEngine.eval(JsEngine.java:165)\n- com.intuit.karate.core.ScenarioEngine.evalJs(ScenarioEngine.java:1199)\n- com.intuit.karate.core.ScenarioRuntime.evalConfigJs(ScenarioRuntime.java:296)\n- com.intuit.karate.core.ScenarioRuntime.beforeRun(ScenarioRuntime.java:371)\n- com.intuit.karate.core.ScenarioRuntime.run(ScenarioRuntime.java:390)\n\njs failed:\n>>>>\n01: function karateConfig() {\n02:   return karate.callSingle(com.Feature.seleniumWebDriver.feature');\n03: }\n<<<<\ncom.intuit.karate.KarateException: js failed:\n>>>>\n01: (function karateConfig() {\n02:   return karate.callSingle(com.Feature.seleniumWebDriver.feature');\n03: })\n<<<<\norg.graalvm.polyglot.PolyglotException: SyntaxError: Unnamed:2:67 Missing close quote\r\n  return karate.callSingle(com.Feature.seleniumWebDriver.feature');\r\n                                                                   ^\n\n- org.graalvm.polyglot.Context.eval(Context.java:425)\n- com.intuit.karate.graal.JsEngine.evalForValue(JsEngine.java:169)\n- com.intuit.karate.graal.JsEngine.eval(JsEngine.java:165)\n- com.intuit.karate.core.ScenarioEngine.evalJs(ScenarioEngine.java:1199)\n- com.intuit.karate.core.ScenarioRuntime.evalConfigJs(ScenarioRuntime.java:296)\n- com.intuit.karate.core.ScenarioRuntime.beforeRun(ScenarioRuntime.java:371)\n- com.intuit.karate.core.ScenarioRuntime.run(ScenarioRuntime.java:390)\n\n- com.intuit.karate.graal.JsEngine.fromJsEvalException(JsEngine.java:254)\n- com.intuit.karate.core.ScenarioEngine.evalJs(ScenarioEngine.java:1201)\n- com.intuit.karate.core.ScenarioRuntime.evalConfigJs(ScenarioRuntime.java:296)\n- com.intuit.karate.core.ScenarioRuntime.beforeRun(ScenarioRuntime.java:371)\n- com.intuit.karate.core.ScenarioRuntime.run(ScenarioRuntime.java:390)\n- com.intuit.karate.core.FeatureRuntime.processScenario(FeatureRuntime.java:199)\n- java.base\/java.util.stream.ReferencePipeline$2$1.accept(ReferencePipeline.java:179)\n\nExampleProjects\/appian-selenium-api-example-java\/src\/main\/java\/com\/Feature\/seleniumWebDriver.feature:5","millis":0.0,"status":"failed"},"step":{"comments":["# * configure driver = ('driver', { type: 'chrome', addOptions: ['--disable-save-password-bubble'] });"],"background":true,"line":5,"prefix":"*","index":0,"text":"def MySeleniumTest =  Java.type(\"com.karate.seleniumApi.SeleniumHelper\")"}},{"result":{"nanos":0,"errorMessage":">> ExampleProjects\/appian-selenium-api-example-java\/src\/main\/java\/com\/Feature\/seleniumWebDriver.feature:10\n>> karate-config.js failed\n>> js failed:\n>>>>\n01: (function karateConfig() {\n02:   return karate.callSingle(com.Feature.seleniumWebDriver.feature');\n03: })\n<<<<\norg.graalvm.polyglot.PolyglotException: SyntaxError: Unnamed:2:67 Missing close quote\r\n  return karate.callSingle(com.Feature.seleniumWebDriver.feature');\r\n                                                                   ^\n\n- org.graalvm.polyglot.Context.eval(Context.java:425)\n- com.intuit.karate.graal.JsEngine.evalForValue(JsEngine.java:169)\n- com.intuit.karate.graal.JsEngine.eval(JsEngine.java:165)\n- com.intuit.karate.core.ScenarioEngine.evalJs(ScenarioEngine.java:1199)\n- com.intuit.karate.core.ScenarioRuntime.evalConfigJs(ScenarioRuntime.java:296)\n- com.intuit.karate.core.ScenarioRuntime.beforeRun(ScenarioRuntime.java:371)\n- com.intuit.karate.core.ScenarioRuntime.run(ScenarioRuntime.java:390)\n\njs failed:\n>>>>\n01: function karateConfig() {\n02:   return karate.callSingle(com.Feature.seleniumWebDriver.feature');\n03: }\n<<<<\ncom.intuit.karate.KarateException: js failed:\n>>>>\n01: (function karateConfig() {\n02:   return karate.callSingle(com.Feature.seleniumWebDriver.feature');\n03: })\n<<<<\norg.graalvm.polyglot.PolyglotException: SyntaxError: Unnamed:2:67 Missing close quote\r\n  return karate.callSingle(com.Feature.seleniumWebDriver.feature');\r\n                                                                   ^\n\n- org.graalvm.polyglot.Context.eval(Context.java:425)\n- com.intuit.karate.graal.JsEngine.evalForValue(JsEngine.java:169)\n- com.intuit.karate.graal.JsEngine.eval(JsEngine.java:165)\n- com.intuit.karate.core.ScenarioEngine.evalJs(ScenarioEngine.java:1199)\n- com.intuit.karate.core.ScenarioRuntime.evalConfigJs(ScenarioRuntime.java:296)\n- com.intuit.karate.core.ScenarioRuntime.beforeRun(ScenarioRuntime.java:371)\n- com.intuit.karate.core.ScenarioRuntime.run(ScenarioRuntime.java:390)\n\n- com.intuit.karate.graal.JsEngine.fromJsEvalException(JsEngine.java:254)\n- com.intuit.karate.core.ScenarioEngine.evalJs(ScenarioEngine.java:1201)\n- com.intuit.karate.core.ScenarioRuntime.evalConfigJs(ScenarioRuntime.java:296)\n- com.intuit.karate.core.ScenarioRuntime.beforeRun(ScenarioRuntime.java:371)\n- com.intuit.karate.core.ScenarioRuntime.run(ScenarioRuntime.java:390)\n- com.intuit.karate.core.FeatureRuntime.processScenario(FeatureRuntime.java:199)\n- java.base\/java.util.stream.ReferencePipeline$2$1.accept(ReferencePipeline.java:179)\n\nExampleProjects\/appian-selenium-api-example-java\/src\/main\/java\/com\/Feature\/seleniumWebDriver.feature:5\nExampleProjects\/appian-selenium-api-example-java\/src\/main\/java\/com\/Feature\/seleniumWebDriver.feature:6","millis":0.0,"status":"failed"},"step":{"background":true,"line":6,"prefix":"*","index":1,"text":"call MySeleniumTest.setup()"}},{"result":{"nanos":0,"errorMessage":">> ExampleProjects\/appian-selenium-api-example-java\/src\/main\/java\/com\/Feature\/seleniumWebDriver.feature:10\n>> karate-config.js failed\n>> js failed:\n>>>>\n01: (function karateConfig() {\n02:   return karate.callSingle(com.Feature.seleniumWebDriver.feature');\n03: })\n<<<<\norg.graalvm.polyglot.PolyglotException: SyntaxError: Unnamed:2:67 Missing close quote\r\n  return karate.callSingle(com.Feature.seleniumWebDriver.feature');\r\n                                                                   ^\n\n- org.graalvm.polyglot.Context.eval(Context.java:425)\n- com.intuit.karate.graal.JsEngine.evalForValue(JsEngine.java:169)\n- com.intuit.karate.graal.JsEngine.eval(JsEngine.java:165)\n- com.intuit.karate.core.ScenarioEngine.evalJs(ScenarioEngine.java:1199)\n- com.intuit.karate.core.ScenarioRuntime.evalConfigJs(ScenarioRuntime.java:296)\n- com.intuit.karate.core.ScenarioRuntime.beforeRun(ScenarioRuntime.java:371)\n- com.intuit.karate.core.ScenarioRuntime.run(ScenarioRuntime.java:390)\n\njs failed:\n>>>>\n01: function karateConfig() {\n02:   return karate.callSingle(com.Feature.seleniumWebDriver.feature');\n03: }\n<<<<\ncom.intuit.karate.KarateException: js failed:\n>>>>\n01: (function karateConfig() {\n02:   return karate.callSingle(com.Feature.seleniumWebDriver.feature');\n03: })\n<<<<\norg.graalvm.polyglot.PolyglotException: SyntaxError: Unnamed:2:67 Missing close quote\r\n  return karate.callSingle(com.Feature.seleniumWebDriver.feature');\r\n                                                                   ^\n\n- org.graalvm.polyglot.Context.eval(Context.java:425)\n- com.intuit.karate.graal.JsEngine.evalForValue(JsEngine.java:169)\n- com.intuit.karate.graal.JsEngine.eval(JsEngine.java:165)\n- com.intuit.karate.core.ScenarioEngine.evalJs(ScenarioEngine.java:1199)\n- com.intuit.karate.core.ScenarioRuntime.evalConfigJs(ScenarioRuntime.java:296)\n- com.intuit.karate.core.ScenarioRuntime.beforeRun(ScenarioRuntime.java:371)\n- com.intuit.karate.core.ScenarioRuntime.run(ScenarioRuntime.java:390)\n\n- com.intuit.karate.graal.JsEngine.fromJsEvalException(JsEngine.java:254)\n- com.intuit.karate.core.ScenarioEngine.evalJs(ScenarioEngine.java:1201)\n- com.intuit.karate.core.ScenarioRuntime.evalConfigJs(ScenarioRuntime.java:296)\n- com.intuit.karate.core.ScenarioRuntime.beforeRun(ScenarioRuntime.java:371)\n- com.intuit.karate.core.ScenarioRuntime.run(ScenarioRuntime.java:390)\n- com.intuit.karate.core.FeatureRuntime.processScenario(FeatureRuntime.java:199)\n- java.base\/java.util.stream.ReferencePipeline$2$1.accept(ReferencePipeline.java:179)\n\nExampleProjects\/appian-selenium-api-example-java\/src\/main\/java\/com\/Feature\/seleniumWebDriver.feature:5\nExampleProjects\/appian-selenium-api-example-java\/src\/main\/java\/com\/Feature\/seleniumWebDriver.feature:6\nExampleProjects\/appian-selenium-api-example-java\/src\/main\/java\/com\/Feature\/seleniumWebDriver.feature:7","millis":0.0,"status":"failed"},"step":{"background":true,"line":7,"prefix":"*","index":2,"text":"delay(2000)"}},{"result":{"nanos":0,"errorMessage":">> ExampleProjects\/appian-selenium-api-example-java\/src\/main\/java\/com\/Feature\/seleniumWebDriver.feature:10\n>> karate-config.js failed\n>> js failed:\n>>>>\n01: (function karateConfig() {\n02:   return karate.callSingle(com.Feature.seleniumWebDriver.feature');\n03: })\n<<<<\norg.graalvm.polyglot.PolyglotException: SyntaxError: Unnamed:2:67 Missing close quote\r\n  return karate.callSingle(com.Feature.seleniumWebDriver.feature');\r\n                                                                   ^\n\n- org.graalvm.polyglot.Context.eval(Context.java:425)\n- com.intuit.karate.graal.JsEngine.evalForValue(JsEngine.java:169)\n- com.intuit.karate.graal.JsEngine.eval(JsEngine.java:165)\n- com.intuit.karate.core.ScenarioEngine.evalJs(ScenarioEngine.java:1199)\n- com.intuit.karate.core.ScenarioRuntime.evalConfigJs(ScenarioRuntime.java:296)\n- com.intuit.karate.core.ScenarioRuntime.beforeRun(ScenarioRuntime.java:371)\n- com.intuit.karate.core.ScenarioRuntime.run(ScenarioRuntime.java:390)\n\njs failed:\n>>>>\n01: function karateConfig() {\n02:   return karate.callSingle(com.Feature.seleniumWebDriver.feature');\n03: }\n<<<<\ncom.intuit.karate.KarateException: js failed:\n>>>>\n01: (function karateConfig() {\n02:   return karate.callSingle(com.Feature.seleniumWebDriver.feature');\n03: })\n<<<<\norg.graalvm.polyglot.PolyglotException: SyntaxError: Unnamed:2:67 Missing close quote\r\n  return karate.callSingle(com.Feature.seleniumWebDriver.feature');\r\n                                                                   ^\n\n- org.graalvm.polyglot.Context.eval(Context.java:425)\n- com.intuit.karate.graal.JsEngine.evalForValue(JsEngine.java:169)\n- com.intuit.karate.graal.JsEngine.eval(JsEngine.java:165)\n- com.intuit.karate.core.ScenarioEngine.evalJs(ScenarioEngine.java:1199)\n- com.intuit.karate.core.ScenarioRuntime.evalConfigJs(ScenarioRuntime.java:296)\n- com.intuit.karate.core.ScenarioRuntime.beforeRun(ScenarioRuntime.java:371)\n- com.intuit.karate.core.ScenarioRuntime.run(ScenarioRuntime.java:390)\n\n- com.intuit.karate.graal.JsEngine.fromJsEvalException(JsEngine.java:254)\n- com.intuit.karate.core.ScenarioEngine.evalJs(ScenarioEngine.java:1201)\n- com.intuit.karate.core.ScenarioRuntime.evalConfigJs(ScenarioRuntime.java:296)\n- com.intuit.karate.core.ScenarioRuntime.beforeRun(ScenarioRuntime.java:371)\n- com.intuit.karate.core.ScenarioRuntime.run(ScenarioRuntime.java:390)\n- com.intuit.karate.core.FeatureRuntime.processScenario(FeatureRuntime.java:199)\n- java.base\/java.util.stream.ReferencePipeline$2$1.accept(ReferencePipeline.java:179)\n\nExampleProjects\/appian-selenium-api-example-java\/src\/main\/java\/com\/Feature\/seleniumWebDriver.feature:5\nExampleProjects\/appian-selenium-api-example-java\/src\/main\/java\/com\/Feature\/seleniumWebDriver.feature:6\nExampleProjects\/appian-selenium-api-example-java\/src\/main\/java\/com\/Feature\/seleniumWebDriver.feature:7\nExampleProjects\/appian-selenium-api-example-java\/src\/main\/java\/com\/Feature\/seleniumWebDriver.feature:8","millis":0.0,"status":"failed"},"step":{"background":true,"line":8,"prefix":"*","index":3,"text":"call MySeleniumTest.navigateTo('https:\/\/yexledemo.appiancloud.com\/suite\/sites\/automation-cases')"}}],"line":10,"description":"","durationMillis":0.0,"failed":true,"error":">> ExampleProjects\/appian-selenium-api-example-java\/src\/main\/java\/com\/Feature\/seleniumWebDriver.feature:10\n>> karate-config.js failed\n>> js failed:\n>>>>\n01: (function karateConfig() {\n02:   return karate.callSingle(com.Feature.seleniumWebDriver.feature');\n03: })\n<<<<\norg.graalvm.polyglot.PolyglotException: SyntaxError: Unnamed:2:67 Missing close quote\r\n  return karate.callSingle(com.Feature.seleniumWebDriver.feature');\r\n                                                                   ^\n\n- org.graalvm.polyglot.Context.eval(Context.java:425)\n- com.intuit.karate.graal.JsEngine.evalForValue(JsEngine.java:169)\n- com.intuit.karate.graal.JsEngine.eval(JsEngine.java:165)\n- com.intuit.karate.core.ScenarioEngine.evalJs(ScenarioEngine.java:1199)\n- com.intuit.karate.core.ScenarioRuntime.evalConfigJs(ScenarioRuntime.java:296)\n- com.intuit.karate.core.ScenarioRuntime.beforeRun(ScenarioRuntime.java:371)\n- com.intuit.karate.core.ScenarioRuntime.run(ScenarioRuntime.java:390)\n\njs failed:\n>>>>\n01: function karateConfig() {\n02:   return karate.callSingle(com.Feature.seleniumWebDriver.feature');\n03: }\n<<<<\ncom.intuit.karate.KarateException: js failed:\n>>>>\n01: (function karateConfig() {\n02:   return karate.callSingle(com.Feature.seleniumWebDriver.feature');\n03: })\n<<<<\norg.graalvm.polyglot.PolyglotException: SyntaxError: Unnamed:2:67 Missing close quote\r\n  return karate.callSingle(com.Feature.seleniumWebDriver.feature');\r\n                                                                   ^\n\n- org.graalvm.polyglot.Context.eval(Context.java:425)\n- com.intuit.karate.graal.JsEngine.evalForValue(JsEngine.java:169)\n- com.intuit.karate.graal.JsEngine.eval(JsEngine.java:165)\n- com.intuit.karate.core.ScenarioEngine.evalJs(ScenarioEngine.java:1199)\n- com.intuit.karate.core.ScenarioRuntime.evalConfigJs(ScenarioRuntime.java:296)\n- com.intuit.karate.core.ScenarioRuntime.beforeRun(ScenarioRuntime.java:371)\n- com.intuit.karate.core.ScenarioRuntime.run(ScenarioRuntime.java:390)\n\n- com.intuit.karate.graal.JsEngine.fromJsEvalException(JsEngine.java:254)\n- com.intuit.karate.core.ScenarioEngine.evalJs(ScenarioEngine.java:1201)\n- com.intuit.karate.core.ScenarioRuntime.evalConfigJs(ScenarioRuntime.java:296)\n- com.intuit.karate.core.ScenarioRuntime.beforeRun(ScenarioRuntime.java:371)\n- com.intuit.karate.core.ScenarioRuntime.run(ScenarioRuntime.java:390)\n- com.intuit.karate.core.FeatureRuntime.processScenario(FeatureRuntime.java:199)\n- java.base\/java.util.stream.ReferencePipeline$2$1.accept(ReferencePipeline.java:179)\n\nExampleProjects\/appian-selenium-api-example-java\/src\/main\/java\/com\/Feature\/seleniumWebDriver.feature:5\nExampleProjects\/appian-selenium-api-example-java\/src\/main\/java\/com\/Feature\/seleniumWebDriver.feature:6\nExampleProjects\/appian-selenium-api-example-java\/src\/main\/java\/com\/Feature\/seleniumWebDriver.feature:7\nExampleProjects\/appian-selenium-api-example-java\/src\/main\/java\/com\/Feature\/seleniumWebDriver.feature:8","executorName":"main","name":"Verify the page title using Selenium","startTime":1690790258355,"refId":"[1:10]","endTime":1690790258435,"exampleIndex":-1}],"callDepth":0,"name":"call selenium WebDriver class","description":"","resultDate":"2023-07-31 01:27:38 pm","durationMillis":0.0,"passedCount":0}