{"failedCount":1,"prefixedPath":"ExampleProjects\/appian-selenium-api-example-java\/src\/main\/java\/com\/Feature\/seleniumWebDriver.feature","packageQualifiedName":"ExampleProjects.appian-selenium-api-example-java.src.main.java.com.Feature.seleniumWebDriver","loopIndex":-1,"relativePath":"ExampleProjects\/appian-selenium-api-example-java\/src\/main\/java\/com\/Feature\/seleniumWebDriver.feature","scenarioResults":[{"sectionIndex":0,"stepResults":[{"result":{"nanos":7271700,"millis":7.2717,"status":"passed"},"step":{"comments":["#* configure driver = ('driver', { type: 'chrome', addOptions: ['--disable-save-password-bubble'] });"],"background":true,"line":5,"prefix":"*","index":0,"text":"def MySeleniumTest =  Java.type(\"com.karate.seleniumApi.SeleniumHelper\")"}},{"result":{"nanos":88209188200,"millis":88209.1882,"status":"passed"},"step":{"background":true,"line":6,"prefix":"*","index":1,"text":"def driver = new MySeleniumTest()"}},{"result":{"nanos":1121300,"millis":1.1213,"status":"passed"},"step":{"background":true,"line":7,"prefix":"*","index":2,"text":"print 'driver'"}},{"result":{"nanos":20277300,"errorMessage":"js failed:\n>>>>\n01: driver.navigateTo('https:\/\/yexledemo.appiancloud.com\/suite\/sites\/automation-cases')\n<<<<\norg.graalvm.polyglot.PolyglotException: TypeError: invokeMember (navigateTo) on com.karate.seleniumApi.SeleniumHelper failed due to: Unknown identifier: navigateTo\n- <js>.:program(Unnamed:1)\n\nExampleProjects\/appian-selenium-api-example-java\/src\/main\/java\/com\/Feature\/seleniumWebDriver.feature:9","millis":20.2773,"status":"failed"},"step":{"comments":["# *  call driver.setup()"],"background":true,"line":9,"prefix":"*","index":3,"text":"call driver.navigateTo('https:\/\/yexledemo.appiancloud.com\/suite\/sites\/automation-cases')"}}],"line":11,"description":"","durationMillis":88237.8585,"failed":true,"error":"js failed:\n>>>>\n01: driver.navigateTo('https:\/\/yexledemo.appiancloud.com\/suite\/sites\/automation-cases')\n<<<<\norg.graalvm.polyglot.PolyglotException: TypeError: invokeMember (navigateTo) on com.karate.seleniumApi.SeleniumHelper failed due to: Unknown identifier: navigateTo\n- <js>.:program(Unnamed:1)\n\nExampleProjects\/appian-selenium-api-example-java\/src\/main\/java\/com\/Feature\/seleniumWebDriver.feature:9","executorName":"main","name":"Verify the page title using Selenium","startTime":1690793201794,"refId":"[1:11]","endTime":1690793290244,"exampleIndex":-1}],"callDepth":0,"name":"call selenium WebDriver class","description":"","resultDate":"2023-07-31 02:18:10 pm","durationMillis":88237.8585,"passedCount":0}