<!DOCTYPE html>
<html lang="en">
  <head>
    <meta charset="utf-8"/>
    <meta name="viewport" content="width=device-width, initial-scale=1, shrink-to-fit=no"/>
    <link rel="stylesheet" href="res/bootstrap.min.css" type="text/css"/>
    <link rel="stylesheet" href="res/karate-report.css" type="text/css"/>
    <link rel="shortcut icon" href="favicon.ico"/>
    <script type="text/javascript" src="res/jquery.min.js"></script>
    <script type="text/javascript" src="res/jquery.tablesorter.min.js"></script>
    <script type="text/javascript" src="res/jquery-ui.min.js"></script>
    <script type="text/javascript" src="res/bootstrap.min.js"></script>
    <script type="text/javascript" src="res/karate-report.js"></script>
    <script type="text/javascript" src="res/Resemble.js"></script>
    <script>
!function(t,e){var o,n,p,r;e.__SV||(window.posthog=e,e._i=[],e.init=function(i,s,a){function g(t,e){var o=e.split(".");2==o.length&&(t=t[o[0]],e=o[1]),t[e]=function(){t.push([e].concat(Array.prototype.slice.call(arguments,0)))}}(p=t.createElement("script")).type="text/javascript",p.async=!0,p.src=s.api_host+"/static/array.js",(r=t.getElementsByTagName("script")[0]).parentNode.insertBefore(p,r);var u=e;for(void 0!==a?u=e[a]=[]:a="posthog",u.people=u.people||[],u.toString=function(t){var e="posthog";return"posthog"!==a&&(e+="."+a),t||(e+=" (stub)"),e},u.people.toString=function(){return u.toString(1)+".people (stub)"},o="capture identify alias people.set people.set_once set_config register register_once unregister opt_out_capturing has_opted_out_capturing opt_in_capturing reset isFeatureEnabled onFeatureFlags".split(" "),n=0;n<o.length;n++)g(u,o[n]);e._i.push([i,s,a])},e.__SV=1)}(document,window.posthog||[]);
posthog.init('phc_M6fKk3dSX9HjglkqPSybauGas45NINb7EgsPGU8N9g1',{
  api_host:'https://app.posthog.com',
  persistence:'localStorage',
  autocapture:false,
  capture_pageview:false,
  api_transport:'sendBeacon',
  loaded: function(posthog) { 
    posthog.capture("report_feature",{distinct_id:"7faaaead-ec18-402a-bd6a-4f0902741f0e",karate_version:"1.4.0",karate_meta:"intellij:1.7.4.325"});
  }
});
</script>

    <title>ExampleProjects.appian-selenium-api-example-java.src.main.java.com.appiancorp.example.Feature.sample</title>
  </head>
  <body>
    <div id="root-container">
      <div id="leftnav">
        
        <div>
  <div class="nav-logo">
    <a href="https://karatelabs.io">
      <img src="karate-labs-logo-ring.svg" alt="Karate Labs"/>
    </a>
    <div class="nav-count">
      <div id="nav-pass" class="bg-success">0</div>
      <div id="nav-fail" class="bg-danger">1</div>
    </div>
  </div>
  <div id="nav-env">
    <div></div>
  </div>
  <div id="nav-type">
    <div>Scenarios</div>
  </div>
  <div id="nav-date">
    <div>2023-07-27 02:52:15 pm</div>
  </div>
</div>

        <div class="nav-container">
          <div class="nav-item failed">
            <a href="#[1.1:22]"><span>[1.1:22]</span> <span>user able to login</span></a>
          </div>
        </div>
      </div>
      <div id="content">
        <div class="page-heading alert alert-primary">
          <a href="karate-summary.html">Summary</a><span class="feature-label">|</span>
          <a href="karate-tags.html">Tags</a><span class="feature-label">|</span>
          <span class="feature-label">Feature:</span>
          <span class="feature-path">ExampleProjects/appian-selenium-api-example-java/src/main/java/com/appiancorp/example/Feature/sample.feature</span><span class="feature-label">|</span>
          <span class="feature-name">Login functionality</span>
          <span class="feature-description"></span>
        </div>
        <div class="scenario">
          <div class="scenario-heading" id="[1.1:22]">
            <div class="heading-container">
              <div class="scenario-tags">
                <a class="badge badge-primary" href="karate-tags.html">login</a>
              </div>
              <div class="scenario-keyword">
                Scenario: <span>[1.1:22]</span>
                <span class="scenario-name">user able to login</span>
                <span></span>
              </div>
            </div>
            <div class="scenario-time failed">
              <span>ms:</span>&nbsp;<span>0</span>
            </div>
          </div>
          
          <div><div>
  

  

  <div class="step-row">
    <div class="step-container" id="1.5">
      <div class="step-ref failed">5</div>
      
      <div class="step-cell failed">
        <span>*</span>&nbsp;<span>configure driver = {type: &#39;chrome&#39;, addOptions: [&#39;--disable-save-password-bubble&#39;]}</span>
      </div>
    </div>
    <div class="time-cell failed">0</div>
  </div>

   
  
  

  

  <div class="preformatted" data-parent="1.5">14:52:15.709 ExampleProjects/appian-selenium-api-example-java/src/main/java/com/appiancorp/example/Feature/sample.feature:5
* configure driver = {type: &#39;chrome&#39;, addOptions: [&#39;--disable-save-password-bubble&#39;]}
&gt;&gt; ExampleProjects/appian-selenium-api-example-java/src/main/java/com/appiancorp/example/Feature/sample.feature:22
&gt;&gt; karate-config.js failed
&gt;&gt; js failed:
&gt;&gt;&gt;&gt;
01: (function() {
02:     karate.configure(&#39;classpath:karate-config.js&#39;);
03:     return {
04:     karate.configure(&#39;driver&#39;, { type: &#39;chrome&#39;, addOptions: [&#39;--disable-save-password-bubble&#39;] });
05:         return {
06:         // Other configurations...
07:                 packages: [&#39;com.appiancorp.ps.automatedtest.fixture&#39;]
08:             };
09: 
10: 
11:     };
12: }
13: )
&lt;&lt;&lt;&lt;
org.graalvm.polyglot.PolyglotException: SyntaxError: Unnamed:4:10 Expected : but found .
    karate.configure(&#39;driver&#39;, { type: &#39;chrome&#39;, addOptions: [&#39;--disable-save-password-bubble&#39;] });
          ^
Unnamed:4:97 Expected ; but found )
    karate.configure(&#39;driver&#39;, { type: &#39;chrome&#39;, addOptions: [&#39;--disable-save-password-bubble&#39;] });
                                                                                                 ^
Unnamed:11:5 Expected ) but found ;
    };
     ^
Unnamed:12:0 Expected eof but found }
}
^

- org.graalvm.polyglot.Context.eval(Context.java:425)
- com.intuit.karate.graal.JsEngine.evalForValue(JsEngine.java:169)
- com.intuit.karate.graal.JsEngine.eval(JsEngine.java:165)
- com.intuit.karate.core.ScenarioEngine.evalJs(ScenarioEngine.java:1199)
- com.intuit.karate.core.ScenarioRuntime.evalConfigJs(ScenarioRuntime.java:296)
- com.intuit.karate.core.ScenarioRuntime.beforeRun(ScenarioRuntime.java:371)
- com.intuit.karate.core.ScenarioRuntime.run(ScenarioRuntime.java:390)

js failed:
&gt;&gt;&gt;&gt;
01: function() {
02:     karate.configure(&#39;classpath:karate-config.js&#39;);
03:     return {
04:     karate.configure(&#39;driver&#39;, { type: &#39;chrome&#39;, addOptions: [&#39;--disable-save-password-bubble&#39;] });
05:         return {
06:         // Other configurations...
07:                 packages: [&#39;com.appiancorp.ps.automatedtest.fixture&#39;]
08:             };
09: 
10: 
11:     };
12: }
&lt;&lt;&lt;&lt;
com.intuit.karate.KarateException: js failed:
&gt;&gt;&gt;&gt;
01: (function() {
02:     karate.configure(&#39;classpath:karate-config.js&#39;);
03:     return {
04:     karate.configure(&#39;driver&#39;, { type: &#39;chrome&#39;, addOptions: [&#39;--disable-save-password-bubble&#39;] });
05:         return {
06:         // Other configurations...
07:                 packages: [&#39;com.appiancorp.ps.automatedtest.fixture&#39;]
08:             };
09: 
10: 
11:     };
12: }
13: )
&lt;&lt;&lt;&lt;
org.graalvm.polyglot.PolyglotException: SyntaxError: Unnamed:4:10 Expected : but found .
    karate.configure(&#39;driver&#39;, { type: &#39;chrome&#39;, addOptions: [&#39;--disable-save-password-bubble&#39;] });
          ^
Unnamed:4:97 Expected ; but found )
    karate.configure(&#39;driver&#39;, { type: &#39;chrome&#39;, addOptions: [&#39;--disable-save-password-bubble&#39;] });
                                                                                                 ^
Unnamed:11:5 Expected ) but found ;
    };
     ^
Unnamed:12:0 Expected eof but found }
}
^

- org.graalvm.polyglot.Context.eval(Context.java:425)
- com.intuit.karate.graal.JsEngine.evalForValue(JsEngine.java:169)
- com.intuit.karate.graal.JsEngine.eval(JsEngine.java:165)
- com.intuit.karate.core.ScenarioEngine.evalJs(ScenarioEngine.java:1199)
- com.intuit.karate.core.ScenarioRuntime.evalConfigJs(ScenarioRuntime.java:296)
- com.intuit.karate.core.ScenarioRuntime.beforeRun(ScenarioRuntime.java:371)
- com.intuit.karate.core.ScenarioRuntime.run(ScenarioRuntime.java:390)

- com.intuit.karate.graal.JsEngine.fromJsEvalException(JsEngine.java:254)
- com.intuit.karate.core.ScenarioEngine.evalJs(ScenarioEngine.java:1201)
- com.intuit.karate.core.ScenarioRuntime.evalConfigJs(ScenarioRuntime.java:296)
- com.intuit.karate.core.ScenarioRuntime.beforeRun(ScenarioRuntime.java:371)
- com.intuit.karate.core.ScenarioRuntime.run(ScenarioRuntime.java:390)
- com.intuit.karate.core.FeatureRuntime.processScenario(FeatureRuntime.java:199)
- java.base/java.util.stream.ReferencePipeline$2$1.accept(ReferencePipeline.java:179)

ExampleProjects/appian-selenium-api-example-java/src/main/java/com/appiancorp/example/Feature/sample.feature:5
</div>   

  

</div>
</div>
          <div><div>
  

  

  <div class="step-row">
    <div class="step-container" id="1.6">
      <div class="step-ref failed">6</div>
      
      <div class="step-cell failed">
        <span>*</span>&nbsp;<span>def signIn = &quot;input[value=&#39;Sign In&#39;]&quot;</span>
      </div>
    </div>
    <div class="time-cell failed">0</div>
  </div>

   
  
  

  

  <div class="preformatted" data-parent="1.6">14:52:15.709 ExampleProjects/appian-selenium-api-example-java/src/main/java/com/appiancorp/example/Feature/sample.feature:6
* def signIn = &quot;input[value=&#39;Sign In&#39;]&quot;
&gt;&gt; ExampleProjects/appian-selenium-api-example-java/src/main/java/com/appiancorp/example/Feature/sample.feature:22
&gt;&gt; karate-config.js failed
&gt;&gt; js failed:
&gt;&gt;&gt;&gt;
01: (function() {
02:     karate.configure(&#39;classpath:karate-config.js&#39;);
03:     return {
04:     karate.configure(&#39;driver&#39;, { type: &#39;chrome&#39;, addOptions: [&#39;--disable-save-password-bubble&#39;] });
05:         return {
06:         // Other configurations...
07:                 packages: [&#39;com.appiancorp.ps.automatedtest.fixture&#39;]
08:             };
09: 
10: 
11:     };
12: }
13: )
&lt;&lt;&lt;&lt;
org.graalvm.polyglot.PolyglotException: SyntaxError: Unnamed:4:10 Expected : but found .
    karate.configure(&#39;driver&#39;, { type: &#39;chrome&#39;, addOptions: [&#39;--disable-save-password-bubble&#39;] });
          ^
Unnamed:4:97 Expected ; but found )
    karate.configure(&#39;driver&#39;, { type: &#39;chrome&#39;, addOptions: [&#39;--disable-save-password-bubble&#39;] });
                                                                                                 ^
Unnamed:11:5 Expected ) but found ;
    };
     ^
Unnamed:12:0 Expected eof but found }
}
^

- org.graalvm.polyglot.Context.eval(Context.java:425)
- com.intuit.karate.graal.JsEngine.evalForValue(JsEngine.java:169)
- com.intuit.karate.graal.JsEngine.eval(JsEngine.java:165)
- com.intuit.karate.core.ScenarioEngine.evalJs(ScenarioEngine.java:1199)
- com.intuit.karate.core.ScenarioRuntime.evalConfigJs(ScenarioRuntime.java:296)
- com.intuit.karate.core.ScenarioRuntime.beforeRun(ScenarioRuntime.java:371)
- com.intuit.karate.core.ScenarioRuntime.run(ScenarioRuntime.java:390)

js failed:
&gt;&gt;&gt;&gt;
01: function() {
02:     karate.configure(&#39;classpath:karate-config.js&#39;);
03:     return {
04:     karate.configure(&#39;driver&#39;, { type: &#39;chrome&#39;, addOptions: [&#39;--disable-save-password-bubble&#39;] });
05:         return {
06:         // Other configurations...
07:                 packages: [&#39;com.appiancorp.ps.automatedtest.fixture&#39;]
08:             };
09: 
10: 
11:     };
12: }
&lt;&lt;&lt;&lt;
com.intuit.karate.KarateException: js failed:
&gt;&gt;&gt;&gt;
01: (function() {
02:     karate.configure(&#39;classpath:karate-config.js&#39;);
03:     return {
04:     karate.configure(&#39;driver&#39;, { type: &#39;chrome&#39;, addOptions: [&#39;--disable-save-password-bubble&#39;] });
05:         return {
06:         // Other configurations...
07:                 packages: [&#39;com.appiancorp.ps.automatedtest.fixture&#39;]
08:             };
09: 
10: 
11:     };
12: }
13: )
&lt;&lt;&lt;&lt;
org.graalvm.polyglot.PolyglotException: SyntaxError: Unnamed:4:10 Expected : but found .
    karate.configure(&#39;driver&#39;, { type: &#39;chrome&#39;, addOptions: [&#39;--disable-save-password-bubble&#39;] });
          ^
Unnamed:4:97 Expected ; but found )
    karate.configure(&#39;driver&#39;, { type: &#39;chrome&#39;, addOptions: [&#39;--disable-save-password-bubble&#39;] });
                                                                                                 ^
Unnamed:11:5 Expected ) but found ;
    };
     ^
Unnamed:12:0 Expected eof but found }
}
^

- org.graalvm.polyglot.Context.eval(Context.java:425)
- com.intuit.karate.graal.JsEngine.evalForValue(JsEngine.java:169)
- com.intuit.karate.graal.JsEngine.eval(JsEngine.java:165)
- com.intuit.karate.core.ScenarioEngine.evalJs(ScenarioEngine.java:1199)
- com.intuit.karate.core.ScenarioRuntime.evalConfigJs(ScenarioRuntime.java:296)
- com.intuit.karate.core.ScenarioRuntime.beforeRun(ScenarioRuntime.java:371)
- com.intuit.karate.core.ScenarioRuntime.run(ScenarioRuntime.java:390)

- com.intuit.karate.graal.JsEngine.fromJsEvalException(JsEngine.java:254)
- com.intuit.karate.core.ScenarioEngine.evalJs(ScenarioEngine.java:1201)
- com.intuit.karate.core.ScenarioRuntime.evalConfigJs(ScenarioRuntime.java:296)
- com.intuit.karate.core.ScenarioRuntime.beforeRun(ScenarioRuntime.java:371)
- com.intuit.karate.core.ScenarioRuntime.run(ScenarioRuntime.java:390)
- com.intuit.karate.core.FeatureRuntime.processScenario(FeatureRuntime.java:199)
- java.base/java.util.stream.ReferencePipeline$2$1.accept(ReferencePipeline.java:179)

ExampleProjects/appian-selenium-api-example-java/src/main/java/com/appiancorp/example/Feature/sample.feature:5
ExampleProjects/appian-selenium-api-example-java/src/main/java/com/appiancorp/example/Feature/sample.feature:6
</div>   

  

</div>
</div>
          <div><div>
  

  

  <div class="step-row">
    <div class="step-container" id="1.7">
      <div class="step-ref failed">7</div>
      
      <div class="step-cell failed">
        <span>*</span>&nbsp;<span>def exporerMenuLink = &quot;//span[text()=&#39;Exporter&#39;]&quot;</span>
      </div>
    </div>
    <div class="time-cell failed">0</div>
  </div>

   
  
  

  

  <div class="preformatted" data-parent="1.7">14:52:15.709 ExampleProjects/appian-selenium-api-example-java/src/main/java/com/appiancorp/example/Feature/sample.feature:7
* def exporerMenuLink = &quot;//span[text()=&#39;Exporter&#39;]&quot;
&gt;&gt; ExampleProjects/appian-selenium-api-example-java/src/main/java/com/appiancorp/example/Feature/sample.feature:22
&gt;&gt; karate-config.js failed
&gt;&gt; js failed:
&gt;&gt;&gt;&gt;
01: (function() {
02:     karate.configure(&#39;classpath:karate-config.js&#39;);
03:     return {
04:     karate.configure(&#39;driver&#39;, { type: &#39;chrome&#39;, addOptions: [&#39;--disable-save-password-bubble&#39;] });
05:         return {
06:         // Other configurations...
07:                 packages: [&#39;com.appiancorp.ps.automatedtest.fixture&#39;]
08:             };
09: 
10: 
11:     };
12: }
13: )
&lt;&lt;&lt;&lt;
org.graalvm.polyglot.PolyglotException: SyntaxError: Unnamed:4:10 Expected : but found .
    karate.configure(&#39;driver&#39;, { type: &#39;chrome&#39;, addOptions: [&#39;--disable-save-password-bubble&#39;] });
          ^
Unnamed:4:97 Expected ; but found )
    karate.configure(&#39;driver&#39;, { type: &#39;chrome&#39;, addOptions: [&#39;--disable-save-password-bubble&#39;] });
                                                                                                 ^
Unnamed:11:5 Expected ) but found ;
    };
     ^
Unnamed:12:0 Expected eof but found }
}
^

- org.graalvm.polyglot.Context.eval(Context.java:425)
- com.intuit.karate.graal.JsEngine.evalForValue(JsEngine.java:169)
- com.intuit.karate.graal.JsEngine.eval(JsEngine.java:165)
- com.intuit.karate.core.ScenarioEngine.evalJs(ScenarioEngine.java:1199)
- com.intuit.karate.core.ScenarioRuntime.evalConfigJs(ScenarioRuntime.java:296)
- com.intuit.karate.core.ScenarioRuntime.beforeRun(ScenarioRuntime.java:371)
- com.intuit.karate.core.ScenarioRuntime.run(ScenarioRuntime.java:390)

js failed:
&gt;&gt;&gt;&gt;
01: function() {
02:     karate.configure(&#39;classpath:karate-config.js&#39;);
03:     return {
04:     karate.configure(&#39;driver&#39;, { type: &#39;chrome&#39;, addOptions: [&#39;--disable-save-password-bubble&#39;] });
05:         return {
06:         // Other configurations...
07:                 packages: [&#39;com.appiancorp.ps.automatedtest.fixture&#39;]
08:             };
09: 
10: 
11:     };
12: }
&lt;&lt;&lt;&lt;
com.intuit.karate.KarateException: js failed:
&gt;&gt;&gt;&gt;
01: (function() {
02:     karate.configure(&#39;classpath:karate-config.js&#39;);
03:     return {
04:     karate.configure(&#39;driver&#39;, { type: &#39;chrome&#39;, addOptions: [&#39;--disable-save-password-bubble&#39;] });
05:         return {
06:         // Other configurations...
07:                 packages: [&#39;com.appiancorp.ps.automatedtest.fixture&#39;]
08:             };
09: 
10: 
11:     };
12: }
13: )
&lt;&lt;&lt;&lt;
org.graalvm.polyglot.PolyglotException: SyntaxError: Unnamed:4:10 Expected : but found .
    karate.configure(&#39;driver&#39;, { type: &#39;chrome&#39;, addOptions: [&#39;--disable-save-password-bubble&#39;] });
          ^
Unnamed:4:97 Expected ; but found )
    karate.configure(&#39;driver&#39;, { type: &#39;chrome&#39;, addOptions: [&#39;--disable-save-password-bubble&#39;] });
                                                                                                 ^
Unnamed:11:5 Expected ) but found ;
    };
     ^
Unnamed:12:0 Expected eof but found }
}
^

- org.graalvm.polyglot.Context.eval(Context.java:425)
- com.intuit.karate.graal.JsEngine.evalForValue(JsEngine.java:169)
- com.intuit.karate.graal.JsEngine.eval(JsEngine.java:165)
- com.intuit.karate.core.ScenarioEngine.evalJs(ScenarioEngine.java:1199)
- com.intuit.karate.core.ScenarioRuntime.evalConfigJs(ScenarioRuntime.java:296)
- com.intuit.karate.core.ScenarioRuntime.beforeRun(ScenarioRuntime.java:371)
- com.intuit.karate.core.ScenarioRuntime.run(ScenarioRuntime.java:390)

- com.intuit.karate.graal.JsEngine.fromJsEvalException(JsEngine.java:254)
- com.intuit.karate.core.ScenarioEngine.evalJs(ScenarioEngine.java:1201)
- com.intuit.karate.core.ScenarioRuntime.evalConfigJs(ScenarioRuntime.java:296)
- com.intuit.karate.core.ScenarioRuntime.beforeRun(ScenarioRuntime.java:371)
- com.intuit.karate.core.ScenarioRuntime.run(ScenarioRuntime.java:390)
- com.intuit.karate.core.FeatureRuntime.processScenario(FeatureRuntime.java:199)
- java.base/java.util.stream.ReferencePipeline$2$1.accept(ReferencePipeline.java:179)

ExampleProjects/appian-selenium-api-example-java/src/main/java/com/appiancorp/example/Feature/sample.feature:5
ExampleProjects/appian-selenium-api-example-java/src/main/java/com/appiancorp/example/Feature/sample.feature:6
ExampleProjects/appian-selenium-api-example-java/src/main/java/com/appiancorp/example/Feature/sample.feature:7
</div>   

  

</div>
</div>
          <div><div>
  

  

  <div class="step-row">
    <div class="step-container" id="1.9">
      <div class="step-ref failed">9</div>
      
      <div class="step-cell failed">
        <span>Given</span>&nbsp;<span>driver &#39;https://yexledemo.appiancloud.com/suite/sites/aqua/page/home&#39;</span>
      </div>
    </div>
    <div class="time-cell failed">0</div>
  </div>

   
  
  

  

  <div class="preformatted" data-parent="1.9">14:52:15.709 ExampleProjects/appian-selenium-api-example-java/src/main/java/com/appiancorp/example/Feature/sample.feature:9
Given driver &#39;https://yexledemo.appiancloud.com/suite/sites/aqua/page/home&#39;
&gt;&gt; ExampleProjects/appian-selenium-api-example-java/src/main/java/com/appiancorp/example/Feature/sample.feature:22
&gt;&gt; karate-config.js failed
&gt;&gt; js failed:
&gt;&gt;&gt;&gt;
01: (function() {
02:     karate.configure(&#39;classpath:karate-config.js&#39;);
03:     return {
04:     karate.configure(&#39;driver&#39;, { type: &#39;chrome&#39;, addOptions: [&#39;--disable-save-password-bubble&#39;] });
05:         return {
06:         // Other configurations...
07:                 packages: [&#39;com.appiancorp.ps.automatedtest.fixture&#39;]
08:             };
09: 
10: 
11:     };
12: }
13: )
&lt;&lt;&lt;&lt;
org.graalvm.polyglot.PolyglotException: SyntaxError: Unnamed:4:10 Expected : but found .
    karate.configure(&#39;driver&#39;, { type: &#39;chrome&#39;, addOptions: [&#39;--disable-save-password-bubble&#39;] });
          ^
Unnamed:4:97 Expected ; but found )
    karate.configure(&#39;driver&#39;, { type: &#39;chrome&#39;, addOptions: [&#39;--disable-save-password-bubble&#39;] });
                                                                                                 ^
Unnamed:11:5 Expected ) but found ;
    };
     ^
Unnamed:12:0 Expected eof but found }
}
^

- org.graalvm.polyglot.Context.eval(Context.java:425)
- com.intuit.karate.graal.JsEngine.evalForValue(JsEngine.java:169)
- com.intuit.karate.graal.JsEngine.eval(JsEngine.java:165)
- com.intuit.karate.core.ScenarioEngine.evalJs(ScenarioEngine.java:1199)
- com.intuit.karate.core.ScenarioRuntime.evalConfigJs(ScenarioRuntime.java:296)
- com.intuit.karate.core.ScenarioRuntime.beforeRun(ScenarioRuntime.java:371)
- com.intuit.karate.core.ScenarioRuntime.run(ScenarioRuntime.java:390)

js failed:
&gt;&gt;&gt;&gt;
01: function() {
02:     karate.configure(&#39;classpath:karate-config.js&#39;);
03:     return {
04:     karate.configure(&#39;driver&#39;, { type: &#39;chrome&#39;, addOptions: [&#39;--disable-save-password-bubble&#39;] });
05:         return {
06:         // Other configurations...
07:                 packages: [&#39;com.appiancorp.ps.automatedtest.fixture&#39;]
08:             };
09: 
10: 
11:     };
12: }
&lt;&lt;&lt;&lt;
com.intuit.karate.KarateException: js failed:
&gt;&gt;&gt;&gt;
01: (function() {
02:     karate.configure(&#39;classpath:karate-config.js&#39;);
03:     return {
04:     karate.configure(&#39;driver&#39;, { type: &#39;chrome&#39;, addOptions: [&#39;--disable-save-password-bubble&#39;] });
05:         return {
06:         // Other configurations...
07:                 packages: [&#39;com.appiancorp.ps.automatedtest.fixture&#39;]
08:             };
09: 
10: 
11:     };
12: }
13: )
&lt;&lt;&lt;&lt;
org.graalvm.polyglot.PolyglotException: SyntaxError: Unnamed:4:10 Expected : but found .
    karate.configure(&#39;driver&#39;, { type: &#39;chrome&#39;, addOptions: [&#39;--disable-save-password-bubble&#39;] });
          ^
Unnamed:4:97 Expected ; but found )
    karate.configure(&#39;driver&#39;, { type: &#39;chrome&#39;, addOptions: [&#39;--disable-save-password-bubble&#39;] });
                                                                                                 ^
Unnamed:11:5 Expected ) but found ;
    };
     ^
Unnamed:12:0 Expected eof but found }
}
^

- org.graalvm.polyglot.Context.eval(Context.java:425)
- com.intuit.karate.graal.JsEngine.evalForValue(JsEngine.java:169)
- com.intuit.karate.graal.JsEngine.eval(JsEngine.java:165)
- com.intuit.karate.core.ScenarioEngine.evalJs(ScenarioEngine.java:1199)
- com.intuit.karate.core.ScenarioRuntime.evalConfigJs(ScenarioRuntime.java:296)
- com.intuit.karate.core.ScenarioRuntime.beforeRun(ScenarioRuntime.java:371)
- com.intuit.karate.core.ScenarioRuntime.run(ScenarioRuntime.java:390)

- com.intuit.karate.graal.JsEngine.fromJsEvalException(JsEngine.java:254)
- com.intuit.karate.core.ScenarioEngine.evalJs(ScenarioEngine.java:1201)
- com.intuit.karate.core.ScenarioRuntime.evalConfigJs(ScenarioRuntime.java:296)
- com.intuit.karate.core.ScenarioRuntime.beforeRun(ScenarioRuntime.java:371)
- com.intuit.karate.core.ScenarioRuntime.run(ScenarioRuntime.java:390)
- com.intuit.karate.core.FeatureRuntime.processScenario(FeatureRuntime.java:199)
- java.base/java.util.stream.ReferencePipeline$2$1.accept(ReferencePipeline.java:179)

ExampleProjects/appian-selenium-api-example-java/src/main/java/com/appiancorp/example/Feature/sample.feature:5
ExampleProjects/appian-selenium-api-example-java/src/main/java/com/appiancorp/example/Feature/sample.feature:6
ExampleProjects/appian-selenium-api-example-java/src/main/java/com/appiancorp/example/Feature/sample.feature:7
ExampleProjects/appian-selenium-api-example-java/src/main/java/com/appiancorp/example/Feature/sample.feature:9
</div>   

  

</div>
</div>
          <div><div>
  

  

  <div class="step-row">
    <div class="step-container" id="1.10">
      <div class="step-ref failed">10</div>
      
      <div class="step-cell failed">
        <span>*</span>&nbsp;<span>maximize()</span>
      </div>
    </div>
    <div class="time-cell failed">0</div>
  </div>

   
  
  

  

  <div class="preformatted" data-parent="1.10">14:52:15.710 ExampleProjects/appian-selenium-api-example-java/src/main/java/com/appiancorp/example/Feature/sample.feature:10
* maximize()
&gt;&gt; ExampleProjects/appian-selenium-api-example-java/src/main/java/com/appiancorp/example/Feature/sample.feature:22
&gt;&gt; karate-config.js failed
&gt;&gt; js failed:
&gt;&gt;&gt;&gt;
01: (function() {
02:     karate.configure(&#39;classpath:karate-config.js&#39;);
03:     return {
04:     karate.configure(&#39;driver&#39;, { type: &#39;chrome&#39;, addOptions: [&#39;--disable-save-password-bubble&#39;] });
05:         return {
06:         // Other configurations...
07:                 packages: [&#39;com.appiancorp.ps.automatedtest.fixture&#39;]
08:             };
09: 
10: 
11:     };
12: }
13: )
&lt;&lt;&lt;&lt;
org.graalvm.polyglot.PolyglotException: SyntaxError: Unnamed:4:10 Expected : but found .
    karate.configure(&#39;driver&#39;, { type: &#39;chrome&#39;, addOptions: [&#39;--disable-save-password-bubble&#39;] });
          ^
Unnamed:4:97 Expected ; but found )
    karate.configure(&#39;driver&#39;, { type: &#39;chrome&#39;, addOptions: [&#39;--disable-save-password-bubble&#39;] });
                                                                                                 ^
Unnamed:11:5 Expected ) but found ;
    };
     ^
Unnamed:12:0 Expected eof but found }
}
^

- org.graalvm.polyglot.Context.eval(Context.java:425)
- com.intuit.karate.graal.JsEngine.evalForValue(JsEngine.java:169)
- com.intuit.karate.graal.JsEngine.eval(JsEngine.java:165)
- com.intuit.karate.core.ScenarioEngine.evalJs(ScenarioEngine.java:1199)
- com.intuit.karate.core.ScenarioRuntime.evalConfigJs(ScenarioRuntime.java:296)
- com.intuit.karate.core.ScenarioRuntime.beforeRun(ScenarioRuntime.java:371)
- com.intuit.karate.core.ScenarioRuntime.run(ScenarioRuntime.java:390)

js failed:
&gt;&gt;&gt;&gt;
01: function() {
02:     karate.configure(&#39;classpath:karate-config.js&#39;);
03:     return {
04:     karate.configure(&#39;driver&#39;, { type: &#39;chrome&#39;, addOptions: [&#39;--disable-save-password-bubble&#39;] });
05:         return {
06:         // Other configurations...
07:                 packages: [&#39;com.appiancorp.ps.automatedtest.fixture&#39;]
08:             };
09: 
10: 
11:     };
12: }
&lt;&lt;&lt;&lt;
com.intuit.karate.KarateException: js failed:
&gt;&gt;&gt;&gt;
01: (function() {
02:     karate.configure(&#39;classpath:karate-config.js&#39;);
03:     return {
04:     karate.configure(&#39;driver&#39;, { type: &#39;chrome&#39;, addOptions: [&#39;--disable-save-password-bubble&#39;] });
05:         return {
06:         // Other configurations...
07:                 packages: [&#39;com.appiancorp.ps.automatedtest.fixture&#39;]
08:             };
09: 
10: 
11:     };
12: }
13: )
&lt;&lt;&lt;&lt;
org.graalvm.polyglot.PolyglotException: SyntaxError: Unnamed:4:10 Expected : but found .
    karate.configure(&#39;driver&#39;, { type: &#39;chrome&#39;, addOptions: [&#39;--disable-save-password-bubble&#39;] });
          ^
Unnamed:4:97 Expected ; but found )
    karate.configure(&#39;driver&#39;, { type: &#39;chrome&#39;, addOptions: [&#39;--disable-save-password-bubble&#39;] });
                                                                                                 ^
Unnamed:11:5 Expected ) but found ;
    };
     ^
Unnamed:12:0 Expected eof but found }
}
^

- org.graalvm.polyglot.Context.eval(Context.java:425)
- com.intuit.karate.graal.JsEngine.evalForValue(JsEngine.java:169)
- com.intuit.karate.graal.JsEngine.eval(JsEngine.java:165)
- com.intuit.karate.core.ScenarioEngine.evalJs(ScenarioEngine.java:1199)
- com.intuit.karate.core.ScenarioRuntime.evalConfigJs(ScenarioRuntime.java:296)
- com.intuit.karate.core.ScenarioRuntime.beforeRun(ScenarioRuntime.java:371)
- com.intuit.karate.core.ScenarioRuntime.run(ScenarioRuntime.java:390)

- com.intuit.karate.graal.JsEngine.fromJsEvalException(JsEngine.java:254)
- com.intuit.karate.core.ScenarioEngine.evalJs(ScenarioEngine.java:1201)
- com.intuit.karate.core.ScenarioRuntime.evalConfigJs(ScenarioRuntime.java:296)
- com.intuit.karate.core.ScenarioRuntime.beforeRun(ScenarioRuntime.java:371)
- com.intuit.karate.core.ScenarioRuntime.run(ScenarioRuntime.java:390)
- com.intuit.karate.core.FeatureRuntime.processScenario(FeatureRuntime.java:199)
- java.base/java.util.stream.ReferencePipeline$2$1.accept(ReferencePipeline.java:179)

ExampleProjects/appian-selenium-api-example-java/src/main/java/com/appiancorp/example/Feature/sample.feature:5
ExampleProjects/appian-selenium-api-example-java/src/main/java/com/appiancorp/example/Feature/sample.feature:6
ExampleProjects/appian-selenium-api-example-java/src/main/java/com/appiancorp/example/Feature/sample.feature:7
ExampleProjects/appian-selenium-api-example-java/src/main/java/com/appiancorp/example/Feature/sample.feature:9
ExampleProjects/appian-selenium-api-example-java/src/main/java/com/appiancorp/example/Feature/sample.feature:10
</div>   

  

</div>
</div>
          <div><div>
  

  

  <div class="step-row">
    <div class="step-container" id="1.11">
      <div class="step-ref failed">11</div>
      
      <div class="step-cell failed">
        <span>*</span>&nbsp;<span>delay(1000)</span>
      </div>
    </div>
    <div class="time-cell failed">0</div>
  </div>

   
  
  

  

  <div class="preformatted" data-parent="1.11">14:52:15.710 ExampleProjects/appian-selenium-api-example-java/src/main/java/com/appiancorp/example/Feature/sample.feature:11
* delay(1000)
&gt;&gt; ExampleProjects/appian-selenium-api-example-java/src/main/java/com/appiancorp/example/Feature/sample.feature:22
&gt;&gt; karate-config.js failed
&gt;&gt; js failed:
&gt;&gt;&gt;&gt;
01: (function() {
02:     karate.configure(&#39;classpath:karate-config.js&#39;);
03:     return {
04:     karate.configure(&#39;driver&#39;, { type: &#39;chrome&#39;, addOptions: [&#39;--disable-save-password-bubble&#39;] });
05:         return {
06:         // Other configurations...
07:                 packages: [&#39;com.appiancorp.ps.automatedtest.fixture&#39;]
08:             };
09: 
10: 
11:     };
12: }
13: )
&lt;&lt;&lt;&lt;
org.graalvm.polyglot.PolyglotException: SyntaxError: Unnamed:4:10 Expected : but found .
    karate.configure(&#39;driver&#39;, { type: &#39;chrome&#39;, addOptions: [&#39;--disable-save-password-bubble&#39;] });
          ^
Unnamed:4:97 Expected ; but found )
    karate.configure(&#39;driver&#39;, { type: &#39;chrome&#39;, addOptions: [&#39;--disable-save-password-bubble&#39;] });
                                                                                                 ^
Unnamed:11:5 Expected ) but found ;
    };
     ^
Unnamed:12:0 Expected eof but found }
}
^

- org.graalvm.polyglot.Context.eval(Context.java:425)
- com.intuit.karate.graal.JsEngine.evalForValue(JsEngine.java:169)
- com.intuit.karate.graal.JsEngine.eval(JsEngine.java:165)
- com.intuit.karate.core.ScenarioEngine.evalJs(ScenarioEngine.java:1199)
- com.intuit.karate.core.ScenarioRuntime.evalConfigJs(ScenarioRuntime.java:296)
- com.intuit.karate.core.ScenarioRuntime.beforeRun(ScenarioRuntime.java:371)
- com.intuit.karate.core.ScenarioRuntime.run(ScenarioRuntime.java:390)

js failed:
&gt;&gt;&gt;&gt;
01: function() {
02:     karate.configure(&#39;classpath:karate-config.js&#39;);
03:     return {
04:     karate.configure(&#39;driver&#39;, { type: &#39;chrome&#39;, addOptions: [&#39;--disable-save-password-bubble&#39;] });
05:         return {
06:         // Other configurations...
07:                 packages: [&#39;com.appiancorp.ps.automatedtest.fixture&#39;]
08:             };
09: 
10: 
11:     };
12: }
&lt;&lt;&lt;&lt;
com.intuit.karate.KarateException: js failed:
&gt;&gt;&gt;&gt;
01: (function() {
02:     karate.configure(&#39;classpath:karate-config.js&#39;);
03:     return {
04:     karate.configure(&#39;driver&#39;, { type: &#39;chrome&#39;, addOptions: [&#39;--disable-save-password-bubble&#39;] });
05:         return {
06:         // Other configurations...
07:                 packages: [&#39;com.appiancorp.ps.automatedtest.fixture&#39;]
08:             };
09: 
10: 
11:     };
12: }
13: )
&lt;&lt;&lt;&lt;
org.graalvm.polyglot.PolyglotException: SyntaxError: Unnamed:4:10 Expected : but found .
    karate.configure(&#39;driver&#39;, { type: &#39;chrome&#39;, addOptions: [&#39;--disable-save-password-bubble&#39;] });
          ^
Unnamed:4:97 Expected ; but found )
    karate.configure(&#39;driver&#39;, { type: &#39;chrome&#39;, addOptions: [&#39;--disable-save-password-bubble&#39;] });
                                                                                                 ^
Unnamed:11:5 Expected ) but found ;
    };
     ^
Unnamed:12:0 Expected eof but found }
}
^

- org.graalvm.polyglot.Context.eval(Context.java:425)
- com.intuit.karate.graal.JsEngine.evalForValue(JsEngine.java:169)
- com.intuit.karate.graal.JsEngine.eval(JsEngine.java:165)
- com.intuit.karate.core.ScenarioEngine.evalJs(ScenarioEngine.java:1199)
- com.intuit.karate.core.ScenarioRuntime.evalConfigJs(ScenarioRuntime.java:296)
- com.intuit.karate.core.ScenarioRuntime.beforeRun(ScenarioRuntime.java:371)
- com.intuit.karate.core.ScenarioRuntime.run(ScenarioRuntime.java:390)

- com.intuit.karate.graal.JsEngine.fromJsEvalException(JsEngine.java:254)
- com.intuit.karate.core.ScenarioEngine.evalJs(ScenarioEngine.java:1201)
- com.intuit.karate.core.ScenarioRuntime.evalConfigJs(ScenarioRuntime.java:296)
- com.intuit.karate.core.ScenarioRuntime.beforeRun(ScenarioRuntime.java:371)
- com.intuit.karate.core.ScenarioRuntime.run(ScenarioRuntime.java:390)
- com.intuit.karate.core.FeatureRuntime.processScenario(FeatureRuntime.java:199)
- java.base/java.util.stream.ReferencePipeline$2$1.accept(ReferencePipeline.java:179)

ExampleProjects/appian-selenium-api-example-java/src/main/java/com/appiancorp/example/Feature/sample.feature:5
ExampleProjects/appian-selenium-api-example-java/src/main/java/com/appiancorp/example/Feature/sample.feature:6
ExampleProjects/appian-selenium-api-example-java/src/main/java/com/appiancorp/example/Feature/sample.feature:7
ExampleProjects/appian-selenium-api-example-java/src/main/java/com/appiancorp/example/Feature/sample.feature:9
ExampleProjects/appian-selenium-api-example-java/src/main/java/com/appiancorp/example/Feature/sample.feature:10
ExampleProjects/appian-selenium-api-example-java/src/main/java/com/appiancorp/example/Feature/sample.feature:11
</div>   

  

</div>
</div>
          <div><div>
  

  

  <div class="step-row">
    <div class="step-container" id="1.12">
      <div class="step-ref failed">12</div>
      
      <div class="step-cell failed">
        <span>*</span>&nbsp;<span>input(&#39;#un&#39;,username)</span>
      </div>
    </div>
    <div class="time-cell failed">0</div>
  </div>

   
  
  

  

  <div class="preformatted" data-parent="1.12">14:52:15.711 ExampleProjects/appian-selenium-api-example-java/src/main/java/com/appiancorp/example/Feature/sample.feature:12
* input(&#39;#un&#39;,username)
&gt;&gt; ExampleProjects/appian-selenium-api-example-java/src/main/java/com/appiancorp/example/Feature/sample.feature:22
&gt;&gt; karate-config.js failed
&gt;&gt; js failed:
&gt;&gt;&gt;&gt;
01: (function() {
02:     karate.configure(&#39;classpath:karate-config.js&#39;);
03:     return {
04:     karate.configure(&#39;driver&#39;, { type: &#39;chrome&#39;, addOptions: [&#39;--disable-save-password-bubble&#39;] });
05:         return {
06:         // Other configurations...
07:                 packages: [&#39;com.appiancorp.ps.automatedtest.fixture&#39;]
08:             };
09: 
10: 
11:     };
12: }
13: )
&lt;&lt;&lt;&lt;
org.graalvm.polyglot.PolyglotException: SyntaxError: Unnamed:4:10 Expected : but found .
    karate.configure(&#39;driver&#39;, { type: &#39;chrome&#39;, addOptions: [&#39;--disable-save-password-bubble&#39;] });
          ^
Unnamed:4:97 Expected ; but found )
    karate.configure(&#39;driver&#39;, { type: &#39;chrome&#39;, addOptions: [&#39;--disable-save-password-bubble&#39;] });
                                                                                                 ^
Unnamed:11:5 Expected ) but found ;
    };
     ^
Unnamed:12:0 Expected eof but found }
}
^

- org.graalvm.polyglot.Context.eval(Context.java:425)
- com.intuit.karate.graal.JsEngine.evalForValue(JsEngine.java:169)
- com.intuit.karate.graal.JsEngine.eval(JsEngine.java:165)
- com.intuit.karate.core.ScenarioEngine.evalJs(ScenarioEngine.java:1199)
- com.intuit.karate.core.ScenarioRuntime.evalConfigJs(ScenarioRuntime.java:296)
- com.intuit.karate.core.ScenarioRuntime.beforeRun(ScenarioRuntime.java:371)
- com.intuit.karate.core.ScenarioRuntime.run(ScenarioRuntime.java:390)

js failed:
&gt;&gt;&gt;&gt;
01: function() {
02:     karate.configure(&#39;classpath:karate-config.js&#39;);
03:     return {
04:     karate.configure(&#39;driver&#39;, { type: &#39;chrome&#39;, addOptions: [&#39;--disable-save-password-bubble&#39;] });
05:         return {
06:         // Other configurations...
07:                 packages: [&#39;com.appiancorp.ps.automatedtest.fixture&#39;]
08:             };
09: 
10: 
11:     };
12: }
&lt;&lt;&lt;&lt;
com.intuit.karate.KarateException: js failed:
&gt;&gt;&gt;&gt;
01: (function() {
02:     karate.configure(&#39;classpath:karate-config.js&#39;);
03:     return {
04:     karate.configure(&#39;driver&#39;, { type: &#39;chrome&#39;, addOptions: [&#39;--disable-save-password-bubble&#39;] });
05:         return {
06:         // Other configurations...
07:                 packages: [&#39;com.appiancorp.ps.automatedtest.fixture&#39;]
08:             };
09: 
10: 
11:     };
12: }
13: )
&lt;&lt;&lt;&lt;
org.graalvm.polyglot.PolyglotException: SyntaxError: Unnamed:4:10 Expected : but found .
    karate.configure(&#39;driver&#39;, { type: &#39;chrome&#39;, addOptions: [&#39;--disable-save-password-bubble&#39;] });
          ^
Unnamed:4:97 Expected ; but found )
    karate.configure(&#39;driver&#39;, { type: &#39;chrome&#39;, addOptions: [&#39;--disable-save-password-bubble&#39;] });
                                                                                                 ^
Unnamed:11:5 Expected ) but found ;
    };
     ^
Unnamed:12:0 Expected eof but found }
}
^

- org.graalvm.polyglot.Context.eval(Context.java:425)
- com.intuit.karate.graal.JsEngine.evalForValue(JsEngine.java:169)
- com.intuit.karate.graal.JsEngine.eval(JsEngine.java:165)
- com.intuit.karate.core.ScenarioEngine.evalJs(ScenarioEngine.java:1199)
- com.intuit.karate.core.ScenarioRuntime.evalConfigJs(ScenarioRuntime.java:296)
- com.intuit.karate.core.ScenarioRuntime.beforeRun(ScenarioRuntime.java:371)
- com.intuit.karate.core.ScenarioRuntime.run(ScenarioRuntime.java:390)

- com.intuit.karate.graal.JsEngine.fromJsEvalException(JsEngine.java:254)
- com.intuit.karate.core.ScenarioEngine.evalJs(ScenarioEngine.java:1201)
- com.intuit.karate.core.ScenarioRuntime.evalConfigJs(ScenarioRuntime.java:296)
- com.intuit.karate.core.ScenarioRuntime.beforeRun(ScenarioRuntime.java:371)
- com.intuit.karate.core.ScenarioRuntime.run(ScenarioRuntime.java:390)
- com.intuit.karate.core.FeatureRuntime.processScenario(FeatureRuntime.java:199)
- java.base/java.util.stream.ReferencePipeline$2$1.accept(ReferencePipeline.java:179)

ExampleProjects/appian-selenium-api-example-java/src/main/java/com/appiancorp/example/Feature/sample.feature:5
ExampleProjects/appian-selenium-api-example-java/src/main/java/com/appiancorp/example/Feature/sample.feature:6
ExampleProjects/appian-selenium-api-example-java/src/main/java/com/appiancorp/example/Feature/sample.feature:7
ExampleProjects/appian-selenium-api-example-java/src/main/java/com/appiancorp/example/Feature/sample.feature:9
ExampleProjects/appian-selenium-api-example-java/src/main/java/com/appiancorp/example/Feature/sample.feature:10
ExampleProjects/appian-selenium-api-example-java/src/main/java/com/appiancorp/example/Feature/sample.feature:11
ExampleProjects/appian-selenium-api-example-java/src/main/java/com/appiancorp/example/Feature/sample.feature:12
</div>   

  

</div>
</div>
          <div><div>
  

  

  <div class="step-row">
    <div class="step-container" id="1.13">
      <div class="step-ref failed">13</div>
      
      <div class="step-cell failed">
        <span>And</span>&nbsp;<span>input(&#39;#pw&#39;,password)</span>
      </div>
    </div>
    <div class="time-cell failed">0</div>
  </div>

   
  
  

  

  <div class="preformatted" data-parent="1.13">14:52:15.711 ExampleProjects/appian-selenium-api-example-java/src/main/java/com/appiancorp/example/Feature/sample.feature:13
And input(&#39;#pw&#39;,password)
&gt;&gt; ExampleProjects/appian-selenium-api-example-java/src/main/java/com/appiancorp/example/Feature/sample.feature:22
&gt;&gt; karate-config.js failed
&gt;&gt; js failed:
&gt;&gt;&gt;&gt;
01: (function() {
02:     karate.configure(&#39;classpath:karate-config.js&#39;);
03:     return {
04:     karate.configure(&#39;driver&#39;, { type: &#39;chrome&#39;, addOptions: [&#39;--disable-save-password-bubble&#39;] });
05:         return {
06:         // Other configurations...
07:                 packages: [&#39;com.appiancorp.ps.automatedtest.fixture&#39;]
08:             };
09: 
10: 
11:     };
12: }
13: )
&lt;&lt;&lt;&lt;
org.graalvm.polyglot.PolyglotException: SyntaxError: Unnamed:4:10 Expected : but found .
    karate.configure(&#39;driver&#39;, { type: &#39;chrome&#39;, addOptions: [&#39;--disable-save-password-bubble&#39;] });
          ^
Unnamed:4:97 Expected ; but found )
    karate.configure(&#39;driver&#39;, { type: &#39;chrome&#39;, addOptions: [&#39;--disable-save-password-bubble&#39;] });
                                                                                                 ^
Unnamed:11:5 Expected ) but found ;
    };
     ^
Unnamed:12:0 Expected eof but found }
}
^

- org.graalvm.polyglot.Context.eval(Context.java:425)
- com.intuit.karate.graal.JsEngine.evalForValue(JsEngine.java:169)
- com.intuit.karate.graal.JsEngine.eval(JsEngine.java:165)
- com.intuit.karate.core.ScenarioEngine.evalJs(ScenarioEngine.java:1199)
- com.intuit.karate.core.ScenarioRuntime.evalConfigJs(ScenarioRuntime.java:296)
- com.intuit.karate.core.ScenarioRuntime.beforeRun(ScenarioRuntime.java:371)
- com.intuit.karate.core.ScenarioRuntime.run(ScenarioRuntime.java:390)

js failed:
&gt;&gt;&gt;&gt;
01: function() {
02:     karate.configure(&#39;classpath:karate-config.js&#39;);
03:     return {
04:     karate.configure(&#39;driver&#39;, { type: &#39;chrome&#39;, addOptions: [&#39;--disable-save-password-bubble&#39;] });
05:         return {
06:         // Other configurations...
07:                 packages: [&#39;com.appiancorp.ps.automatedtest.fixture&#39;]
08:             };
09: 
10: 
11:     };
12: }
&lt;&lt;&lt;&lt;
com.intuit.karate.KarateException: js failed:
&gt;&gt;&gt;&gt;
01: (function() {
02:     karate.configure(&#39;classpath:karate-config.js&#39;);
03:     return {
04:     karate.configure(&#39;driver&#39;, { type: &#39;chrome&#39;, addOptions: [&#39;--disable-save-password-bubble&#39;] });
05:         return {
06:         // Other configurations...
07:                 packages: [&#39;com.appiancorp.ps.automatedtest.fixture&#39;]
08:             };
09: 
10: 
11:     };
12: }
13: )
&lt;&lt;&lt;&lt;
org.graalvm.polyglot.PolyglotException: SyntaxError: Unnamed:4:10 Expected : but found .
    karate.configure(&#39;driver&#39;, { type: &#39;chrome&#39;, addOptions: [&#39;--disable-save-password-bubble&#39;] });
          ^
Unnamed:4:97 Expected ; but found )
    karate.configure(&#39;driver&#39;, { type: &#39;chrome&#39;, addOptions: [&#39;--disable-save-password-bubble&#39;] });
                                                                                                 ^
Unnamed:11:5 Expected ) but found ;
    };
     ^
Unnamed:12:0 Expected eof but found }
}
^

- org.graalvm.polyglot.Context.eval(Context.java:425)
- com.intuit.karate.graal.JsEngine.evalForValue(JsEngine.java:169)
- com.intuit.karate.graal.JsEngine.eval(JsEngine.java:165)
- com.intuit.karate.core.ScenarioEngine.evalJs(ScenarioEngine.java:1199)
- com.intuit.karate.core.ScenarioRuntime.evalConfigJs(ScenarioRuntime.java:296)
- com.intuit.karate.core.ScenarioRuntime.beforeRun(ScenarioRuntime.java:371)
- com.intuit.karate.core.ScenarioRuntime.run(ScenarioRuntime.java:390)

- com.intuit.karate.graal.JsEngine.fromJsEvalException(JsEngine.java:254)
- com.intuit.karate.core.ScenarioEngine.evalJs(ScenarioEngine.java:1201)
- com.intuit.karate.core.ScenarioRuntime.evalConfigJs(ScenarioRuntime.java:296)
- com.intuit.karate.core.ScenarioRuntime.beforeRun(ScenarioRuntime.java:371)
- com.intuit.karate.core.ScenarioRuntime.run(ScenarioRuntime.java:390)
- com.intuit.karate.core.FeatureRuntime.processScenario(FeatureRuntime.java:199)
- java.base/java.util.stream.ReferencePipeline$2$1.accept(ReferencePipeline.java:179)

ExampleProjects/appian-selenium-api-example-java/src/main/java/com/appiancorp/example/Feature/sample.feature:5
ExampleProjects/appian-selenium-api-example-java/src/main/java/com/appiancorp/example/Feature/sample.feature:6
ExampleProjects/appian-selenium-api-example-java/src/main/java/com/appiancorp/example/Feature/sample.feature:7
ExampleProjects/appian-selenium-api-example-java/src/main/java/com/appiancorp/example/Feature/sample.feature:9
ExampleProjects/appian-selenium-api-example-java/src/main/java/com/appiancorp/example/Feature/sample.feature:10
ExampleProjects/appian-selenium-api-example-java/src/main/java/com/appiancorp/example/Feature/sample.feature:11
ExampleProjects/appian-selenium-api-example-java/src/main/java/com/appiancorp/example/Feature/sample.feature:12
ExampleProjects/appian-selenium-api-example-java/src/main/java/com/appiancorp/example/Feature/sample.feature:13
</div>   

  

</div>
</div>
          <div><div>
  

  

  <div class="step-row">
    <div class="step-container" id="1.14">
      <div class="step-ref failed">14</div>
      
      <div class="step-cell failed">
        <span>*</span>&nbsp;<span>def sleep = function(millis){ java.lang.Thread.sleep(millis) }</span>
      </div>
    </div>
    <div class="time-cell failed">0</div>
  </div>

   
  
  

  

  <div class="preformatted" data-parent="1.14">14:52:15.711 ExampleProjects/appian-selenium-api-example-java/src/main/java/com/appiancorp/example/Feature/sample.feature:14
* def sleep = function(millis){ java.lang.Thread.sleep(millis) }
&gt;&gt; ExampleProjects/appian-selenium-api-example-java/src/main/java/com/appiancorp/example/Feature/sample.feature:22
&gt;&gt; karate-config.js failed
&gt;&gt; js failed:
&gt;&gt;&gt;&gt;
01: (function() {
02:     karate.configure(&#39;classpath:karate-config.js&#39;);
03:     return {
04:     karate.configure(&#39;driver&#39;, { type: &#39;chrome&#39;, addOptions: [&#39;--disable-save-password-bubble&#39;] });
05:         return {
06:         // Other configurations...
07:                 packages: [&#39;com.appiancorp.ps.automatedtest.fixture&#39;]
08:             };
09: 
10: 
11:     };
12: }
13: )
&lt;&lt;&lt;&lt;
org.graalvm.polyglot.PolyglotException: SyntaxError: Unnamed:4:10 Expected : but found .
    karate.configure(&#39;driver&#39;, { type: &#39;chrome&#39;, addOptions: [&#39;--disable-save-password-bubble&#39;] });
          ^
Unnamed:4:97 Expected ; but found )
    karate.configure(&#39;driver&#39;, { type: &#39;chrome&#39;, addOptions: [&#39;--disable-save-password-bubble&#39;] });
                                                                                                 ^
Unnamed:11:5 Expected ) but found ;
    };
     ^
Unnamed:12:0 Expected eof but found }
}
^

- org.graalvm.polyglot.Context.eval(Context.java:425)
- com.intuit.karate.graal.JsEngine.evalForValue(JsEngine.java:169)
- com.intuit.karate.graal.JsEngine.eval(JsEngine.java:165)
- com.intuit.karate.core.ScenarioEngine.evalJs(ScenarioEngine.java:1199)
- com.intuit.karate.core.ScenarioRuntime.evalConfigJs(ScenarioRuntime.java:296)
- com.intuit.karate.core.ScenarioRuntime.beforeRun(ScenarioRuntime.java:371)
- com.intuit.karate.core.ScenarioRuntime.run(ScenarioRuntime.java:390)

js failed:
&gt;&gt;&gt;&gt;
01: function() {
02:     karate.configure(&#39;classpath:karate-config.js&#39;);
03:     return {
04:     karate.configure(&#39;driver&#39;, { type: &#39;chrome&#39;, addOptions: [&#39;--disable-save-password-bubble&#39;] });
05:         return {
06:         // Other configurations...
07:                 packages: [&#39;com.appiancorp.ps.automatedtest.fixture&#39;]
08:             };
09: 
10: 
11:     };
12: }
&lt;&lt;&lt;&lt;
com.intuit.karate.KarateException: js failed:
&gt;&gt;&gt;&gt;
01: (function() {
02:     karate.configure(&#39;classpath:karate-config.js&#39;);
03:     return {
04:     karate.configure(&#39;driver&#39;, { type: &#39;chrome&#39;, addOptions: [&#39;--disable-save-password-bubble&#39;] });
05:         return {
06:         // Other configurations...
07:                 packages: [&#39;com.appiancorp.ps.automatedtest.fixture&#39;]
08:             };
09: 
10: 
11:     };
12: }
13: )
&lt;&lt;&lt;&lt;
org.graalvm.polyglot.PolyglotException: SyntaxError: Unnamed:4:10 Expected : but found .
    karate.configure(&#39;driver&#39;, { type: &#39;chrome&#39;, addOptions: [&#39;--disable-save-password-bubble&#39;] });
          ^
Unnamed:4:97 Expected ; but found )
    karate.configure(&#39;driver&#39;, { type: &#39;chrome&#39;, addOptions: [&#39;--disable-save-password-bubble&#39;] });
                                                                                                 ^
Unnamed:11:5 Expected ) but found ;
    };
     ^
Unnamed:12:0 Expected eof but found }
}
^

- org.graalvm.polyglot.Context.eval(Context.java:425)
- com.intuit.karate.graal.JsEngine.evalForValue(JsEngine.java:169)
- com.intuit.karate.graal.JsEngine.eval(JsEngine.java:165)
- com.intuit.karate.core.ScenarioEngine.evalJs(ScenarioEngine.java:1199)
- com.intuit.karate.core.ScenarioRuntime.evalConfigJs(ScenarioRuntime.java:296)
- com.intuit.karate.core.ScenarioRuntime.beforeRun(ScenarioRuntime.java:371)
- com.intuit.karate.core.ScenarioRuntime.run(ScenarioRuntime.java:390)

- com.intuit.karate.graal.JsEngine.fromJsEvalException(JsEngine.java:254)
- com.intuit.karate.core.ScenarioEngine.evalJs(ScenarioEngine.java:1201)
- com.intuit.karate.core.ScenarioRuntime.evalConfigJs(ScenarioRuntime.java:296)
- com.intuit.karate.core.ScenarioRuntime.beforeRun(ScenarioRuntime.java:371)
- com.intuit.karate.core.ScenarioRuntime.run(ScenarioRuntime.java:390)
- com.intuit.karate.core.FeatureRuntime.processScenario(FeatureRuntime.java:199)
- java.base/java.util.stream.ReferencePipeline$2$1.accept(ReferencePipeline.java:179)

ExampleProjects/appian-selenium-api-example-java/src/main/java/com/appiancorp/example/Feature/sample.feature:5
ExampleProjects/appian-selenium-api-example-java/src/main/java/com/appiancorp/example/Feature/sample.feature:6
ExampleProjects/appian-selenium-api-example-java/src/main/java/com/appiancorp/example/Feature/sample.feature:7
ExampleProjects/appian-selenium-api-example-java/src/main/java/com/appiancorp/example/Feature/sample.feature:9
ExampleProjects/appian-selenium-api-example-java/src/main/java/com/appiancorp/example/Feature/sample.feature:10
ExampleProjects/appian-selenium-api-example-java/src/main/java/com/appiancorp/example/Feature/sample.feature:11
ExampleProjects/appian-selenium-api-example-java/src/main/java/com/appiancorp/example/Feature/sample.feature:12
ExampleProjects/appian-selenium-api-example-java/src/main/java/com/appiancorp/example/Feature/sample.feature:13
ExampleProjects/appian-selenium-api-example-java/src/main/java/com/appiancorp/example/Feature/sample.feature:14
</div>   

  

</div>
</div>
          <div><div>
  

  

  <div class="step-row">
    <div class="step-container" id="1.15">
      <div class="step-ref failed">15</div>
      
      <div class="step-cell failed">
        <span>*</span>&nbsp;<span>sleep(2000)</span>
      </div>
    </div>
    <div class="time-cell failed">0</div>
  </div>

   
  
  

  

  <div class="preformatted" data-parent="1.15">14:52:15.712 ExampleProjects/appian-selenium-api-example-java/src/main/java/com/appiancorp/example/Feature/sample.feature:15
* sleep(2000)
&gt;&gt; ExampleProjects/appian-selenium-api-example-java/src/main/java/com/appiancorp/example/Feature/sample.feature:22
&gt;&gt; karate-config.js failed
&gt;&gt; js failed:
&gt;&gt;&gt;&gt;
01: (function() {
02:     karate.configure(&#39;classpath:karate-config.js&#39;);
03:     return {
04:     karate.configure(&#39;driver&#39;, { type: &#39;chrome&#39;, addOptions: [&#39;--disable-save-password-bubble&#39;] });
05:         return {
06:         // Other configurations...
07:                 packages: [&#39;com.appiancorp.ps.automatedtest.fixture&#39;]
08:             };
09: 
10: 
11:     };
12: }
13: )
&lt;&lt;&lt;&lt;
org.graalvm.polyglot.PolyglotException: SyntaxError: Unnamed:4:10 Expected : but found .
    karate.configure(&#39;driver&#39;, { type: &#39;chrome&#39;, addOptions: [&#39;--disable-save-password-bubble&#39;] });
          ^
Unnamed:4:97 Expected ; but found )
    karate.configure(&#39;driver&#39;, { type: &#39;chrome&#39;, addOptions: [&#39;--disable-save-password-bubble&#39;] });
                                                                                                 ^
Unnamed:11:5 Expected ) but found ;
    };
     ^
Unnamed:12:0 Expected eof but found }
}
^

- org.graalvm.polyglot.Context.eval(Context.java:425)
- com.intuit.karate.graal.JsEngine.evalForValue(JsEngine.java:169)
- com.intuit.karate.graal.JsEngine.eval(JsEngine.java:165)
- com.intuit.karate.core.ScenarioEngine.evalJs(ScenarioEngine.java:1199)
- com.intuit.karate.core.ScenarioRuntime.evalConfigJs(ScenarioRuntime.java:296)
- com.intuit.karate.core.ScenarioRuntime.beforeRun(ScenarioRuntime.java:371)
- com.intuit.karate.core.ScenarioRuntime.run(ScenarioRuntime.java:390)

js failed:
&gt;&gt;&gt;&gt;
01: function() {
02:     karate.configure(&#39;classpath:karate-config.js&#39;);
03:     return {
04:     karate.configure(&#39;driver&#39;, { type: &#39;chrome&#39;, addOptions: [&#39;--disable-save-password-bubble&#39;] });
05:         return {
06:         // Other configurations...
07:                 packages: [&#39;com.appiancorp.ps.automatedtest.fixture&#39;]
08:             };
09: 
10: 
11:     };
12: }
&lt;&lt;&lt;&lt;
com.intuit.karate.KarateException: js failed:
&gt;&gt;&gt;&gt;
01: (function() {
02:     karate.configure(&#39;classpath:karate-config.js&#39;);
03:     return {
04:     karate.configure(&#39;driver&#39;, { type: &#39;chrome&#39;, addOptions: [&#39;--disable-save-password-bubble&#39;] });
05:         return {
06:         // Other configurations...
07:                 packages: [&#39;com.appiancorp.ps.automatedtest.fixture&#39;]
08:             };
09: 
10: 
11:     };
12: }
13: )
&lt;&lt;&lt;&lt;
org.graalvm.polyglot.PolyglotException: SyntaxError: Unnamed:4:10 Expected : but found .
    karate.configure(&#39;driver&#39;, { type: &#39;chrome&#39;, addOptions: [&#39;--disable-save-password-bubble&#39;] });
          ^
Unnamed:4:97 Expected ; but found )
    karate.configure(&#39;driver&#39;, { type: &#39;chrome&#39;, addOptions: [&#39;--disable-save-password-bubble&#39;] });
                                                                                                 ^
Unnamed:11:5 Expected ) but found ;
    };
     ^
Unnamed:12:0 Expected eof but found }
}
^

- org.graalvm.polyglot.Context.eval(Context.java:425)
- com.intuit.karate.graal.JsEngine.evalForValue(JsEngine.java:169)
- com.intuit.karate.graal.JsEngine.eval(JsEngine.java:165)
- com.intuit.karate.core.ScenarioEngine.evalJs(ScenarioEngine.java:1199)
- com.intuit.karate.core.ScenarioRuntime.evalConfigJs(ScenarioRuntime.java:296)
- com.intuit.karate.core.ScenarioRuntime.beforeRun(ScenarioRuntime.java:371)
- com.intuit.karate.core.ScenarioRuntime.run(ScenarioRuntime.java:390)

- com.intuit.karate.graal.JsEngine.fromJsEvalException(JsEngine.java:254)
- com.intuit.karate.core.ScenarioEngine.evalJs(ScenarioEngine.java:1201)
- com.intuit.karate.core.ScenarioRuntime.evalConfigJs(ScenarioRuntime.java:296)
- com.intuit.karate.core.ScenarioRuntime.beforeRun(ScenarioRuntime.java:371)
- com.intuit.karate.core.ScenarioRuntime.run(ScenarioRuntime.java:390)
- com.intuit.karate.core.FeatureRuntime.processScenario(FeatureRuntime.java:199)
- java.base/java.util.stream.ReferencePipeline$2$1.accept(ReferencePipeline.java:179)

ExampleProjects/appian-selenium-api-example-java/src/main/java/com/appiancorp/example/Feature/sample.feature:5
ExampleProjects/appian-selenium-api-example-java/src/main/java/com/appiancorp/example/Feature/sample.feature:6
ExampleProjects/appian-selenium-api-example-java/src/main/java/com/appiancorp/example/Feature/sample.feature:7
ExampleProjects/appian-selenium-api-example-java/src/main/java/com/appiancorp/example/Feature/sample.feature:9
ExampleProjects/appian-selenium-api-example-java/src/main/java/com/appiancorp/example/Feature/sample.feature:10
ExampleProjects/appian-selenium-api-example-java/src/main/java/com/appiancorp/example/Feature/sample.feature:11
ExampleProjects/appian-selenium-api-example-java/src/main/java/com/appiancorp/example/Feature/sample.feature:12
ExampleProjects/appian-selenium-api-example-java/src/main/java/com/appiancorp/example/Feature/sample.feature:13
ExampleProjects/appian-selenium-api-example-java/src/main/java/com/appiancorp/example/Feature/sample.feature:14
ExampleProjects/appian-selenium-api-example-java/src/main/java/com/appiancorp/example/Feature/sample.feature:15
</div>   

  

</div>
</div>
          <div><div>
  

  

  <div class="step-row">
    <div class="step-container" id="1.16">
      <div class="step-ref failed">16</div>
      
      <div class="step-cell failed">
        <span>And</span>&nbsp;<span>mouse(signIn).click()</span>
      </div>
    </div>
    <div class="time-cell failed">0</div>
  </div>

   
  
  

  

  <div class="preformatted" data-parent="1.16">14:52:15.712 ExampleProjects/appian-selenium-api-example-java/src/main/java/com/appiancorp/example/Feature/sample.feature:16
And mouse(signIn).click()
&gt;&gt; ExampleProjects/appian-selenium-api-example-java/src/main/java/com/appiancorp/example/Feature/sample.feature:22
&gt;&gt; karate-config.js failed
&gt;&gt; js failed:
&gt;&gt;&gt;&gt;
01: (function() {
02:     karate.configure(&#39;classpath:karate-config.js&#39;);
03:     return {
04:     karate.configure(&#39;driver&#39;, { type: &#39;chrome&#39;, addOptions: [&#39;--disable-save-password-bubble&#39;] });
05:         return {
06:         // Other configurations...
07:                 packages: [&#39;com.appiancorp.ps.automatedtest.fixture&#39;]
08:             };
09: 
10: 
11:     };
12: }
13: )
&lt;&lt;&lt;&lt;
org.graalvm.polyglot.PolyglotException: SyntaxError: Unnamed:4:10 Expected : but found .
    karate.configure(&#39;driver&#39;, { type: &#39;chrome&#39;, addOptions: [&#39;--disable-save-password-bubble&#39;] });
          ^
Unnamed:4:97 Expected ; but found )
    karate.configure(&#39;driver&#39;, { type: &#39;chrome&#39;, addOptions: [&#39;--disable-save-password-bubble&#39;] });
                                                                                                 ^
Unnamed:11:5 Expected ) but found ;
    };
     ^
Unnamed:12:0 Expected eof but found }
}
^

- org.graalvm.polyglot.Context.eval(Context.java:425)
- com.intuit.karate.graal.JsEngine.evalForValue(JsEngine.java:169)
- com.intuit.karate.graal.JsEngine.eval(JsEngine.java:165)
- com.intuit.karate.core.ScenarioEngine.evalJs(ScenarioEngine.java:1199)
- com.intuit.karate.core.ScenarioRuntime.evalConfigJs(ScenarioRuntime.java:296)
- com.intuit.karate.core.ScenarioRuntime.beforeRun(ScenarioRuntime.java:371)
- com.intuit.karate.core.ScenarioRuntime.run(ScenarioRuntime.java:390)

js failed:
&gt;&gt;&gt;&gt;
01: function() {
02:     karate.configure(&#39;classpath:karate-config.js&#39;);
03:     return {
04:     karate.configure(&#39;driver&#39;, { type: &#39;chrome&#39;, addOptions: [&#39;--disable-save-password-bubble&#39;] });
05:         return {
06:         // Other configurations...
07:                 packages: [&#39;com.appiancorp.ps.automatedtest.fixture&#39;]
08:             };
09: 
10: 
11:     };
12: }
&lt;&lt;&lt;&lt;
com.intuit.karate.KarateException: js failed:
&gt;&gt;&gt;&gt;
01: (function() {
02:     karate.configure(&#39;classpath:karate-config.js&#39;);
03:     return {
04:     karate.configure(&#39;driver&#39;, { type: &#39;chrome&#39;, addOptions: [&#39;--disable-save-password-bubble&#39;] });
05:         return {
06:         // Other configurations...
07:                 packages: [&#39;com.appiancorp.ps.automatedtest.fixture&#39;]
08:             };
09: 
10: 
11:     };
12: }
13: )
&lt;&lt;&lt;&lt;
org.graalvm.polyglot.PolyglotException: SyntaxError: Unnamed:4:10 Expected : but found .
    karate.configure(&#39;driver&#39;, { type: &#39;chrome&#39;, addOptions: [&#39;--disable-save-password-bubble&#39;] });
          ^
Unnamed:4:97 Expected ; but found )
    karate.configure(&#39;driver&#39;, { type: &#39;chrome&#39;, addOptions: [&#39;--disable-save-password-bubble&#39;] });
                                                                                                 ^
Unnamed:11:5 Expected ) but found ;
    };
     ^
Unnamed:12:0 Expected eof but found }
}
^

- org.graalvm.polyglot.Context.eval(Context.java:425)
- com.intuit.karate.graal.JsEngine.evalForValue(JsEngine.java:169)
- com.intuit.karate.graal.JsEngine.eval(JsEngine.java:165)
- com.intuit.karate.core.ScenarioEngine.evalJs(ScenarioEngine.java:1199)
- com.intuit.karate.core.ScenarioRuntime.evalConfigJs(ScenarioRuntime.java:296)
- com.intuit.karate.core.ScenarioRuntime.beforeRun(ScenarioRuntime.java:371)
- com.intuit.karate.core.ScenarioRuntime.run(ScenarioRuntime.java:390)

- com.intuit.karate.graal.JsEngine.fromJsEvalException(JsEngine.java:254)
- com.intuit.karate.core.ScenarioEngine.evalJs(ScenarioEngine.java:1201)
- com.intuit.karate.core.ScenarioRuntime.evalConfigJs(ScenarioRuntime.java:296)
- com.intuit.karate.core.ScenarioRuntime.beforeRun(ScenarioRuntime.java:371)
- com.intuit.karate.core.ScenarioRuntime.run(ScenarioRuntime.java:390)
- com.intuit.karate.core.FeatureRuntime.processScenario(FeatureRuntime.java:199)
- java.base/java.util.stream.ReferencePipeline$2$1.accept(ReferencePipeline.java:179)

ExampleProjects/appian-selenium-api-example-java/src/main/java/com/appiancorp/example/Feature/sample.feature:5
ExampleProjects/appian-selenium-api-example-java/src/main/java/com/appiancorp/example/Feature/sample.feature:6
ExampleProjects/appian-selenium-api-example-java/src/main/java/com/appiancorp/example/Feature/sample.feature:7
ExampleProjects/appian-selenium-api-example-java/src/main/java/com/appiancorp/example/Feature/sample.feature:9
ExampleProjects/appian-selenium-api-example-java/src/main/java/com/appiancorp/example/Feature/sample.feature:10
ExampleProjects/appian-selenium-api-example-java/src/main/java/com/appiancorp/example/Feature/sample.feature:11
ExampleProjects/appian-selenium-api-example-java/src/main/java/com/appiancorp/example/Feature/sample.feature:12
ExampleProjects/appian-selenium-api-example-java/src/main/java/com/appiancorp/example/Feature/sample.feature:13
ExampleProjects/appian-selenium-api-example-java/src/main/java/com/appiancorp/example/Feature/sample.feature:14
ExampleProjects/appian-selenium-api-example-java/src/main/java/com/appiancorp/example/Feature/sample.feature:15
ExampleProjects/appian-selenium-api-example-java/src/main/java/com/appiancorp/example/Feature/sample.feature:16
</div>   

  

</div>
</div>
          <div><div>
  

  

  <div class="step-row">
    <div class="step-container" id="1.17">
      <div class="step-ref failed">17</div>
      
      <div class="step-cell failed">
        <span>*</span>&nbsp;<span>sleep(4000)</span>
      </div>
    </div>
    <div class="time-cell failed">0</div>
  </div>

   
  
  

  

  <div class="preformatted" data-parent="1.17">14:52:15.715 ExampleProjects/appian-selenium-api-example-java/src/main/java/com/appiancorp/example/Feature/sample.feature:17
* sleep(4000)
&gt;&gt; ExampleProjects/appian-selenium-api-example-java/src/main/java/com/appiancorp/example/Feature/sample.feature:22
&gt;&gt; karate-config.js failed
&gt;&gt; js failed:
&gt;&gt;&gt;&gt;
01: (function() {
02:     karate.configure(&#39;classpath:karate-config.js&#39;);
03:     return {
04:     karate.configure(&#39;driver&#39;, { type: &#39;chrome&#39;, addOptions: [&#39;--disable-save-password-bubble&#39;] });
05:         return {
06:         // Other configurations...
07:                 packages: [&#39;com.appiancorp.ps.automatedtest.fixture&#39;]
08:             };
09: 
10: 
11:     };
12: }
13: )
&lt;&lt;&lt;&lt;
org.graalvm.polyglot.PolyglotException: SyntaxError: Unnamed:4:10 Expected : but found .
    karate.configure(&#39;driver&#39;, { type: &#39;chrome&#39;, addOptions: [&#39;--disable-save-password-bubble&#39;] });
          ^
Unnamed:4:97 Expected ; but found )
    karate.configure(&#39;driver&#39;, { type: &#39;chrome&#39;, addOptions: [&#39;--disable-save-password-bubble&#39;] });
                                                                                                 ^
Unnamed:11:5 Expected ) but found ;
    };
     ^
Unnamed:12:0 Expected eof but found }
}
^

- org.graalvm.polyglot.Context.eval(Context.java:425)
- com.intuit.karate.graal.JsEngine.evalForValue(JsEngine.java:169)
- com.intuit.karate.graal.JsEngine.eval(JsEngine.java:165)
- com.intuit.karate.core.ScenarioEngine.evalJs(ScenarioEngine.java:1199)
- com.intuit.karate.core.ScenarioRuntime.evalConfigJs(ScenarioRuntime.java:296)
- com.intuit.karate.core.ScenarioRuntime.beforeRun(ScenarioRuntime.java:371)
- com.intuit.karate.core.ScenarioRuntime.run(ScenarioRuntime.java:390)

js failed:
&gt;&gt;&gt;&gt;
01: function() {
02:     karate.configure(&#39;classpath:karate-config.js&#39;);
03:     return {
04:     karate.configure(&#39;driver&#39;, { type: &#39;chrome&#39;, addOptions: [&#39;--disable-save-password-bubble&#39;] });
05:         return {
06:         // Other configurations...
07:                 packages: [&#39;com.appiancorp.ps.automatedtest.fixture&#39;]
08:             };
09: 
10: 
11:     };
12: }
&lt;&lt;&lt;&lt;
com.intuit.karate.KarateException: js failed:
&gt;&gt;&gt;&gt;
01: (function() {
02:     karate.configure(&#39;classpath:karate-config.js&#39;);
03:     return {
04:     karate.configure(&#39;driver&#39;, { type: &#39;chrome&#39;, addOptions: [&#39;--disable-save-password-bubble&#39;] });
05:         return {
06:         // Other configurations...
07:                 packages: [&#39;com.appiancorp.ps.automatedtest.fixture&#39;]
08:             };
09: 
10: 
11:     };
12: }
13: )
&lt;&lt;&lt;&lt;
org.graalvm.polyglot.PolyglotException: SyntaxError: Unnamed:4:10 Expected : but found .
    karate.configure(&#39;driver&#39;, { type: &#39;chrome&#39;, addOptions: [&#39;--disable-save-password-bubble&#39;] });
          ^
Unnamed:4:97 Expected ; but found )
    karate.configure(&#39;driver&#39;, { type: &#39;chrome&#39;, addOptions: [&#39;--disable-save-password-bubble&#39;] });
                                                                                                 ^
Unnamed:11:5 Expected ) but found ;
    };
     ^
Unnamed:12:0 Expected eof but found }
}
^

- org.graalvm.polyglot.Context.eval(Context.java:425)
- com.intuit.karate.graal.JsEngine.evalForValue(JsEngine.java:169)
- com.intuit.karate.graal.JsEngine.eval(JsEngine.java:165)
- com.intuit.karate.core.ScenarioEngine.evalJs(ScenarioEngine.java:1199)
- com.intuit.karate.core.ScenarioRuntime.evalConfigJs(ScenarioRuntime.java:296)
- com.intuit.karate.core.ScenarioRuntime.beforeRun(ScenarioRuntime.java:371)
- com.intuit.karate.core.ScenarioRuntime.run(ScenarioRuntime.java:390)

- com.intuit.karate.graal.JsEngine.fromJsEvalException(JsEngine.java:254)
- com.intuit.karate.core.ScenarioEngine.evalJs(ScenarioEngine.java:1201)
- com.intuit.karate.core.ScenarioRuntime.evalConfigJs(ScenarioRuntime.java:296)
- com.intuit.karate.core.ScenarioRuntime.beforeRun(ScenarioRuntime.java:371)
- com.intuit.karate.core.ScenarioRuntime.run(ScenarioRuntime.java:390)
- com.intuit.karate.core.FeatureRuntime.processScenario(FeatureRuntime.java:199)
- java.base/java.util.stream.ReferencePipeline$2$1.accept(ReferencePipeline.java:179)

ExampleProjects/appian-selenium-api-example-java/src/main/java/com/appiancorp/example/Feature/sample.feature:5
ExampleProjects/appian-selenium-api-example-java/src/main/java/com/appiancorp/example/Feature/sample.feature:6
ExampleProjects/appian-selenium-api-example-java/src/main/java/com/appiancorp/example/Feature/sample.feature:7
ExampleProjects/appian-selenium-api-example-java/src/main/java/com/appiancorp/example/Feature/sample.feature:9
ExampleProjects/appian-selenium-api-example-java/src/main/java/com/appiancorp/example/Feature/sample.feature:10
ExampleProjects/appian-selenium-api-example-java/src/main/java/com/appiancorp/example/Feature/sample.feature:11
ExampleProjects/appian-selenium-api-example-java/src/main/java/com/appiancorp/example/Feature/sample.feature:12
ExampleProjects/appian-selenium-api-example-java/src/main/java/com/appiancorp/example/Feature/sample.feature:13
ExampleProjects/appian-selenium-api-example-java/src/main/java/com/appiancorp/example/Feature/sample.feature:14
ExampleProjects/appian-selenium-api-example-java/src/main/java/com/appiancorp/example/Feature/sample.feature:15
ExampleProjects/appian-selenium-api-example-java/src/main/java/com/appiancorp/example/Feature/sample.feature:16
ExampleProjects/appian-selenium-api-example-java/src/main/java/com/appiancorp/example/Feature/sample.feature:17
</div>   

  

</div>
</div>
          <div><div>
  

  

  <div class="step-row">
    <div class="step-container" id="1.18">
      <div class="step-ref failed">18</div>
      
      <div class="step-cell failed">
        <span>*</span>&nbsp;<span>call com.appiancorp.ps.automatedtest.fixture.SitesFixture.clickOnSitePage(&quot;Exporter&quot;)</span>
      </div>
    </div>
    <div class="time-cell failed">0</div>
  </div>

   
  
  

  

  <div class="preformatted" data-parent="1.18">14:52:15.716 ExampleProjects/appian-selenium-api-example-java/src/main/java/com/appiancorp/example/Feature/sample.feature:18
* call com.appiancorp.ps.automatedtest.fixture.SitesFixture.clickOnSitePage(&quot;Exporter&quot;)
&gt;&gt; ExampleProjects/appian-selenium-api-example-java/src/main/java/com/appiancorp/example/Feature/sample.feature:22
&gt;&gt; karate-config.js failed
&gt;&gt; js failed:
&gt;&gt;&gt;&gt;
01: (function() {
02:     karate.configure(&#39;classpath:karate-config.js&#39;);
03:     return {
04:     karate.configure(&#39;driver&#39;, { type: &#39;chrome&#39;, addOptions: [&#39;--disable-save-password-bubble&#39;] });
05:         return {
06:         // Other configurations...
07:                 packages: [&#39;com.appiancorp.ps.automatedtest.fixture&#39;]
08:             };
09: 
10: 
11:     };
12: }
13: )
&lt;&lt;&lt;&lt;
org.graalvm.polyglot.PolyglotException: SyntaxError: Unnamed:4:10 Expected : but found .
    karate.configure(&#39;driver&#39;, { type: &#39;chrome&#39;, addOptions: [&#39;--disable-save-password-bubble&#39;] });
          ^
Unnamed:4:97 Expected ; but found )
    karate.configure(&#39;driver&#39;, { type: &#39;chrome&#39;, addOptions: [&#39;--disable-save-password-bubble&#39;] });
                                                                                                 ^
Unnamed:11:5 Expected ) but found ;
    };
     ^
Unnamed:12:0 Expected eof but found }
}
^

- org.graalvm.polyglot.Context.eval(Context.java:425)
- com.intuit.karate.graal.JsEngine.evalForValue(JsEngine.java:169)
- com.intuit.karate.graal.JsEngine.eval(JsEngine.java:165)
- com.intuit.karate.core.ScenarioEngine.evalJs(ScenarioEngine.java:1199)
- com.intuit.karate.core.ScenarioRuntime.evalConfigJs(ScenarioRuntime.java:296)
- com.intuit.karate.core.ScenarioRuntime.beforeRun(ScenarioRuntime.java:371)
- com.intuit.karate.core.ScenarioRuntime.run(ScenarioRuntime.java:390)

js failed:
&gt;&gt;&gt;&gt;
01: function() {
02:     karate.configure(&#39;classpath:karate-config.js&#39;);
03:     return {
04:     karate.configure(&#39;driver&#39;, { type: &#39;chrome&#39;, addOptions: [&#39;--disable-save-password-bubble&#39;] });
05:         return {
06:         // Other configurations...
07:                 packages: [&#39;com.appiancorp.ps.automatedtest.fixture&#39;]
08:             };
09: 
10: 
11:     };
12: }
&lt;&lt;&lt;&lt;
com.intuit.karate.KarateException: js failed:
&gt;&gt;&gt;&gt;
01: (function() {
02:     karate.configure(&#39;classpath:karate-config.js&#39;);
03:     return {
04:     karate.configure(&#39;driver&#39;, { type: &#39;chrome&#39;, addOptions: [&#39;--disable-save-password-bubble&#39;] });
05:         return {
06:         // Other configurations...
07:                 packages: [&#39;com.appiancorp.ps.automatedtest.fixture&#39;]
08:             };
09: 
10: 
11:     };
12: }
13: )
&lt;&lt;&lt;&lt;
org.graalvm.polyglot.PolyglotException: SyntaxError: Unnamed:4:10 Expected : but found .
    karate.configure(&#39;driver&#39;, { type: &#39;chrome&#39;, addOptions: [&#39;--disable-save-password-bubble&#39;] });
          ^
Unnamed:4:97 Expected ; but found )
    karate.configure(&#39;driver&#39;, { type: &#39;chrome&#39;, addOptions: [&#39;--disable-save-password-bubble&#39;] });
                                                                                                 ^
Unnamed:11:5 Expected ) but found ;
    };
     ^
Unnamed:12:0 Expected eof but found }
}
^

- org.graalvm.polyglot.Context.eval(Context.java:425)
- com.intuit.karate.graal.JsEngine.evalForValue(JsEngine.java:169)
- com.intuit.karate.graal.JsEngine.eval(JsEngine.java:165)
- com.intuit.karate.core.ScenarioEngine.evalJs(ScenarioEngine.java:1199)
- com.intuit.karate.core.ScenarioRuntime.evalConfigJs(ScenarioRuntime.java:296)
- com.intuit.karate.core.ScenarioRuntime.beforeRun(ScenarioRuntime.java:371)
- com.intuit.karate.core.ScenarioRuntime.run(ScenarioRuntime.java:390)

- com.intuit.karate.graal.JsEngine.fromJsEvalException(JsEngine.java:254)
- com.intuit.karate.core.ScenarioEngine.evalJs(ScenarioEngine.java:1201)
- com.intuit.karate.core.ScenarioRuntime.evalConfigJs(ScenarioRuntime.java:296)
- com.intuit.karate.core.ScenarioRuntime.beforeRun(ScenarioRuntime.java:371)
- com.intuit.karate.core.ScenarioRuntime.run(ScenarioRuntime.java:390)
- com.intuit.karate.core.FeatureRuntime.processScenario(FeatureRuntime.java:199)
- java.base/java.util.stream.ReferencePipeline$2$1.accept(ReferencePipeline.java:179)

ExampleProjects/appian-selenium-api-example-java/src/main/java/com/appiancorp/example/Feature/sample.feature:5
ExampleProjects/appian-selenium-api-example-java/src/main/java/com/appiancorp/example/Feature/sample.feature:6
ExampleProjects/appian-selenium-api-example-java/src/main/java/com/appiancorp/example/Feature/sample.feature:7
ExampleProjects/appian-selenium-api-example-java/src/main/java/com/appiancorp/example/Feature/sample.feature:9
ExampleProjects/appian-selenium-api-example-java/src/main/java/com/appiancorp/example/Feature/sample.feature:10
ExampleProjects/appian-selenium-api-example-java/src/main/java/com/appiancorp/example/Feature/sample.feature:11
ExampleProjects/appian-selenium-api-example-java/src/main/java/com/appiancorp/example/Feature/sample.feature:12
ExampleProjects/appian-selenium-api-example-java/src/main/java/com/appiancorp/example/Feature/sample.feature:13
ExampleProjects/appian-selenium-api-example-java/src/main/java/com/appiancorp/example/Feature/sample.feature:14
ExampleProjects/appian-selenium-api-example-java/src/main/java/com/appiancorp/example/Feature/sample.feature:15
ExampleProjects/appian-selenium-api-example-java/src/main/java/com/appiancorp/example/Feature/sample.feature:16
ExampleProjects/appian-selenium-api-example-java/src/main/java/com/appiancorp/example/Feature/sample.feature:17
ExampleProjects/appian-selenium-api-example-java/src/main/java/com/appiancorp/example/Feature/sample.feature:18
</div>   

  

</div>
</div>
        </div>
      </div>
    </div>
  </body>
</html>

