{"failedCount":1,"prefixedPath":"ExampleProjects\/appian-selenium-api-example-java\/src\/main\/java\/com\/appiancorp\/example\/Feature\/sample.feature","packageQualifiedName":"ExampleProjects.appian-selenium-api-example-java.src.main.java.com.appiancorp.example.Feature.sample","loopIndex":-1,"relativePath":"ExampleProjects\/appian-selenium-api-example-java\/src\/main\/java\/com\/appiancorp\/example\/Feature\/sample.feature","scenarioResults":[{"sectionIndex":0,"stepResults":[{"result":{"nanos":0,"errorMessage":">> ExampleProjects\/appian-selenium-api-example-java\/src\/main\/java\/com\/appiancorp\/example\/Feature\/sample.feature:22\n>> karate-config.js failed\n>> js failed:\n>>>>\n01: (function() {\n02:     karate.configure('classpath:karate-config.js');\n03:     return {\n04:     karate.configure('driver', { type: 'chrome', addOptions: ['--disable-save-password-bubble'] });\n05:         return {\n06:         \/\/ Other configurations...\n07:                 packages: ['com.appiancorp.ps.automatedtest.fixture']\n08:             };\n09: \n10: \n11:     };\n12: }\n13: )\n<<<<\norg.graalvm.polyglot.PolyglotException: SyntaxError: Unnamed:4:10 Expected : but found .\r\n    karate.configure('driver', { type: 'chrome', addOptions: ['--disable-save-password-bubble'] });\r\n          ^\nUnnamed:4:97 Expected ; but found )\r\n    karate.configure('driver', { type: 'chrome', addOptions: ['--disable-save-password-bubble'] });\r\n                                                                                                 ^\nUnnamed:11:5 Expected ) but found ;\r\n    };\r\n     ^\nUnnamed:12:0 Expected eof but found }\r\n}\r\n^\n\n- org.graalvm.polyglot.Context.eval(Context.java:425)\n- com.intuit.karate.graal.JsEngine.evalForValue(JsEngine.java:169)\n- com.intuit.karate.graal.JsEngine.eval(JsEngine.java:165)\n- com.intuit.karate.core.ScenarioEngine.evalJs(ScenarioEngine.java:1199)\n- com.intuit.karate.core.ScenarioRuntime.evalConfigJs(ScenarioRuntime.java:296)\n- com.intuit.karate.core.ScenarioRuntime.beforeRun(ScenarioRuntime.java:371)\n- com.intuit.karate.core.ScenarioRuntime.run(ScenarioRuntime.java:390)\n\njs failed:\n>>>>\n01: function() {\n02:     karate.configure('classpath:karate-config.js');\n03:     return {\n04:     karate.configure('driver', { type: 'chrome', addOptions: ['--disable-save-password-bubble'] });\n05:         return {\n06:         \/\/ Other configurations...\n07:                 packages: ['com.appiancorp.ps.automatedtest.fixture']\n08:             };\n09: \n10: \n11:     };\n12: }\n<<<<\ncom.intuit.karate.KarateException: js failed:\n>>>>\n01: (function() {\n02:     karate.configure('classpath:karate-config.js');\n03:     return {\n04:     karate.configure('driver', { type: 'chrome', addOptions: ['--disable-save-password-bubble'] });\n05:         return {\n06:         \/\/ Other configurations...\n07:                 packages: ['com.appiancorp.ps.automatedtest.fixture']\n08:             };\n09: \n10: \n11:     };\n12: }\n13: )\n<<<<\norg.graalvm.polyglot.PolyglotException: SyntaxError: Unnamed:4:10 Expected : but found .\r\n    karate.configure('driver', { type: 'chrome', addOptions: ['--disable-save-password-bubble'] });\r\n          ^\nUnnamed:4:97 Expected ; but found )\r\n    karate.configure('driver', { type: 'chrome', addOptions: ['--disable-save-password-bubble'] });\r\n                                                                                                 ^\nUnnamed:11:5 Expected ) but found ;\r\n    };\r\n     ^\nUnnamed:12:0 Expected eof but found }\r\n}\r\n^\n\n- org.graalvm.polyglot.Context.eval(Context.java:425)\n- com.intuit.karate.graal.JsEngine.evalForValue(JsEngine.java:169)\n- com.intuit.karate.graal.JsEngine.eval(JsEngine.java:165)\n- com.intuit.karate.core.ScenarioEngine.evalJs(ScenarioEngine.java:1199)\n- com.intuit.karate.core.ScenarioRuntime.evalConfigJs(ScenarioRuntime.java:296)\n- com.intuit.karate.core.ScenarioRuntime.beforeRun(ScenarioRuntime.java:371)\n- com.intuit.karate.core.ScenarioRuntime.run(ScenarioRuntime.java:390)\n\n- com.intuit.karate.graal.JsEngine.fromJsEvalException(JsEngine.java:254)\n- com.intuit.karate.core.ScenarioEngine.evalJs(ScenarioEngine.java:1201)\n- com.intuit.karate.core.ScenarioRuntime.evalConfigJs(ScenarioRuntime.java:296)\n- com.intuit.karate.core.ScenarioRuntime.beforeRun(ScenarioRuntime.java:371)\n- com.intuit.karate.core.ScenarioRuntime.run(ScenarioRuntime.java:390)\n- com.intuit.karate.core.FeatureRuntime.processScenario(FeatureRuntime.java:199)\n- java.base\/java.util.stream.ReferencePipeline$2$1.accept(ReferencePipeline.java:179)\n\nExampleProjects\/appian-selenium-api-example-java\/src\/main\/java\/com\/appiancorp\/example\/Feature\/sample.feature:5","millis":0.0,"status":"failed"},"step":{"line":5,"prefix":"*","index":0,"text":"configure driver = {type: 'chrome', addOptions: ['--disable-save-password-bubble']}"},"stepLog":"14:52:15.709 ExampleProjects\/appian-selenium-api-example-java\/src\/main\/java\/com\/appiancorp\/example\/Feature\/sample.feature:5\n* configure driver = {type: 'chrome', addOptions: ['--disable-save-password-bubble']}\n>> ExampleProjects\/appian-selenium-api-example-java\/src\/main\/java\/com\/appiancorp\/example\/Feature\/sample.feature:22\n>> karate-config.js failed\n>> js failed:\n>>>>\n01: (function() {\n02:     karate.configure('classpath:karate-config.js');\n03:     return {\n04:     karate.configure('driver', { type: 'chrome', addOptions: ['--disable-save-password-bubble'] });\n05:         return {\n06:         \/\/ Other configurations...\n07:                 packages: ['com.appiancorp.ps.automatedtest.fixture']\n08:             };\n09: \n10: \n11:     };\n12: }\n13: )\n<<<<\norg.graalvm.polyglot.PolyglotException: SyntaxError: Unnamed:4:10 Expected : but found .\r\n    karate.configure('driver', { type: 'chrome', addOptions: ['--disable-save-password-bubble'] });\r\n          ^\nUnnamed:4:97 Expected ; but found )\r\n    karate.configure('driver', { type: 'chrome', addOptions: ['--disable-save-password-bubble'] });\r\n                                                                                                 ^\nUnnamed:11:5 Expected ) but found ;\r\n    };\r\n     ^\nUnnamed:12:0 Expected eof but found }\r\n}\r\n^\n\n- org.graalvm.polyglot.Context.eval(Context.java:425)\n- com.intuit.karate.graal.JsEngine.evalForValue(JsEngine.java:169)\n- com.intuit.karate.graal.JsEngine.eval(JsEngine.java:165)\n- com.intuit.karate.core.ScenarioEngine.evalJs(ScenarioEngine.java:1199)\n- com.intuit.karate.core.ScenarioRuntime.evalConfigJs(ScenarioRuntime.java:296)\n- com.intuit.karate.core.ScenarioRuntime.beforeRun(ScenarioRuntime.java:371)\n- com.intuit.karate.core.ScenarioRuntime.run(ScenarioRuntime.java:390)\n\njs failed:\n>>>>\n01: function() {\n02:     karate.configure('classpath:karate-config.js');\n03:     return {\n04:     karate.configure('driver', { type: 'chrome', addOptions: ['--disable-save-password-bubble'] });\n05:         return {\n06:         \/\/ Other configurations...\n07:                 packages: ['com.appiancorp.ps.automatedtest.fixture']\n08:             };\n09: \n10: \n11:     };\n12: }\n<<<<\ncom.intuit.karate.KarateException: js failed:\n>>>>\n01: (function() {\n02:     karate.configure('classpath:karate-config.js');\n03:     return {\n04:     karate.configure('driver', { type: 'chrome', addOptions: ['--disable-save-password-bubble'] });\n05:         return {\n06:         \/\/ Other configurations...\n07:                 packages: ['com.appiancorp.ps.automatedtest.fixture']\n08:             };\n09: \n10: \n11:     };\n12: }\n13: )\n<<<<\norg.graalvm.polyglot.PolyglotException: SyntaxError: Unnamed:4:10 Expected : but found .\r\n    karate.configure('driver', { type: 'chrome', addOptions: ['--disable-save-password-bubble'] });\r\n          ^\nUnnamed:4:97 Expected ; but found )\r\n    karate.configure('driver', { type: 'chrome', addOptions: ['--disable-save-password-bubble'] });\r\n                                                                                                 ^\nUnnamed:11:5 Expected ) but found ;\r\n    };\r\n     ^\nUnnamed:12:0 Expected eof but found }\r\n}\r\n^\n\n- org.graalvm.polyglot.Context.eval(Context.java:425)\n- com.intuit.karate.graal.JsEngine.evalForValue(JsEngine.java:169)\n- com.intuit.karate.graal.JsEngine.eval(JsEngine.java:165)\n- com.intuit.karate.core.ScenarioEngine.evalJs(ScenarioEngine.java:1199)\n- com.intuit.karate.core.ScenarioRuntime.evalConfigJs(ScenarioRuntime.java:296)\n- com.intuit.karate.core.ScenarioRuntime.beforeRun(ScenarioRuntime.java:371)\n- com.intuit.karate.core.ScenarioRuntime.run(ScenarioRuntime.java:390)\n\n- com.intuit.karate.graal.JsEngine.fromJsEvalException(JsEngine.java:254)\n- com.intuit.karate.core.ScenarioEngine.evalJs(ScenarioEngine.java:1201)\n- com.intuit.karate.core.ScenarioRuntime.evalConfigJs(ScenarioRuntime.java:296)\n- com.intuit.karate.core.ScenarioRuntime.beforeRun(ScenarioRuntime.java:371)\n- com.intuit.karate.core.ScenarioRuntime.run(ScenarioRuntime.java:390)\n- com.intuit.karate.core.FeatureRuntime.processScenario(FeatureRuntime.java:199)\n- java.base\/java.util.stream.ReferencePipeline$2$1.accept(ReferencePipeline.java:179)\n\nExampleProjects\/appian-selenium-api-example-java\/src\/main\/java\/com\/appiancorp\/example\/Feature\/sample.feature:5\n"},{"result":{"nanos":0,"errorMessage":">> ExampleProjects\/appian-selenium-api-example-java\/src\/main\/java\/com\/appiancorp\/example\/Feature\/sample.feature:22\n>> karate-config.js failed\n>> js failed:\n>>>>\n01: (function() {\n02:     karate.configure('classpath:karate-config.js');\n03:     return {\n04:     karate.configure('driver', { type: 'chrome', addOptions: ['--disable-save-password-bubble'] });\n05:         return {\n06:         \/\/ Other configurations...\n07:                 packages: ['com.appiancorp.ps.automatedtest.fixture']\n08:             };\n09: \n10: \n11:     };\n12: }\n13: )\n<<<<\norg.graalvm.polyglot.PolyglotException: SyntaxError: Unnamed:4:10 Expected : but found .\r\n    karate.configure('driver', { type: 'chrome', addOptions: ['--disable-save-password-bubble'] });\r\n          ^\nUnnamed:4:97 Expected ; but found )\r\n    karate.configure('driver', { type: 'chrome', addOptions: ['--disable-save-password-bubble'] });\r\n                                                                                                 ^\nUnnamed:11:5 Expected ) but found ;\r\n    };\r\n     ^\nUnnamed:12:0 Expected eof but found }\r\n}\r\n^\n\n- org.graalvm.polyglot.Context.eval(Context.java:425)\n- com.intuit.karate.graal.JsEngine.evalForValue(JsEngine.java:169)\n- com.intuit.karate.graal.JsEngine.eval(JsEngine.java:165)\n- com.intuit.karate.core.ScenarioEngine.evalJs(ScenarioEngine.java:1199)\n- com.intuit.karate.core.ScenarioRuntime.evalConfigJs(ScenarioRuntime.java:296)\n- com.intuit.karate.core.ScenarioRuntime.beforeRun(ScenarioRuntime.java:371)\n- com.intuit.karate.core.ScenarioRuntime.run(ScenarioRuntime.java:390)\n\njs failed:\n>>>>\n01: function() {\n02:     karate.configure('classpath:karate-config.js');\n03:     return {\n04:     karate.configure('driver', { type: 'chrome', addOptions: ['--disable-save-password-bubble'] });\n05:         return {\n06:         \/\/ Other configurations...\n07:                 packages: ['com.appiancorp.ps.automatedtest.fixture']\n08:             };\n09: \n10: \n11:     };\n12: }\n<<<<\ncom.intuit.karate.KarateException: js failed:\n>>>>\n01: (function() {\n02:     karate.configure('classpath:karate-config.js');\n03:     return {\n04:     karate.configure('driver', { type: 'chrome', addOptions: ['--disable-save-password-bubble'] });\n05:         return {\n06:         \/\/ Other configurations...\n07:                 packages: ['com.appiancorp.ps.automatedtest.fixture']\n08:             };\n09: \n10: \n11:     };\n12: }\n13: )\n<<<<\norg.graalvm.polyglot.PolyglotException: SyntaxError: Unnamed:4:10 Expected : but found .\r\n    karate.configure('driver', { type: 'chrome', addOptions: ['--disable-save-password-bubble'] });\r\n          ^\nUnnamed:4:97 Expected ; but found )\r\n    karate.configure('driver', { type: 'chrome', addOptions: ['--disable-save-password-bubble'] });\r\n                                                                                                 ^\nUnnamed:11:5 Expected ) but found ;\r\n    };\r\n     ^\nUnnamed:12:0 Expected eof but found }\r\n}\r\n^\n\n- org.graalvm.polyglot.Context.eval(Context.java:425)\n- com.intuit.karate.graal.JsEngine.evalForValue(JsEngine.java:169)\n- com.intuit.karate.graal.JsEngine.eval(JsEngine.java:165)\n- com.intuit.karate.core.ScenarioEngine.evalJs(ScenarioEngine.java:1199)\n- com.intuit.karate.core.ScenarioRuntime.evalConfigJs(ScenarioRuntime.java:296)\n- com.intuit.karate.core.ScenarioRuntime.beforeRun(ScenarioRuntime.java:371)\n- com.intuit.karate.core.ScenarioRuntime.run(ScenarioRuntime.java:390)\n\n- com.intuit.karate.graal.JsEngine.fromJsEvalException(JsEngine.java:254)\n- com.intuit.karate.core.ScenarioEngine.evalJs(ScenarioEngine.java:1201)\n- com.intuit.karate.core.ScenarioRuntime.evalConfigJs(ScenarioRuntime.java:296)\n- com.intuit.karate.core.ScenarioRuntime.beforeRun(ScenarioRuntime.java:371)\n- com.intuit.karate.core.ScenarioRuntime.run(ScenarioRuntime.java:390)\n- com.intuit.karate.core.FeatureRuntime.processScenario(FeatureRuntime.java:199)\n- java.base\/java.util.stream.ReferencePipeline$2$1.accept(ReferencePipeline.java:179)\n\nExampleProjects\/appian-selenium-api-example-java\/src\/main\/java\/com\/appiancorp\/example\/Feature\/sample.feature:5\nExampleProjects\/appian-selenium-api-example-java\/src\/main\/java\/com\/appiancorp\/example\/Feature\/sample.feature:6","millis":0.0,"status":"failed"},"step":{"line":6,"prefix":"*","index":1,"text":"def signIn = \"input[value='Sign In']\""},"stepLog":"14:52:15.709 ExampleProjects\/appian-selenium-api-example-java\/src\/main\/java\/com\/appiancorp\/example\/Feature\/sample.feature:6\n* def signIn = \"input[value='Sign In']\"\n>> ExampleProjects\/appian-selenium-api-example-java\/src\/main\/java\/com\/appiancorp\/example\/Feature\/sample.feature:22\n>> karate-config.js failed\n>> js failed:\n>>>>\n01: (function() {\n02:     karate.configure('classpath:karate-config.js');\n03:     return {\n04:     karate.configure('driver', { type: 'chrome', addOptions: ['--disable-save-password-bubble'] });\n05:         return {\n06:         \/\/ Other configurations...\n07:                 packages: ['com.appiancorp.ps.automatedtest.fixture']\n08:             };\n09: \n10: \n11:     };\n12: }\n13: )\n<<<<\norg.graalvm.polyglot.PolyglotException: SyntaxError: Unnamed:4:10 Expected : but found .\r\n    karate.configure('driver', { type: 'chrome', addOptions: ['--disable-save-password-bubble'] });\r\n          ^\nUnnamed:4:97 Expected ; but found )\r\n    karate.configure('driver', { type: 'chrome', addOptions: ['--disable-save-password-bubble'] });\r\n                                                                                                 ^\nUnnamed:11:5 Expected ) but found ;\r\n    };\r\n     ^\nUnnamed:12:0 Expected eof but found }\r\n}\r\n^\n\n- org.graalvm.polyglot.Context.eval(Context.java:425)\n- com.intuit.karate.graal.JsEngine.evalForValue(JsEngine.java:169)\n- com.intuit.karate.graal.JsEngine.eval(JsEngine.java:165)\n- com.intuit.karate.core.ScenarioEngine.evalJs(ScenarioEngine.java:1199)\n- com.intuit.karate.core.ScenarioRuntime.evalConfigJs(ScenarioRuntime.java:296)\n- com.intuit.karate.core.ScenarioRuntime.beforeRun(ScenarioRuntime.java:371)\n- com.intuit.karate.core.ScenarioRuntime.run(ScenarioRuntime.java:390)\n\njs failed:\n>>>>\n01: function() {\n02:     karate.configure('classpath:karate-config.js');\n03:     return {\n04:     karate.configure('driver', { type: 'chrome', addOptions: ['--disable-save-password-bubble'] });\n05:         return {\n06:         \/\/ Other configurations...\n07:                 packages: ['com.appiancorp.ps.automatedtest.fixture']\n08:             };\n09: \n10: \n11:     };\n12: }\n<<<<\ncom.intuit.karate.KarateException: js failed:\n>>>>\n01: (function() {\n02:     karate.configure('classpath:karate-config.js');\n03:     return {\n04:     karate.configure('driver', { type: 'chrome', addOptions: ['--disable-save-password-bubble'] });\n05:         return {\n06:         \/\/ Other configurations...\n07:                 packages: ['com.appiancorp.ps.automatedtest.fixture']\n08:             };\n09: \n10: \n11:     };\n12: }\n13: )\n<<<<\norg.graalvm.polyglot.PolyglotException: SyntaxError: Unnamed:4:10 Expected : but found .\r\n    karate.configure('driver', { type: 'chrome', addOptions: ['--disable-save-password-bubble'] });\r\n          ^\nUnnamed:4:97 Expected ; but found )\r\n    karate.configure('driver', { type: 'chrome', addOptions: ['--disable-save-password-bubble'] });\r\n                                                                                                 ^\nUnnamed:11:5 Expected ) but found ;\r\n    };\r\n     ^\nUnnamed:12:0 Expected eof but found }\r\n}\r\n^\n\n- org.graalvm.polyglot.Context.eval(Context.java:425)\n- com.intuit.karate.graal.JsEngine.evalForValue(JsEngine.java:169)\n- com.intuit.karate.graal.JsEngine.eval(JsEngine.java:165)\n- com.intuit.karate.core.ScenarioEngine.evalJs(ScenarioEngine.java:1199)\n- com.intuit.karate.core.ScenarioRuntime.evalConfigJs(ScenarioRuntime.java:296)\n- com.intuit.karate.core.ScenarioRuntime.beforeRun(ScenarioRuntime.java:371)\n- com.intuit.karate.core.ScenarioRuntime.run(ScenarioRuntime.java:390)\n\n- com.intuit.karate.graal.JsEngine.fromJsEvalException(JsEngine.java:254)\n- com.intuit.karate.core.ScenarioEngine.evalJs(ScenarioEngine.java:1201)\n- com.intuit.karate.core.ScenarioRuntime.evalConfigJs(ScenarioRuntime.java:296)\n- com.intuit.karate.core.ScenarioRuntime.beforeRun(ScenarioRuntime.java:371)\n- com.intuit.karate.core.ScenarioRuntime.run(ScenarioRuntime.java:390)\n- com.intuit.karate.core.FeatureRuntime.processScenario(FeatureRuntime.java:199)\n- java.base\/java.util.stream.ReferencePipeline$2$1.accept(ReferencePipeline.java:179)\n\nExampleProjects\/appian-selenium-api-example-java\/src\/main\/java\/com\/appiancorp\/example\/Feature\/sample.feature:5\nExampleProjects\/appian-selenium-api-example-java\/src\/main\/java\/com\/appiancorp\/example\/Feature\/sample.feature:6\n"},{"result":{"nanos":0,"errorMessage":">> ExampleProjects\/appian-selenium-api-example-java\/src\/main\/java\/com\/appiancorp\/example\/Feature\/sample.feature:22\n>> karate-config.js failed\n>> js failed:\n>>>>\n01: (function() {\n02:     karate.configure('classpath:karate-config.js');\n03:     return {\n04:     karate.configure('driver', { type: 'chrome', addOptions: ['--disable-save-password-bubble'] });\n05:         return {\n06:         \/\/ Other configurations...\n07:                 packages: ['com.appiancorp.ps.automatedtest.fixture']\n08:             };\n09: \n10: \n11:     };\n12: }\n13: )\n<<<<\norg.graalvm.polyglot.PolyglotException: SyntaxError: Unnamed:4:10 Expected : but found .\r\n    karate.configure('driver', { type: 'chrome', addOptions: ['--disable-save-password-bubble'] });\r\n          ^\nUnnamed:4:97 Expected ; but found )\r\n    karate.configure('driver', { type: 'chrome', addOptions: ['--disable-save-password-bubble'] });\r\n                                                                                                 ^\nUnnamed:11:5 Expected ) but found ;\r\n    };\r\n     ^\nUnnamed:12:0 Expected eof but found }\r\n}\r\n^\n\n- org.graalvm.polyglot.Context.eval(Context.java:425)\n- com.intuit.karate.graal.JsEngine.evalForValue(JsEngine.java:169)\n- com.intuit.karate.graal.JsEngine.eval(JsEngine.java:165)\n- com.intuit.karate.core.ScenarioEngine.evalJs(ScenarioEngine.java:1199)\n- com.intuit.karate.core.ScenarioRuntime.evalConfigJs(ScenarioRuntime.java:296)\n- com.intuit.karate.core.ScenarioRuntime.beforeRun(ScenarioRuntime.java:371)\n- com.intuit.karate.core.ScenarioRuntime.run(ScenarioRuntime.java:390)\n\njs failed:\n>>>>\n01: function() {\n02:     karate.configure('classpath:karate-config.js');\n03:     return {\n04:     karate.configure('driver', { type: 'chrome', addOptions: ['--disable-save-password-bubble'] });\n05:         return {\n06:         \/\/ Other configurations...\n07:                 packages: ['com.appiancorp.ps.automatedtest.fixture']\n08:             };\n09: \n10: \n11:     };\n12: }\n<<<<\ncom.intuit.karate.KarateException: js failed:\n>>>>\n01: (function() {\n02:     karate.configure('classpath:karate-config.js');\n03:     return {\n04:     karate.configure('driver', { type: 'chrome', addOptions: ['--disable-save-password-bubble'] });\n05:         return {\n06:         \/\/ Other configurations...\n07:                 packages: ['com.appiancorp.ps.automatedtest.fixture']\n08:             };\n09: \n10: \n11:     };\n12: }\n13: )\n<<<<\norg.graalvm.polyglot.PolyglotException: SyntaxError: Unnamed:4:10 Expected : but found .\r\n    karate.configure('driver', { type: 'chrome', addOptions: ['--disable-save-password-bubble'] });\r\n          ^\nUnnamed:4:97 Expected ; but found )\r\n    karate.configure('driver', { type: 'chrome', addOptions: ['--disable-save-password-bubble'] });\r\n                                                                                                 ^\nUnnamed:11:5 Expected ) but found ;\r\n    };\r\n     ^\nUnnamed:12:0 Expected eof but found }\r\n}\r\n^\n\n- org.graalvm.polyglot.Context.eval(Context.java:425)\n- com.intuit.karate.graal.JsEngine.evalForValue(JsEngine.java:169)\n- com.intuit.karate.graal.JsEngine.eval(JsEngine.java:165)\n- com.intuit.karate.core.ScenarioEngine.evalJs(ScenarioEngine.java:1199)\n- com.intuit.karate.core.ScenarioRuntime.evalConfigJs(ScenarioRuntime.java:296)\n- com.intuit.karate.core.ScenarioRuntime.beforeRun(ScenarioRuntime.java:371)\n- com.intuit.karate.core.ScenarioRuntime.run(ScenarioRuntime.java:390)\n\n- com.intuit.karate.graal.JsEngine.fromJsEvalException(JsEngine.java:254)\n- com.intuit.karate.core.ScenarioEngine.evalJs(ScenarioEngine.java:1201)\n- com.intuit.karate.core.ScenarioRuntime.evalConfigJs(ScenarioRuntime.java:296)\n- com.intuit.karate.core.ScenarioRuntime.beforeRun(ScenarioRuntime.java:371)\n- com.intuit.karate.core.ScenarioRuntime.run(ScenarioRuntime.java:390)\n- com.intuit.karate.core.FeatureRuntime.processScenario(FeatureRuntime.java:199)\n- java.base\/java.util.stream.ReferencePipeline$2$1.accept(ReferencePipeline.java:179)\n\nExampleProjects\/appian-selenium-api-example-java\/src\/main\/java\/com\/appiancorp\/example\/Feature\/sample.feature:5\nExampleProjects\/appian-selenium-api-example-java\/src\/main\/java\/com\/appiancorp\/example\/Feature\/sample.feature:6\nExampleProjects\/appian-selenium-api-example-java\/src\/main\/java\/com\/appiancorp\/example\/Feature\/sample.feature:7","millis":0.0,"status":"failed"},"step":{"line":7,"prefix":"*","index":2,"text":"def exporerMenuLink = \"\/\/span[text()='Exporter']\""},"stepLog":"14:52:15.709 ExampleProjects\/appian-selenium-api-example-java\/src\/main\/java\/com\/appiancorp\/example\/Feature\/sample.feature:7\n* def exporerMenuLink = \"\/\/span[text()='Exporter']\"\n>> ExampleProjects\/appian-selenium-api-example-java\/src\/main\/java\/com\/appiancorp\/example\/Feature\/sample.feature:22\n>> karate-config.js failed\n>> js failed:\n>>>>\n01: (function() {\n02:     karate.configure('classpath:karate-config.js');\n03:     return {\n04:     karate.configure('driver', { type: 'chrome', addOptions: ['--disable-save-password-bubble'] });\n05:         return {\n06:         \/\/ Other configurations...\n07:                 packages: ['com.appiancorp.ps.automatedtest.fixture']\n08:             };\n09: \n10: \n11:     };\n12: }\n13: )\n<<<<\norg.graalvm.polyglot.PolyglotException: SyntaxError: Unnamed:4:10 Expected : but found .\r\n    karate.configure('driver', { type: 'chrome', addOptions: ['--disable-save-password-bubble'] });\r\n          ^\nUnnamed:4:97 Expected ; but found )\r\n    karate.configure('driver', { type: 'chrome', addOptions: ['--disable-save-password-bubble'] });\r\n                                                                                                 ^\nUnnamed:11:5 Expected ) but found ;\r\n    };\r\n     ^\nUnnamed:12:0 Expected eof but found }\r\n}\r\n^\n\n- org.graalvm.polyglot.Context.eval(Context.java:425)\n- com.intuit.karate.graal.JsEngine.evalForValue(JsEngine.java:169)\n- com.intuit.karate.graal.JsEngine.eval(JsEngine.java:165)\n- com.intuit.karate.core.ScenarioEngine.evalJs(ScenarioEngine.java:1199)\n- com.intuit.karate.core.ScenarioRuntime.evalConfigJs(ScenarioRuntime.java:296)\n- com.intuit.karate.core.ScenarioRuntime.beforeRun(ScenarioRuntime.java:371)\n- com.intuit.karate.core.ScenarioRuntime.run(ScenarioRuntime.java:390)\n\njs failed:\n>>>>\n01: function() {\n02:     karate.configure('classpath:karate-config.js');\n03:     return {\n04:     karate.configure('driver', { type: 'chrome', addOptions: ['--disable-save-password-bubble'] });\n05:         return {\n06:         \/\/ Other configurations...\n07:                 packages: ['com.appiancorp.ps.automatedtest.fixture']\n08:             };\n09: \n10: \n11:     };\n12: }\n<<<<\ncom.intuit.karate.KarateException: js failed:\n>>>>\n01: (function() {\n02:     karate.configure('classpath:karate-config.js');\n03:     return {\n04:     karate.configure('driver', { type: 'chrome', addOptions: ['--disable-save-password-bubble'] });\n05:         return {\n06:         \/\/ Other configurations...\n07:                 packages: ['com.appiancorp.ps.automatedtest.fixture']\n08:             };\n09: \n10: \n11:     };\n12: }\n13: )\n<<<<\norg.graalvm.polyglot.PolyglotException: SyntaxError: Unnamed:4:10 Expected : but found .\r\n    karate.configure('driver', { type: 'chrome', addOptions: ['--disable-save-password-bubble'] });\r\n          ^\nUnnamed:4:97 Expected ; but found )\r\n    karate.configure('driver', { type: 'chrome', addOptions: ['--disable-save-password-bubble'] });\r\n                                                                                                 ^\nUnnamed:11:5 Expected ) but found ;\r\n    };\r\n     ^\nUnnamed:12:0 Expected eof but found }\r\n}\r\n^\n\n- org.graalvm.polyglot.Context.eval(Context.java:425)\n- com.intuit.karate.graal.JsEngine.evalForValue(JsEngine.java:169)\n- com.intuit.karate.graal.JsEngine.eval(JsEngine.java:165)\n- com.intuit.karate.core.ScenarioEngine.evalJs(ScenarioEngine.java:1199)\n- com.intuit.karate.core.ScenarioRuntime.evalConfigJs(ScenarioRuntime.java:296)\n- com.intuit.karate.core.ScenarioRuntime.beforeRun(ScenarioRuntime.java:371)\n- com.intuit.karate.core.ScenarioRuntime.run(ScenarioRuntime.java:390)\n\n- com.intuit.karate.graal.JsEngine.fromJsEvalException(JsEngine.java:254)\n- com.intuit.karate.core.ScenarioEngine.evalJs(ScenarioEngine.java:1201)\n- com.intuit.karate.core.ScenarioRuntime.evalConfigJs(ScenarioRuntime.java:296)\n- com.intuit.karate.core.ScenarioRuntime.beforeRun(ScenarioRuntime.java:371)\n- com.intuit.karate.core.ScenarioRuntime.run(ScenarioRuntime.java:390)\n- com.intuit.karate.core.FeatureRuntime.processScenario(FeatureRuntime.java:199)\n- java.base\/java.util.stream.ReferencePipeline$2$1.accept(ReferencePipeline.java:179)\n\nExampleProjects\/appian-selenium-api-example-java\/src\/main\/java\/com\/appiancorp\/example\/Feature\/sample.feature:5\nExampleProjects\/appian-selenium-api-example-java\/src\/main\/java\/com\/appiancorp\/example\/Feature\/sample.feature:6\nExampleProjects\/appian-selenium-api-example-java\/src\/main\/java\/com\/appiancorp\/example\/Feature\/sample.feature:7\n"},{"result":{"nanos":0,"errorMessage":">> ExampleProjects\/appian-selenium-api-example-java\/src\/main\/java\/com\/appiancorp\/example\/Feature\/sample.feature:22\n>> karate-config.js failed\n>> js failed:\n>>>>\n01: (function() {\n02:     karate.configure('classpath:karate-config.js');\n03:     return {\n04:     karate.configure('driver', { type: 'chrome', addOptions: ['--disable-save-password-bubble'] });\n05:         return {\n06:         \/\/ Other configurations...\n07:                 packages: ['com.appiancorp.ps.automatedtest.fixture']\n08:             };\n09: \n10: \n11:     };\n12: }\n13: )\n<<<<\norg.graalvm.polyglot.PolyglotException: SyntaxError: Unnamed:4:10 Expected : but found .\r\n    karate.configure('driver', { type: 'chrome', addOptions: ['--disable-save-password-bubble'] });\r\n          ^\nUnnamed:4:97 Expected ; but found )\r\n    karate.configure('driver', { type: 'chrome', addOptions: ['--disable-save-password-bubble'] });\r\n                                                                                                 ^\nUnnamed:11:5 Expected ) but found ;\r\n    };\r\n     ^\nUnnamed:12:0 Expected eof but found }\r\n}\r\n^\n\n- org.graalvm.polyglot.Context.eval(Context.java:425)\n- com.intuit.karate.graal.JsEngine.evalForValue(JsEngine.java:169)\n- com.intuit.karate.graal.JsEngine.eval(JsEngine.java:165)\n- com.intuit.karate.core.ScenarioEngine.evalJs(ScenarioEngine.java:1199)\n- com.intuit.karate.core.ScenarioRuntime.evalConfigJs(ScenarioRuntime.java:296)\n- com.intuit.karate.core.ScenarioRuntime.beforeRun(ScenarioRuntime.java:371)\n- com.intuit.karate.core.ScenarioRuntime.run(ScenarioRuntime.java:390)\n\njs failed:\n>>>>\n01: function() {\n02:     karate.configure('classpath:karate-config.js');\n03:     return {\n04:     karate.configure('driver', { type: 'chrome', addOptions: ['--disable-save-password-bubble'] });\n05:         return {\n06:         \/\/ Other configurations...\n07:                 packages: ['com.appiancorp.ps.automatedtest.fixture']\n08:             };\n09: \n10: \n11:     };\n12: }\n<<<<\ncom.intuit.karate.KarateException: js failed:\n>>>>\n01: (function() {\n02:     karate.configure('classpath:karate-config.js');\n03:     return {\n04:     karate.configure('driver', { type: 'chrome', addOptions: ['--disable-save-password-bubble'] });\n05:         return {\n06:         \/\/ Other configurations...\n07:                 packages: ['com.appiancorp.ps.automatedtest.fixture']\n08:             };\n09: \n10: \n11:     };\n12: }\n13: )\n<<<<\norg.graalvm.polyglot.PolyglotException: SyntaxError: Unnamed:4:10 Expected : but found .\r\n    karate.configure('driver', { type: 'chrome', addOptions: ['--disable-save-password-bubble'] });\r\n          ^\nUnnamed:4:97 Expected ; but found )\r\n    karate.configure('driver', { type: 'chrome', addOptions: ['--disable-save-password-bubble'] });\r\n                                                                                                 ^\nUnnamed:11:5 Expected ) but found ;\r\n    };\r\n     ^\nUnnamed:12:0 Expected eof but found }\r\n}\r\n^\n\n- org.graalvm.polyglot.Context.eval(Context.java:425)\n- com.intuit.karate.graal.JsEngine.evalForValue(JsEngine.java:169)\n- com.intuit.karate.graal.JsEngine.eval(JsEngine.java:165)\n- com.intuit.karate.core.ScenarioEngine.evalJs(ScenarioEngine.java:1199)\n- com.intuit.karate.core.ScenarioRuntime.evalConfigJs(ScenarioRuntime.java:296)\n- com.intuit.karate.core.ScenarioRuntime.beforeRun(ScenarioRuntime.java:371)\n- com.intuit.karate.core.ScenarioRuntime.run(ScenarioRuntime.java:390)\n\n- com.intuit.karate.graal.JsEngine.fromJsEvalException(JsEngine.java:254)\n- com.intuit.karate.core.ScenarioEngine.evalJs(ScenarioEngine.java:1201)\n- com.intuit.karate.core.ScenarioRuntime.evalConfigJs(ScenarioRuntime.java:296)\n- com.intuit.karate.core.ScenarioRuntime.beforeRun(ScenarioRuntime.java:371)\n- com.intuit.karate.core.ScenarioRuntime.run(ScenarioRuntime.java:390)\n- com.intuit.karate.core.FeatureRuntime.processScenario(FeatureRuntime.java:199)\n- java.base\/java.util.stream.ReferencePipeline$2$1.accept(ReferencePipeline.java:179)\n\nExampleProjects\/appian-selenium-api-example-java\/src\/main\/java\/com\/appiancorp\/example\/Feature\/sample.feature:5\nExampleProjects\/appian-selenium-api-example-java\/src\/main\/java\/com\/appiancorp\/example\/Feature\/sample.feature:6\nExampleProjects\/appian-selenium-api-example-java\/src\/main\/java\/com\/appiancorp\/example\/Feature\/sample.feature:7\nExampleProjects\/appian-selenium-api-example-java\/src\/main\/java\/com\/appiancorp\/example\/Feature\/sample.feature:9","millis":0.0,"status":"failed"},"step":{"line":9,"prefix":"Given","index":3,"text":"driver 'https:\/\/yexledemo.appiancloud.com\/suite\/sites\/aqua\/page\/home'"},"stepLog":"14:52:15.709 ExampleProjects\/appian-selenium-api-example-java\/src\/main\/java\/com\/appiancorp\/example\/Feature\/sample.feature:9\nGiven driver 'https:\/\/yexledemo.appiancloud.com\/suite\/sites\/aqua\/page\/home'\n>> ExampleProjects\/appian-selenium-api-example-java\/src\/main\/java\/com\/appiancorp\/example\/Feature\/sample.feature:22\n>> karate-config.js failed\n>> js failed:\n>>>>\n01: (function() {\n02:     karate.configure('classpath:karate-config.js');\n03:     return {\n04:     karate.configure('driver', { type: 'chrome', addOptions: ['--disable-save-password-bubble'] });\n05:         return {\n06:         \/\/ Other configurations...\n07:                 packages: ['com.appiancorp.ps.automatedtest.fixture']\n08:             };\n09: \n10: \n11:     };\n12: }\n13: )\n<<<<\norg.graalvm.polyglot.PolyglotException: SyntaxError: Unnamed:4:10 Expected : but found .\r\n    karate.configure('driver', { type: 'chrome', addOptions: ['--disable-save-password-bubble'] });\r\n          ^\nUnnamed:4:97 Expected ; but found )\r\n    karate.configure('driver', { type: 'chrome', addOptions: ['--disable-save-password-bubble'] });\r\n                                                                                                 ^\nUnnamed:11:5 Expected ) but found ;\r\n    };\r\n     ^\nUnnamed:12:0 Expected eof but found }\r\n}\r\n^\n\n- org.graalvm.polyglot.Context.eval(Context.java:425)\n- com.intuit.karate.graal.JsEngine.evalForValue(JsEngine.java:169)\n- com.intuit.karate.graal.JsEngine.eval(JsEngine.java:165)\n- com.intuit.karate.core.ScenarioEngine.evalJs(ScenarioEngine.java:1199)\n- com.intuit.karate.core.ScenarioRuntime.evalConfigJs(ScenarioRuntime.java:296)\n- com.intuit.karate.core.ScenarioRuntime.beforeRun(ScenarioRuntime.java:371)\n- com.intuit.karate.core.ScenarioRuntime.run(ScenarioRuntime.java:390)\n\njs failed:\n>>>>\n01: function() {\n02:     karate.configure('classpath:karate-config.js');\n03:     return {\n04:     karate.configure('driver', { type: 'chrome', addOptions: ['--disable-save-password-bubble'] });\n05:         return {\n06:         \/\/ Other configurations...\n07:                 packages: ['com.appiancorp.ps.automatedtest.fixture']\n08:             };\n09: \n10: \n11:     };\n12: }\n<<<<\ncom.intuit.karate.KarateException: js failed:\n>>>>\n01: (function() {\n02:     karate.configure('classpath:karate-config.js');\n03:     return {\n04:     karate.configure('driver', { type: 'chrome', addOptions: ['--disable-save-password-bubble'] });\n05:         return {\n06:         \/\/ Other configurations...\n07:                 packages: ['com.appiancorp.ps.automatedtest.fixture']\n08:             };\n09: \n10: \n11:     };\n12: }\n13: )\n<<<<\norg.graalvm.polyglot.PolyglotException: SyntaxError: Unnamed:4:10 Expected : but found .\r\n    karate.configure('driver', { type: 'chrome', addOptions: ['--disable-save-password-bubble'] });\r\n          ^\nUnnamed:4:97 Expected ; but found )\r\n    karate.configure('driver', { type: 'chrome', addOptions: ['--disable-save-password-bubble'] });\r\n                                                                                                 ^\nUnnamed:11:5 Expected ) but found ;\r\n    };\r\n     ^\nUnnamed:12:0 Expected eof but found }\r\n}\r\n^\n\n- org.graalvm.polyglot.Context.eval(Context.java:425)\n- com.intuit.karate.graal.JsEngine.evalForValue(JsEngine.java:169)\n- com.intuit.karate.graal.JsEngine.eval(JsEngine.java:165)\n- com.intuit.karate.core.ScenarioEngine.evalJs(ScenarioEngine.java:1199)\n- com.intuit.karate.core.ScenarioRuntime.evalConfigJs(ScenarioRuntime.java:296)\n- com.intuit.karate.core.ScenarioRuntime.beforeRun(ScenarioRuntime.java:371)\n- com.intuit.karate.core.ScenarioRuntime.run(ScenarioRuntime.java:390)\n\n- com.intuit.karate.graal.JsEngine.fromJsEvalException(JsEngine.java:254)\n- com.intuit.karate.core.ScenarioEngine.evalJs(ScenarioEngine.java:1201)\n- com.intuit.karate.core.ScenarioRuntime.evalConfigJs(ScenarioRuntime.java:296)\n- com.intuit.karate.core.ScenarioRuntime.beforeRun(ScenarioRuntime.java:371)\n- com.intuit.karate.core.ScenarioRuntime.run(ScenarioRuntime.java:390)\n- com.intuit.karate.core.FeatureRuntime.processScenario(FeatureRuntime.java:199)\n- java.base\/java.util.stream.ReferencePipeline$2$1.accept(ReferencePipeline.java:179)\n\nExampleProjects\/appian-selenium-api-example-java\/src\/main\/java\/com\/appiancorp\/example\/Feature\/sample.feature:5\nExampleProjects\/appian-selenium-api-example-java\/src\/main\/java\/com\/appiancorp\/example\/Feature\/sample.feature:6\nExampleProjects\/appian-selenium-api-example-java\/src\/main\/java\/com\/appiancorp\/example\/Feature\/sample.feature:7\nExampleProjects\/appian-selenium-api-example-java\/src\/main\/java\/com\/appiancorp\/example\/Feature\/sample.feature:9\n"},{"result":{"nanos":0,"errorMessage":">> ExampleProjects\/appian-selenium-api-example-java\/src\/main\/java\/com\/appiancorp\/example\/Feature\/sample.feature:22\n>> karate-config.js failed\n>> js failed:\n>>>>\n01: (function() {\n02:     karate.configure('classpath:karate-config.js');\n03:     return {\n04:     karate.configure('driver', { type: 'chrome', addOptions: ['--disable-save-password-bubble'] });\n05:         return {\n06:         \/\/ Other configurations...\n07:                 packages: ['com.appiancorp.ps.automatedtest.fixture']\n08:             };\n09: \n10: \n11:     };\n12: }\n13: )\n<<<<\norg.graalvm.polyglot.PolyglotException: SyntaxError: Unnamed:4:10 Expected : but found .\r\n    karate.configure('driver', { type: 'chrome', addOptions: ['--disable-save-password-bubble'] });\r\n          ^\nUnnamed:4:97 Expected ; but found )\r\n    karate.configure('driver', { type: 'chrome', addOptions: ['--disable-save-password-bubble'] });\r\n                                                                                                 ^\nUnnamed:11:5 Expected ) but found ;\r\n    };\r\n     ^\nUnnamed:12:0 Expected eof but found }\r\n}\r\n^\n\n- org.graalvm.polyglot.Context.eval(Context.java:425)\n- com.intuit.karate.graal.JsEngine.evalForValue(JsEngine.java:169)\n- com.intuit.karate.graal.JsEngine.eval(JsEngine.java:165)\n- com.intuit.karate.core.ScenarioEngine.evalJs(ScenarioEngine.java:1199)\n- com.intuit.karate.core.ScenarioRuntime.evalConfigJs(ScenarioRuntime.java:296)\n- com.intuit.karate.core.ScenarioRuntime.beforeRun(ScenarioRuntime.java:371)\n- com.intuit.karate.core.ScenarioRuntime.run(ScenarioRuntime.java:390)\n\njs failed:\n>>>>\n01: function() {\n02:     karate.configure('classpath:karate-config.js');\n03:     return {\n04:     karate.configure('driver', { type: 'chrome', addOptions: ['--disable-save-password-bubble'] });\n05:         return {\n06:         \/\/ Other configurations...\n07:                 packages: ['com.appiancorp.ps.automatedtest.fixture']\n08:             };\n09: \n10: \n11:     };\n12: }\n<<<<\ncom.intuit.karate.KarateException: js failed:\n>>>>\n01: (function() {\n02:     karate.configure('classpath:karate-config.js');\n03:     return {\n04:     karate.configure('driver', { type: 'chrome', addOptions: ['--disable-save-password-bubble'] });\n05:         return {\n06:         \/\/ Other configurations...\n07:                 packages: ['com.appiancorp.ps.automatedtest.fixture']\n08:             };\n09: \n10: \n11:     };\n12: }\n13: )\n<<<<\norg.graalvm.polyglot.PolyglotException: SyntaxError: Unnamed:4:10 Expected : but found .\r\n    karate.configure('driver', { type: 'chrome', addOptions: ['--disable-save-password-bubble'] });\r\n          ^\nUnnamed:4:97 Expected ; but found )\r\n    karate.configure('driver', { type: 'chrome', addOptions: ['--disable-save-password-bubble'] });\r\n                                                                                                 ^\nUnnamed:11:5 Expected ) but found ;\r\n    };\r\n     ^\nUnnamed:12:0 Expected eof but found }\r\n}\r\n^\n\n- org.graalvm.polyglot.Context.eval(Context.java:425)\n- com.intuit.karate.graal.JsEngine.evalForValue(JsEngine.java:169)\n- com.intuit.karate.graal.JsEngine.eval(JsEngine.java:165)\n- com.intuit.karate.core.ScenarioEngine.evalJs(ScenarioEngine.java:1199)\n- com.intuit.karate.core.ScenarioRuntime.evalConfigJs(ScenarioRuntime.java:296)\n- com.intuit.karate.core.ScenarioRuntime.beforeRun(ScenarioRuntime.java:371)\n- com.intuit.karate.core.ScenarioRuntime.run(ScenarioRuntime.java:390)\n\n- com.intuit.karate.graal.JsEngine.fromJsEvalException(JsEngine.java:254)\n- com.intuit.karate.core.ScenarioEngine.evalJs(ScenarioEngine.java:1201)\n- com.intuit.karate.core.ScenarioRuntime.evalConfigJs(ScenarioRuntime.java:296)\n- com.intuit.karate.core.ScenarioRuntime.beforeRun(ScenarioRuntime.java:371)\n- com.intuit.karate.core.ScenarioRuntime.run(ScenarioRuntime.java:390)\n- com.intuit.karate.core.FeatureRuntime.processScenario(FeatureRuntime.java:199)\n- java.base\/java.util.stream.ReferencePipeline$2$1.accept(ReferencePipeline.java:179)\n\nExampleProjects\/appian-selenium-api-example-java\/src\/main\/java\/com\/appiancorp\/example\/Feature\/sample.feature:5\nExampleProjects\/appian-selenium-api-example-java\/src\/main\/java\/com\/appiancorp\/example\/Feature\/sample.feature:6\nExampleProjects\/appian-selenium-api-example-java\/src\/main\/java\/com\/appiancorp\/example\/Feature\/sample.feature:7\nExampleProjects\/appian-selenium-api-example-java\/src\/main\/java\/com\/appiancorp\/example\/Feature\/sample.feature:9\nExampleProjects\/appian-selenium-api-example-java\/src\/main\/java\/com\/appiancorp\/example\/Feature\/sample.feature:10","millis":0.0,"status":"failed"},"step":{"line":10,"prefix":"*","index":4,"text":"maximize()"},"stepLog":"14:52:15.710 ExampleProjects\/appian-selenium-api-example-java\/src\/main\/java\/com\/appiancorp\/example\/Feature\/sample.feature:10\n* maximize()\n>> ExampleProjects\/appian-selenium-api-example-java\/src\/main\/java\/com\/appiancorp\/example\/Feature\/sample.feature:22\n>> karate-config.js failed\n>> js failed:\n>>>>\n01: (function() {\n02:     karate.configure('classpath:karate-config.js');\n03:     return {\n04:     karate.configure('driver', { type: 'chrome', addOptions: ['--disable-save-password-bubble'] });\n05:         return {\n06:         \/\/ Other configurations...\n07:                 packages: ['com.appiancorp.ps.automatedtest.fixture']\n08:             };\n09: \n10: \n11:     };\n12: }\n13: )\n<<<<\norg.graalvm.polyglot.PolyglotException: SyntaxError: Unnamed:4:10 Expected : but found .\r\n    karate.configure('driver', { type: 'chrome', addOptions: ['--disable-save-password-bubble'] });\r\n          ^\nUnnamed:4:97 Expected ; but found )\r\n    karate.configure('driver', { type: 'chrome', addOptions: ['--disable-save-password-bubble'] });\r\n                                                                                                 ^\nUnnamed:11:5 Expected ) but found ;\r\n    };\r\n     ^\nUnnamed:12:0 Expected eof but found }\r\n}\r\n^\n\n- org.graalvm.polyglot.Context.eval(Context.java:425)\n- com.intuit.karate.graal.JsEngine.evalForValue(JsEngine.java:169)\n- com.intuit.karate.graal.JsEngine.eval(JsEngine.java:165)\n- com.intuit.karate.core.ScenarioEngine.evalJs(ScenarioEngine.java:1199)\n- com.intuit.karate.core.ScenarioRuntime.evalConfigJs(ScenarioRuntime.java:296)\n- com.intuit.karate.core.ScenarioRuntime.beforeRun(ScenarioRuntime.java:371)\n- com.intuit.karate.core.ScenarioRuntime.run(ScenarioRuntime.java:390)\n\njs failed:\n>>>>\n01: function() {\n02:     karate.configure('classpath:karate-config.js');\n03:     return {\n04:     karate.configure('driver', { type: 'chrome', addOptions: ['--disable-save-password-bubble'] });\n05:         return {\n06:         \/\/ Other configurations...\n07:                 packages: ['com.appiancorp.ps.automatedtest.fixture']\n08:             };\n09: \n10: \n11:     };\n12: }\n<<<<\ncom.intuit.karate.KarateException: js failed:\n>>>>\n01: (function() {\n02:     karate.configure('classpath:karate-config.js');\n03:     return {\n04:     karate.configure('driver', { type: 'chrome', addOptions: ['--disable-save-password-bubble'] });\n05:         return {\n06:         \/\/ Other configurations...\n07:                 packages: ['com.appiancorp.ps.automatedtest.fixture']\n08:             };\n09: \n10: \n11:     };\n12: }\n13: )\n<<<<\norg.graalvm.polyglot.PolyglotException: SyntaxError: Unnamed:4:10 Expected : but found .\r\n    karate.configure('driver', { type: 'chrome', addOptions: ['--disable-save-password-bubble'] });\r\n          ^\nUnnamed:4:97 Expected ; but found )\r\n    karate.configure('driver', { type: 'chrome', addOptions: ['--disable-save-password-bubble'] });\r\n                                                                                                 ^\nUnnamed:11:5 Expected ) but found ;\r\n    };\r\n     ^\nUnnamed:12:0 Expected eof but found }\r\n}\r\n^\n\n- org.graalvm.polyglot.Context.eval(Context.java:425)\n- com.intuit.karate.graal.JsEngine.evalForValue(JsEngine.java:169)\n- com.intuit.karate.graal.JsEngine.eval(JsEngine.java:165)\n- com.intuit.karate.core.ScenarioEngine.evalJs(ScenarioEngine.java:1199)\n- com.intuit.karate.core.ScenarioRuntime.evalConfigJs(ScenarioRuntime.java:296)\n- com.intuit.karate.core.ScenarioRuntime.beforeRun(ScenarioRuntime.java:371)\n- com.intuit.karate.core.ScenarioRuntime.run(ScenarioRuntime.java:390)\n\n- com.intuit.karate.graal.JsEngine.fromJsEvalException(JsEngine.java:254)\n- com.intuit.karate.core.ScenarioEngine.evalJs(ScenarioEngine.java:1201)\n- com.intuit.karate.core.ScenarioRuntime.evalConfigJs(ScenarioRuntime.java:296)\n- com.intuit.karate.core.ScenarioRuntime.beforeRun(ScenarioRuntime.java:371)\n- com.intuit.karate.core.ScenarioRuntime.run(ScenarioRuntime.java:390)\n- com.intuit.karate.core.FeatureRuntime.processScenario(FeatureRuntime.java:199)\n- java.base\/java.util.stream.ReferencePipeline$2$1.accept(ReferencePipeline.java:179)\n\nExampleProjects\/appian-selenium-api-example-java\/src\/main\/java\/com\/appiancorp\/example\/Feature\/sample.feature:5\nExampleProjects\/appian-selenium-api-example-java\/src\/main\/java\/com\/appiancorp\/example\/Feature\/sample.feature:6\nExampleProjects\/appian-selenium-api-example-java\/src\/main\/java\/com\/appiancorp\/example\/Feature\/sample.feature:7\nExampleProjects\/appian-selenium-api-example-java\/src\/main\/java\/com\/appiancorp\/example\/Feature\/sample.feature:9\nExampleProjects\/appian-selenium-api-example-java\/src\/main\/java\/com\/appiancorp\/example\/Feature\/sample.feature:10\n"},{"result":{"nanos":0,"errorMessage":">> ExampleProjects\/appian-selenium-api-example-java\/src\/main\/java\/com\/appiancorp\/example\/Feature\/sample.feature:22\n>> karate-config.js failed\n>> js failed:\n>>>>\n01: (function() {\n02:     karate.configure('classpath:karate-config.js');\n03:     return {\n04:     karate.configure('driver', { type: 'chrome', addOptions: ['--disable-save-password-bubble'] });\n05:         return {\n06:         \/\/ Other configurations...\n07:                 packages: ['com.appiancorp.ps.automatedtest.fixture']\n08:             };\n09: \n10: \n11:     };\n12: }\n13: )\n<<<<\norg.graalvm.polyglot.PolyglotException: SyntaxError: Unnamed:4:10 Expected : but found .\r\n    karate.configure('driver', { type: 'chrome', addOptions: ['--disable-save-password-bubble'] });\r\n          ^\nUnnamed:4:97 Expected ; but found )\r\n    karate.configure('driver', { type: 'chrome', addOptions: ['--disable-save-password-bubble'] });\r\n                                                                                                 ^\nUnnamed:11:5 Expected ) but found ;\r\n    };\r\n     ^\nUnnamed:12:0 Expected eof but found }\r\n}\r\n^\n\n- org.graalvm.polyglot.Context.eval(Context.java:425)\n- com.intuit.karate.graal.JsEngine.evalForValue(JsEngine.java:169)\n- com.intuit.karate.graal.JsEngine.eval(JsEngine.java:165)\n- com.intuit.karate.core.ScenarioEngine.evalJs(ScenarioEngine.java:1199)\n- com.intuit.karate.core.ScenarioRuntime.evalConfigJs(ScenarioRuntime.java:296)\n- com.intuit.karate.core.ScenarioRuntime.beforeRun(ScenarioRuntime.java:371)\n- com.intuit.karate.core.ScenarioRuntime.run(ScenarioRuntime.java:390)\n\njs failed:\n>>>>\n01: function() {\n02:     karate.configure('classpath:karate-config.js');\n03:     return {\n04:     karate.configure('driver', { type: 'chrome', addOptions: ['--disable-save-password-bubble'] });\n05:         return {\n06:         \/\/ Other configurations...\n07:                 packages: ['com.appiancorp.ps.automatedtest.fixture']\n08:             };\n09: \n10: \n11:     };\n12: }\n<<<<\ncom.intuit.karate.KarateException: js failed:\n>>>>\n01: (function() {\n02:     karate.configure('classpath:karate-config.js');\n03:     return {\n04:     karate.configure('driver', { type: 'chrome', addOptions: ['--disable-save-password-bubble'] });\n05:         return {\n06:         \/\/ Other configurations...\n07:                 packages: ['com.appiancorp.ps.automatedtest.fixture']\n08:             };\n09: \n10: \n11:     };\n12: }\n13: )\n<<<<\norg.graalvm.polyglot.PolyglotException: SyntaxError: Unnamed:4:10 Expected : but found .\r\n    karate.configure('driver', { type: 'chrome', addOptions: ['--disable-save-password-bubble'] });\r\n          ^\nUnnamed:4:97 Expected ; but found )\r\n    karate.configure('driver', { type: 'chrome', addOptions: ['--disable-save-password-bubble'] });\r\n                                                                                                 ^\nUnnamed:11:5 Expected ) but found ;\r\n    };\r\n     ^\nUnnamed:12:0 Expected eof but found }\r\n}\r\n^\n\n- org.graalvm.polyglot.Context.eval(Context.java:425)\n- com.intuit.karate.graal.JsEngine.evalForValue(JsEngine.java:169)\n- com.intuit.karate.graal.JsEngine.eval(JsEngine.java:165)\n- com.intuit.karate.core.ScenarioEngine.evalJs(ScenarioEngine.java:1199)\n- com.intuit.karate.core.ScenarioRuntime.evalConfigJs(ScenarioRuntime.java:296)\n- com.intuit.karate.core.ScenarioRuntime.beforeRun(ScenarioRuntime.java:371)\n- com.intuit.karate.core.ScenarioRuntime.run(ScenarioRuntime.java:390)\n\n- com.intuit.karate.graal.JsEngine.fromJsEvalException(JsEngine.java:254)\n- com.intuit.karate.core.ScenarioEngine.evalJs(ScenarioEngine.java:1201)\n- com.intuit.karate.core.ScenarioRuntime.evalConfigJs(ScenarioRuntime.java:296)\n- com.intuit.karate.core.ScenarioRuntime.beforeRun(ScenarioRuntime.java:371)\n- com.intuit.karate.core.ScenarioRuntime.run(ScenarioRuntime.java:390)\n- com.intuit.karate.core.FeatureRuntime.processScenario(FeatureRuntime.java:199)\n- java.base\/java.util.stream.ReferencePipeline$2$1.accept(ReferencePipeline.java:179)\n\nExampleProjects\/appian-selenium-api-example-java\/src\/main\/java\/com\/appiancorp\/example\/Feature\/sample.feature:5\nExampleProjects\/appian-selenium-api-example-java\/src\/main\/java\/com\/appiancorp\/example\/Feature\/sample.feature:6\nExampleProjects\/appian-selenium-api-example-java\/src\/main\/java\/com\/appiancorp\/example\/Feature\/sample.feature:7\nExampleProjects\/appian-selenium-api-example-java\/src\/main\/java\/com\/appiancorp\/example\/Feature\/sample.feature:9\nExampleProjects\/appian-selenium-api-example-java\/src\/main\/java\/com\/appiancorp\/example\/Feature\/sample.feature:10\nExampleProjects\/appian-selenium-api-example-java\/src\/main\/java\/com\/appiancorp\/example\/Feature\/sample.feature:11","millis":0.0,"status":"failed"},"step":{"line":11,"prefix":"*","index":5,"text":"delay(1000)"},"stepLog":"14:52:15.710 ExampleProjects\/appian-selenium-api-example-java\/src\/main\/java\/com\/appiancorp\/example\/Feature\/sample.feature:11\n* delay(1000)\n>> ExampleProjects\/appian-selenium-api-example-java\/src\/main\/java\/com\/appiancorp\/example\/Feature\/sample.feature:22\n>> karate-config.js failed\n>> js failed:\n>>>>\n01: (function() {\n02:     karate.configure('classpath:karate-config.js');\n03:     return {\n04:     karate.configure('driver', { type: 'chrome', addOptions: ['--disable-save-password-bubble'] });\n05:         return {\n06:         \/\/ Other configurations...\n07:                 packages: ['com.appiancorp.ps.automatedtest.fixture']\n08:             };\n09: \n10: \n11:     };\n12: }\n13: )\n<<<<\norg.graalvm.polyglot.PolyglotException: SyntaxError: Unnamed:4:10 Expected : but found .\r\n    karate.configure('driver', { type: 'chrome', addOptions: ['--disable-save-password-bubble'] });\r\n          ^\nUnnamed:4:97 Expected ; but found )\r\n    karate.configure('driver', { type: 'chrome', addOptions: ['--disable-save-password-bubble'] });\r\n                                                                                                 ^\nUnnamed:11:5 Expected ) but found ;\r\n    };\r\n     ^\nUnnamed:12:0 Expected eof but found }\r\n}\r\n^\n\n- org.graalvm.polyglot.Context.eval(Context.java:425)\n- com.intuit.karate.graal.JsEngine.evalForValue(JsEngine.java:169)\n- com.intuit.karate.graal.JsEngine.eval(JsEngine.java:165)\n- com.intuit.karate.core.ScenarioEngine.evalJs(ScenarioEngine.java:1199)\n- com.intuit.karate.core.ScenarioRuntime.evalConfigJs(ScenarioRuntime.java:296)\n- com.intuit.karate.core.ScenarioRuntime.beforeRun(ScenarioRuntime.java:371)\n- com.intuit.karate.core.ScenarioRuntime.run(ScenarioRuntime.java:390)\n\njs failed:\n>>>>\n01: function() {\n02:     karate.configure('classpath:karate-config.js');\n03:     return {\n04:     karate.configure('driver', { type: 'chrome', addOptions: ['--disable-save-password-bubble'] });\n05:         return {\n06:         \/\/ Other configurations...\n07:                 packages: ['com.appiancorp.ps.automatedtest.fixture']\n08:             };\n09: \n10: \n11:     };\n12: }\n<<<<\ncom.intuit.karate.KarateException: js failed:\n>>>>\n01: (function() {\n02:     karate.configure('classpath:karate-config.js');\n03:     return {\n04:     karate.configure('driver', { type: 'chrome', addOptions: ['--disable-save-password-bubble'] });\n05:         return {\n06:         \/\/ Other configurations...\n07:                 packages: ['com.appiancorp.ps.automatedtest.fixture']\n08:             };\n09: \n10: \n11:     };\n12: }\n13: )\n<<<<\norg.graalvm.polyglot.PolyglotException: SyntaxError: Unnamed:4:10 Expected : but found .\r\n    karate.configure('driver', { type: 'chrome', addOptions: ['--disable-save-password-bubble'] });\r\n          ^\nUnnamed:4:97 Expected ; but found )\r\n    karate.configure('driver', { type: 'chrome', addOptions: ['--disable-save-password-bubble'] });\r\n                                                                                                 ^\nUnnamed:11:5 Expected ) but found ;\r\n    };\r\n     ^\nUnnamed:12:0 Expected eof but found }\r\n}\r\n^\n\n- org.graalvm.polyglot.Context.eval(Context.java:425)\n- com.intuit.karate.graal.JsEngine.evalForValue(JsEngine.java:169)\n- com.intuit.karate.graal.JsEngine.eval(JsEngine.java:165)\n- com.intuit.karate.core.ScenarioEngine.evalJs(ScenarioEngine.java:1199)\n- com.intuit.karate.core.ScenarioRuntime.evalConfigJs(ScenarioRuntime.java:296)\n- com.intuit.karate.core.ScenarioRuntime.beforeRun(ScenarioRuntime.java:371)\n- com.intuit.karate.core.ScenarioRuntime.run(ScenarioRuntime.java:390)\n\n- com.intuit.karate.graal.JsEngine.fromJsEvalException(JsEngine.java:254)\n- com.intuit.karate.core.ScenarioEngine.evalJs(ScenarioEngine.java:1201)\n- com.intuit.karate.core.ScenarioRuntime.evalConfigJs(ScenarioRuntime.java:296)\n- com.intuit.karate.core.ScenarioRuntime.beforeRun(ScenarioRuntime.java:371)\n- com.intuit.karate.core.ScenarioRuntime.run(ScenarioRuntime.java:390)\n- com.intuit.karate.core.FeatureRuntime.processScenario(FeatureRuntime.java:199)\n- java.base\/java.util.stream.ReferencePipeline$2$1.accept(ReferencePipeline.java:179)\n\nExampleProjects\/appian-selenium-api-example-java\/src\/main\/java\/com\/appiancorp\/example\/Feature\/sample.feature:5\nExampleProjects\/appian-selenium-api-example-java\/src\/main\/java\/com\/appiancorp\/example\/Feature\/sample.feature:6\nExampleProjects\/appian-selenium-api-example-java\/src\/main\/java\/com\/appiancorp\/example\/Feature\/sample.feature:7\nExampleProjects\/appian-selenium-api-example-java\/src\/main\/java\/com\/appiancorp\/example\/Feature\/sample.feature:9\nExampleProjects\/appian-selenium-api-example-java\/src\/main\/java\/com\/appiancorp\/example\/Feature\/sample.feature:10\nExampleProjects\/appian-selenium-api-example-java\/src\/main\/java\/com\/appiancorp\/example\/Feature\/sample.feature:11\n"},{"result":{"nanos":0,"errorMessage":">> ExampleProjects\/appian-selenium-api-example-java\/src\/main\/java\/com\/appiancorp\/example\/Feature\/sample.feature:22\n>> karate-config.js failed\n>> js failed:\n>>>>\n01: (function() {\n02:     karate.configure('classpath:karate-config.js');\n03:     return {\n04:     karate.configure('driver', { type: 'chrome', addOptions: ['--disable-save-password-bubble'] });\n05:         return {\n06:         \/\/ Other configurations...\n07:                 packages: ['com.appiancorp.ps.automatedtest.fixture']\n08:             };\n09: \n10: \n11:     };\n12: }\n13: )\n<<<<\norg.graalvm.polyglot.PolyglotException: SyntaxError: Unnamed:4:10 Expected : but found .\r\n    karate.configure('driver', { type: 'chrome', addOptions: ['--disable-save-password-bubble'] });\r\n          ^\nUnnamed:4:97 Expected ; but found )\r\n    karate.configure('driver', { type: 'chrome', addOptions: ['--disable-save-password-bubble'] });\r\n                                                                                                 ^\nUnnamed:11:5 Expected ) but found ;\r\n    };\r\n     ^\nUnnamed:12:0 Expected eof but found }\r\n}\r\n^\n\n- org.graalvm.polyglot.Context.eval(Context.java:425)\n- com.intuit.karate.graal.JsEngine.evalForValue(JsEngine.java:169)\n- com.intuit.karate.graal.JsEngine.eval(JsEngine.java:165)\n- com.intuit.karate.core.ScenarioEngine.evalJs(ScenarioEngine.java:1199)\n- com.intuit.karate.core.ScenarioRuntime.evalConfigJs(ScenarioRuntime.java:296)\n- com.intuit.karate.core.ScenarioRuntime.beforeRun(ScenarioRuntime.java:371)\n- com.intuit.karate.core.ScenarioRuntime.run(ScenarioRuntime.java:390)\n\njs failed:\n>>>>\n01: function() {\n02:     karate.configure('classpath:karate-config.js');\n03:     return {\n04:     karate.configure('driver', { type: 'chrome', addOptions: ['--disable-save-password-bubble'] });\n05:         return {\n06:         \/\/ Other configurations...\n07:                 packages: ['com.appiancorp.ps.automatedtest.fixture']\n08:             };\n09: \n10: \n11:     };\n12: }\n<<<<\ncom.intuit.karate.KarateException: js failed:\n>>>>\n01: (function() {\n02:     karate.configure('classpath:karate-config.js');\n03:     return {\n04:     karate.configure('driver', { type: 'chrome', addOptions: ['--disable-save-password-bubble'] });\n05:         return {\n06:         \/\/ Other configurations...\n07:                 packages: ['com.appiancorp.ps.automatedtest.fixture']\n08:             };\n09: \n10: \n11:     };\n12: }\n13: )\n<<<<\norg.graalvm.polyglot.PolyglotException: SyntaxError: Unnamed:4:10 Expected : but found .\r\n    karate.configure('driver', { type: 'chrome', addOptions: ['--disable-save-password-bubble'] });\r\n          ^\nUnnamed:4:97 Expected ; but found )\r\n    karate.configure('driver', { type: 'chrome', addOptions: ['--disable-save-password-bubble'] });\r\n                                                                                                 ^\nUnnamed:11:5 Expected ) but found ;\r\n    };\r\n     ^\nUnnamed:12:0 Expected eof but found }\r\n}\r\n^\n\n- org.graalvm.polyglot.Context.eval(Context.java:425)\n- com.intuit.karate.graal.JsEngine.evalForValue(JsEngine.java:169)\n- com.intuit.karate.graal.JsEngine.eval(JsEngine.java:165)\n- com.intuit.karate.core.ScenarioEngine.evalJs(ScenarioEngine.java:1199)\n- com.intuit.karate.core.ScenarioRuntime.evalConfigJs(ScenarioRuntime.java:296)\n- com.intuit.karate.core.ScenarioRuntime.beforeRun(ScenarioRuntime.java:371)\n- com.intuit.karate.core.ScenarioRuntime.run(ScenarioRuntime.java:390)\n\n- com.intuit.karate.graal.JsEngine.fromJsEvalException(JsEngine.java:254)\n- com.intuit.karate.core.ScenarioEngine.evalJs(ScenarioEngine.java:1201)\n- com.intuit.karate.core.ScenarioRuntime.evalConfigJs(ScenarioRuntime.java:296)\n- com.intuit.karate.core.ScenarioRuntime.beforeRun(ScenarioRuntime.java:371)\n- com.intuit.karate.core.ScenarioRuntime.run(ScenarioRuntime.java:390)\n- com.intuit.karate.core.FeatureRuntime.processScenario(FeatureRuntime.java:199)\n- java.base\/java.util.stream.ReferencePipeline$2$1.accept(ReferencePipeline.java:179)\n\nExampleProjects\/appian-selenium-api-example-java\/src\/main\/java\/com\/appiancorp\/example\/Feature\/sample.feature:5\nExampleProjects\/appian-selenium-api-example-java\/src\/main\/java\/com\/appiancorp\/example\/Feature\/sample.feature:6\nExampleProjects\/appian-selenium-api-example-java\/src\/main\/java\/com\/appiancorp\/example\/Feature\/sample.feature:7\nExampleProjects\/appian-selenium-api-example-java\/src\/main\/java\/com\/appiancorp\/example\/Feature\/sample.feature:9\nExampleProjects\/appian-selenium-api-example-java\/src\/main\/java\/com\/appiancorp\/example\/Feature\/sample.feature:10\nExampleProjects\/appian-selenium-api-example-java\/src\/main\/java\/com\/appiancorp\/example\/Feature\/sample.feature:11\nExampleProjects\/appian-selenium-api-example-java\/src\/main\/java\/com\/appiancorp\/example\/Feature\/sample.feature:12","millis":0.0,"status":"failed"},"step":{"line":12,"prefix":"*","index":6,"text":"input('#un',username)"},"stepLog":"14:52:15.711 ExampleProjects\/appian-selenium-api-example-java\/src\/main\/java\/com\/appiancorp\/example\/Feature\/sample.feature:12\n* input('#un',username)\n>> ExampleProjects\/appian-selenium-api-example-java\/src\/main\/java\/com\/appiancorp\/example\/Feature\/sample.feature:22\n>> karate-config.js failed\n>> js failed:\n>>>>\n01: (function() {\n02:     karate.configure('classpath:karate-config.js');\n03:     return {\n04:     karate.configure('driver', { type: 'chrome', addOptions: ['--disable-save-password-bubble'] });\n05:         return {\n06:         \/\/ Other configurations...\n07:                 packages: ['com.appiancorp.ps.automatedtest.fixture']\n08:             };\n09: \n10: \n11:     };\n12: }\n13: )\n<<<<\norg.graalvm.polyglot.PolyglotException: SyntaxError: Unnamed:4:10 Expected : but found .\r\n    karate.configure('driver', { type: 'chrome', addOptions: ['--disable-save-password-bubble'] });\r\n          ^\nUnnamed:4:97 Expected ; but found )\r\n    karate.configure('driver', { type: 'chrome', addOptions: ['--disable-save-password-bubble'] });\r\n                                                                                                 ^\nUnnamed:11:5 Expected ) but found ;\r\n    };\r\n     ^\nUnnamed:12:0 Expected eof but found }\r\n}\r\n^\n\n- org.graalvm.polyglot.Context.eval(Context.java:425)\n- com.intuit.karate.graal.JsEngine.evalForValue(JsEngine.java:169)\n- com.intuit.karate.graal.JsEngine.eval(JsEngine.java:165)\n- com.intuit.karate.core.ScenarioEngine.evalJs(ScenarioEngine.java:1199)\n- com.intuit.karate.core.ScenarioRuntime.evalConfigJs(ScenarioRuntime.java:296)\n- com.intuit.karate.core.ScenarioRuntime.beforeRun(ScenarioRuntime.java:371)\n- com.intuit.karate.core.ScenarioRuntime.run(ScenarioRuntime.java:390)\n\njs failed:\n>>>>\n01: function() {\n02:     karate.configure('classpath:karate-config.js');\n03:     return {\n04:     karate.configure('driver', { type: 'chrome', addOptions: ['--disable-save-password-bubble'] });\n05:         return {\n06:         \/\/ Other configurations...\n07:                 packages: ['com.appiancorp.ps.automatedtest.fixture']\n08:             };\n09: \n10: \n11:     };\n12: }\n<<<<\ncom.intuit.karate.KarateException: js failed:\n>>>>\n01: (function() {\n02:     karate.configure('classpath:karate-config.js');\n03:     return {\n04:     karate.configure('driver', { type: 'chrome', addOptions: ['--disable-save-password-bubble'] });\n05:         return {\n06:         \/\/ Other configurations...\n07:                 packages: ['com.appiancorp.ps.automatedtest.fixture']\n08:             };\n09: \n10: \n11:     };\n12: }\n13: )\n<<<<\norg.graalvm.polyglot.PolyglotException: SyntaxError: Unnamed:4:10 Expected : but found .\r\n    karate.configure('driver', { type: 'chrome', addOptions: ['--disable-save-password-bubble'] });\r\n          ^\nUnnamed:4:97 Expected ; but found )\r\n    karate.configure('driver', { type: 'chrome', addOptions: ['--disable-save-password-bubble'] });\r\n                                                                                                 ^\nUnnamed:11:5 Expected ) but found ;\r\n    };\r\n     ^\nUnnamed:12:0 Expected eof but found }\r\n}\r\n^\n\n- org.graalvm.polyglot.Context.eval(Context.java:425)\n- com.intuit.karate.graal.JsEngine.evalForValue(JsEngine.java:169)\n- com.intuit.karate.graal.JsEngine.eval(JsEngine.java:165)\n- com.intuit.karate.core.ScenarioEngine.evalJs(ScenarioEngine.java:1199)\n- com.intuit.karate.core.ScenarioRuntime.evalConfigJs(ScenarioRuntime.java:296)\n- com.intuit.karate.core.ScenarioRuntime.beforeRun(ScenarioRuntime.java:371)\n- com.intuit.karate.core.ScenarioRuntime.run(ScenarioRuntime.java:390)\n\n- com.intuit.karate.graal.JsEngine.fromJsEvalException(JsEngine.java:254)\n- com.intuit.karate.core.ScenarioEngine.evalJs(ScenarioEngine.java:1201)\n- com.intuit.karate.core.ScenarioRuntime.evalConfigJs(ScenarioRuntime.java:296)\n- com.intuit.karate.core.ScenarioRuntime.beforeRun(ScenarioRuntime.java:371)\n- com.intuit.karate.core.ScenarioRuntime.run(ScenarioRuntime.java:390)\n- com.intuit.karate.core.FeatureRuntime.processScenario(FeatureRuntime.java:199)\n- java.base\/java.util.stream.ReferencePipeline$2$1.accept(ReferencePipeline.java:179)\n\nExampleProjects\/appian-selenium-api-example-java\/src\/main\/java\/com\/appiancorp\/example\/Feature\/sample.feature:5\nExampleProjects\/appian-selenium-api-example-java\/src\/main\/java\/com\/appiancorp\/example\/Feature\/sample.feature:6\nExampleProjects\/appian-selenium-api-example-java\/src\/main\/java\/com\/appiancorp\/example\/Feature\/sample.feature:7\nExampleProjects\/appian-selenium-api-example-java\/src\/main\/java\/com\/appiancorp\/example\/Feature\/sample.feature:9\nExampleProjects\/appian-selenium-api-example-java\/src\/main\/java\/com\/appiancorp\/example\/Feature\/sample.feature:10\nExampleProjects\/appian-selenium-api-example-java\/src\/main\/java\/com\/appiancorp\/example\/Feature\/sample.feature:11\nExampleProjects\/appian-selenium-api-example-java\/src\/main\/java\/com\/appiancorp\/example\/Feature\/sample.feature:12\n"},{"result":{"nanos":0,"errorMessage":">> ExampleProjects\/appian-selenium-api-example-java\/src\/main\/java\/com\/appiancorp\/example\/Feature\/sample.feature:22\n>> karate-config.js failed\n>> js failed:\n>>>>\n01: (function() {\n02:     karate.configure('classpath:karate-config.js');\n03:     return {\n04:     karate.configure('driver', { type: 'chrome', addOptions: ['--disable-save-password-bubble'] });\n05:         return {\n06:         \/\/ Other configurations...\n07:                 packages: ['com.appiancorp.ps.automatedtest.fixture']\n08:             };\n09: \n10: \n11:     };\n12: }\n13: )\n<<<<\norg.graalvm.polyglot.PolyglotException: SyntaxError: Unnamed:4:10 Expected : but found .\r\n    karate.configure('driver', { type: 'chrome', addOptions: ['--disable-save-password-bubble'] });\r\n          ^\nUnnamed:4:97 Expected ; but found )\r\n    karate.configure('driver', { type: 'chrome', addOptions: ['--disable-save-password-bubble'] });\r\n                                                                                                 ^\nUnnamed:11:5 Expected ) but found ;\r\n    };\r\n     ^\nUnnamed:12:0 Expected eof but found }\r\n}\r\n^\n\n- org.graalvm.polyglot.Context.eval(Context.java:425)\n- com.intuit.karate.graal.JsEngine.evalForValue(JsEngine.java:169)\n- com.intuit.karate.graal.JsEngine.eval(JsEngine.java:165)\n- com.intuit.karate.core.ScenarioEngine.evalJs(ScenarioEngine.java:1199)\n- com.intuit.karate.core.ScenarioRuntime.evalConfigJs(ScenarioRuntime.java:296)\n- com.intuit.karate.core.ScenarioRuntime.beforeRun(ScenarioRuntime.java:371)\n- com.intuit.karate.core.ScenarioRuntime.run(ScenarioRuntime.java:390)\n\njs failed:\n>>>>\n01: function() {\n02:     karate.configure('classpath:karate-config.js');\n03:     return {\n04:     karate.configure('driver', { type: 'chrome', addOptions: ['--disable-save-password-bubble'] });\n05:         return {\n06:         \/\/ Other configurations...\n07:                 packages: ['com.appiancorp.ps.automatedtest.fixture']\n08:             };\n09: \n10: \n11:     };\n12: }\n<<<<\ncom.intuit.karate.KarateException: js failed:\n>>>>\n01: (function() {\n02:     karate.configure('classpath:karate-config.js');\n03:     return {\n04:     karate.configure('driver', { type: 'chrome', addOptions: ['--disable-save-password-bubble'] });\n05:         return {\n06:         \/\/ Other configurations...\n07:                 packages: ['com.appiancorp.ps.automatedtest.fixture']\n08:             };\n09: \n10: \n11:     };\n12: }\n13: )\n<<<<\norg.graalvm.polyglot.PolyglotException: SyntaxError: Unnamed:4:10 Expected : but found .\r\n    karate.configure('driver', { type: 'chrome', addOptions: ['--disable-save-password-bubble'] });\r\n          ^\nUnnamed:4:97 Expected ; but found )\r\n    karate.configure('driver', { type: 'chrome', addOptions: ['--disable-save-password-bubble'] });\r\n                                                                                                 ^\nUnnamed:11:5 Expected ) but found ;\r\n    };\r\n     ^\nUnnamed:12:0 Expected eof but found }\r\n}\r\n^\n\n- org.graalvm.polyglot.Context.eval(Context.java:425)\n- com.intuit.karate.graal.JsEngine.evalForValue(JsEngine.java:169)\n- com.intuit.karate.graal.JsEngine.eval(JsEngine.java:165)\n- com.intuit.karate.core.ScenarioEngine.evalJs(ScenarioEngine.java:1199)\n- com.intuit.karate.core.ScenarioRuntime.evalConfigJs(ScenarioRuntime.java:296)\n- com.intuit.karate.core.ScenarioRuntime.beforeRun(ScenarioRuntime.java:371)\n- com.intuit.karate.core.ScenarioRuntime.run(ScenarioRuntime.java:390)\n\n- com.intuit.karate.graal.JsEngine.fromJsEvalException(JsEngine.java:254)\n- com.intuit.karate.core.ScenarioEngine.evalJs(ScenarioEngine.java:1201)\n- com.intuit.karate.core.ScenarioRuntime.evalConfigJs(ScenarioRuntime.java:296)\n- com.intuit.karate.core.ScenarioRuntime.beforeRun(ScenarioRuntime.java:371)\n- com.intuit.karate.core.ScenarioRuntime.run(ScenarioRuntime.java:390)\n- com.intuit.karate.core.FeatureRuntime.processScenario(FeatureRuntime.java:199)\n- java.base\/java.util.stream.ReferencePipeline$2$1.accept(ReferencePipeline.java:179)\n\nExampleProjects\/appian-selenium-api-example-java\/src\/main\/java\/com\/appiancorp\/example\/Feature\/sample.feature:5\nExampleProjects\/appian-selenium-api-example-java\/src\/main\/java\/com\/appiancorp\/example\/Feature\/sample.feature:6\nExampleProjects\/appian-selenium-api-example-java\/src\/main\/java\/com\/appiancorp\/example\/Feature\/sample.feature:7\nExampleProjects\/appian-selenium-api-example-java\/src\/main\/java\/com\/appiancorp\/example\/Feature\/sample.feature:9\nExampleProjects\/appian-selenium-api-example-java\/src\/main\/java\/com\/appiancorp\/example\/Feature\/sample.feature:10\nExampleProjects\/appian-selenium-api-example-java\/src\/main\/java\/com\/appiancorp\/example\/Feature\/sample.feature:11\nExampleProjects\/appian-selenium-api-example-java\/src\/main\/java\/com\/appiancorp\/example\/Feature\/sample.feature:12\nExampleProjects\/appian-selenium-api-example-java\/src\/main\/java\/com\/appiancorp\/example\/Feature\/sample.feature:13","millis":0.0,"status":"failed"},"step":{"line":13,"prefix":"And","index":7,"text":"input('#pw',password)"},"stepLog":"14:52:15.711 ExampleProjects\/appian-selenium-api-example-java\/src\/main\/java\/com\/appiancorp\/example\/Feature\/sample.feature:13\nAnd input('#pw',password)\n>> ExampleProjects\/appian-selenium-api-example-java\/src\/main\/java\/com\/appiancorp\/example\/Feature\/sample.feature:22\n>> karate-config.js failed\n>> js failed:\n>>>>\n01: (function() {\n02:     karate.configure('classpath:karate-config.js');\n03:     return {\n04:     karate.configure('driver', { type: 'chrome', addOptions: ['--disable-save-password-bubble'] });\n05:         return {\n06:         \/\/ Other configurations...\n07:                 packages: ['com.appiancorp.ps.automatedtest.fixture']\n08:             };\n09: \n10: \n11:     };\n12: }\n13: )\n<<<<\norg.graalvm.polyglot.PolyglotException: SyntaxError: Unnamed:4:10 Expected : but found .\r\n    karate.configure('driver', { type: 'chrome', addOptions: ['--disable-save-password-bubble'] });\r\n          ^\nUnnamed:4:97 Expected ; but found )\r\n    karate.configure('driver', { type: 'chrome', addOptions: ['--disable-save-password-bubble'] });\r\n                                                                                                 ^\nUnnamed:11:5 Expected ) but found ;\r\n    };\r\n     ^\nUnnamed:12:0 Expected eof but found }\r\n}\r\n^\n\n- org.graalvm.polyglot.Context.eval(Context.java:425)\n- com.intuit.karate.graal.JsEngine.evalForValue(JsEngine.java:169)\n- com.intuit.karate.graal.JsEngine.eval(JsEngine.java:165)\n- com.intuit.karate.core.ScenarioEngine.evalJs(ScenarioEngine.java:1199)\n- com.intuit.karate.core.ScenarioRuntime.evalConfigJs(ScenarioRuntime.java:296)\n- com.intuit.karate.core.ScenarioRuntime.beforeRun(ScenarioRuntime.java:371)\n- com.intuit.karate.core.ScenarioRuntime.run(ScenarioRuntime.java:390)\n\njs failed:\n>>>>\n01: function() {\n02:     karate.configure('classpath:karate-config.js');\n03:     return {\n04:     karate.configure('driver', { type: 'chrome', addOptions: ['--disable-save-password-bubble'] });\n05:         return {\n06:         \/\/ Other configurations...\n07:                 packages: ['com.appiancorp.ps.automatedtest.fixture']\n08:             };\n09: \n10: \n11:     };\n12: }\n<<<<\ncom.intuit.karate.KarateException: js failed:\n>>>>\n01: (function() {\n02:     karate.configure('classpath:karate-config.js');\n03:     return {\n04:     karate.configure('driver', { type: 'chrome', addOptions: ['--disable-save-password-bubble'] });\n05:         return {\n06:         \/\/ Other configurations...\n07:                 packages: ['com.appiancorp.ps.automatedtest.fixture']\n08:             };\n09: \n10: \n11:     };\n12: }\n13: )\n<<<<\norg.graalvm.polyglot.PolyglotException: SyntaxError: Unnamed:4:10 Expected : but found .\r\n    karate.configure('driver', { type: 'chrome', addOptions: ['--disable-save-password-bubble'] });\r\n          ^\nUnnamed:4:97 Expected ; but found )\r\n    karate.configure('driver', { type: 'chrome', addOptions: ['--disable-save-password-bubble'] });\r\n                                                                                                 ^\nUnnamed:11:5 Expected ) but found ;\r\n    };\r\n     ^\nUnnamed:12:0 Expected eof but found }\r\n}\r\n^\n\n- org.graalvm.polyglot.Context.eval(Context.java:425)\n- com.intuit.karate.graal.JsEngine.evalForValue(JsEngine.java:169)\n- com.intuit.karate.graal.JsEngine.eval(JsEngine.java:165)\n- com.intuit.karate.core.ScenarioEngine.evalJs(ScenarioEngine.java:1199)\n- com.intuit.karate.core.ScenarioRuntime.evalConfigJs(ScenarioRuntime.java:296)\n- com.intuit.karate.core.ScenarioRuntime.beforeRun(ScenarioRuntime.java:371)\n- com.intuit.karate.core.ScenarioRuntime.run(ScenarioRuntime.java:390)\n\n- com.intuit.karate.graal.JsEngine.fromJsEvalException(JsEngine.java:254)\n- com.intuit.karate.core.ScenarioEngine.evalJs(ScenarioEngine.java:1201)\n- com.intuit.karate.core.ScenarioRuntime.evalConfigJs(ScenarioRuntime.java:296)\n- com.intuit.karate.core.ScenarioRuntime.beforeRun(ScenarioRuntime.java:371)\n- com.intuit.karate.core.ScenarioRuntime.run(ScenarioRuntime.java:390)\n- com.intuit.karate.core.FeatureRuntime.processScenario(FeatureRuntime.java:199)\n- java.base\/java.util.stream.ReferencePipeline$2$1.accept(ReferencePipeline.java:179)\n\nExampleProjects\/appian-selenium-api-example-java\/src\/main\/java\/com\/appiancorp\/example\/Feature\/sample.feature:5\nExampleProjects\/appian-selenium-api-example-java\/src\/main\/java\/com\/appiancorp\/example\/Feature\/sample.feature:6\nExampleProjects\/appian-selenium-api-example-java\/src\/main\/java\/com\/appiancorp\/example\/Feature\/sample.feature:7\nExampleProjects\/appian-selenium-api-example-java\/src\/main\/java\/com\/appiancorp\/example\/Feature\/sample.feature:9\nExampleProjects\/appian-selenium-api-example-java\/src\/main\/java\/com\/appiancorp\/example\/Feature\/sample.feature:10\nExampleProjects\/appian-selenium-api-example-java\/src\/main\/java\/com\/appiancorp\/example\/Feature\/sample.feature:11\nExampleProjects\/appian-selenium-api-example-java\/src\/main\/java\/com\/appiancorp\/example\/Feature\/sample.feature:12\nExampleProjects\/appian-selenium-api-example-java\/src\/main\/java\/com\/appiancorp\/example\/Feature\/sample.feature:13\n"},{"result":{"nanos":0,"errorMessage":">> ExampleProjects\/appian-selenium-api-example-java\/src\/main\/java\/com\/appiancorp\/example\/Feature\/sample.feature:22\n>> karate-config.js failed\n>> js failed:\n>>>>\n01: (function() {\n02:     karate.configure('classpath:karate-config.js');\n03:     return {\n04:     karate.configure('driver', { type: 'chrome', addOptions: ['--disable-save-password-bubble'] });\n05:         return {\n06:         \/\/ Other configurations...\n07:                 packages: ['com.appiancorp.ps.automatedtest.fixture']\n08:             };\n09: \n10: \n11:     };\n12: }\n13: )\n<<<<\norg.graalvm.polyglot.PolyglotException: SyntaxError: Unnamed:4:10 Expected : but found .\r\n    karate.configure('driver', { type: 'chrome', addOptions: ['--disable-save-password-bubble'] });\r\n          ^\nUnnamed:4:97 Expected ; but found )\r\n    karate.configure('driver', { type: 'chrome', addOptions: ['--disable-save-password-bubble'] });\r\n                                                                                                 ^\nUnnamed:11:5 Expected ) but found ;\r\n    };\r\n     ^\nUnnamed:12:0 Expected eof but found }\r\n}\r\n^\n\n- org.graalvm.polyglot.Context.eval(Context.java:425)\n- com.intuit.karate.graal.JsEngine.evalForValue(JsEngine.java:169)\n- com.intuit.karate.graal.JsEngine.eval(JsEngine.java:165)\n- com.intuit.karate.core.ScenarioEngine.evalJs(ScenarioEngine.java:1199)\n- com.intuit.karate.core.ScenarioRuntime.evalConfigJs(ScenarioRuntime.java:296)\n- com.intuit.karate.core.ScenarioRuntime.beforeRun(ScenarioRuntime.java:371)\n- com.intuit.karate.core.ScenarioRuntime.run(ScenarioRuntime.java:390)\n\njs failed:\n>>>>\n01: function() {\n02:     karate.configure('classpath:karate-config.js');\n03:     return {\n04:     karate.configure('driver', { type: 'chrome', addOptions: ['--disable-save-password-bubble'] });\n05:         return {\n06:         \/\/ Other configurations...\n07:                 packages: ['com.appiancorp.ps.automatedtest.fixture']\n08:             };\n09: \n10: \n11:     };\n12: }\n<<<<\ncom.intuit.karate.KarateException: js failed:\n>>>>\n01: (function() {\n02:     karate.configure('classpath:karate-config.js');\n03:     return {\n04:     karate.configure('driver', { type: 'chrome', addOptions: ['--disable-save-password-bubble'] });\n05:         return {\n06:         \/\/ Other configurations...\n07:                 packages: ['com.appiancorp.ps.automatedtest.fixture']\n08:             };\n09: \n10: \n11:     };\n12: }\n13: )\n<<<<\norg.graalvm.polyglot.PolyglotException: SyntaxError: Unnamed:4:10 Expected : but found .\r\n    karate.configure('driver', { type: 'chrome', addOptions: ['--disable-save-password-bubble'] });\r\n          ^\nUnnamed:4:97 Expected ; but found )\r\n    karate.configure('driver', { type: 'chrome', addOptions: ['--disable-save-password-bubble'] });\r\n                                                                                                 ^\nUnnamed:11:5 Expected ) but found ;\r\n    };\r\n     ^\nUnnamed:12:0 Expected eof but found }\r\n}\r\n^\n\n- org.graalvm.polyglot.Context.eval(Context.java:425)\n- com.intuit.karate.graal.JsEngine.evalForValue(JsEngine.java:169)\n- com.intuit.karate.graal.JsEngine.eval(JsEngine.java:165)\n- com.intuit.karate.core.ScenarioEngine.evalJs(ScenarioEngine.java:1199)\n- com.intuit.karate.core.ScenarioRuntime.evalConfigJs(ScenarioRuntime.java:296)\n- com.intuit.karate.core.ScenarioRuntime.beforeRun(ScenarioRuntime.java:371)\n- com.intuit.karate.core.ScenarioRuntime.run(ScenarioRuntime.java:390)\n\n- com.intuit.karate.graal.JsEngine.fromJsEvalException(JsEngine.java:254)\n- com.intuit.karate.core.ScenarioEngine.evalJs(ScenarioEngine.java:1201)\n- com.intuit.karate.core.ScenarioRuntime.evalConfigJs(ScenarioRuntime.java:296)\n- com.intuit.karate.core.ScenarioRuntime.beforeRun(ScenarioRuntime.java:371)\n- com.intuit.karate.core.ScenarioRuntime.run(ScenarioRuntime.java:390)\n- com.intuit.karate.core.FeatureRuntime.processScenario(FeatureRuntime.java:199)\n- java.base\/java.util.stream.ReferencePipeline$2$1.accept(ReferencePipeline.java:179)\n\nExampleProjects\/appian-selenium-api-example-java\/src\/main\/java\/com\/appiancorp\/example\/Feature\/sample.feature:5\nExampleProjects\/appian-selenium-api-example-java\/src\/main\/java\/com\/appiancorp\/example\/Feature\/sample.feature:6\nExampleProjects\/appian-selenium-api-example-java\/src\/main\/java\/com\/appiancorp\/example\/Feature\/sample.feature:7\nExampleProjects\/appian-selenium-api-example-java\/src\/main\/java\/com\/appiancorp\/example\/Feature\/sample.feature:9\nExampleProjects\/appian-selenium-api-example-java\/src\/main\/java\/com\/appiancorp\/example\/Feature\/sample.feature:10\nExampleProjects\/appian-selenium-api-example-java\/src\/main\/java\/com\/appiancorp\/example\/Feature\/sample.feature:11\nExampleProjects\/appian-selenium-api-example-java\/src\/main\/java\/com\/appiancorp\/example\/Feature\/sample.feature:12\nExampleProjects\/appian-selenium-api-example-java\/src\/main\/java\/com\/appiancorp\/example\/Feature\/sample.feature:13\nExampleProjects\/appian-selenium-api-example-java\/src\/main\/java\/com\/appiancorp\/example\/Feature\/sample.feature:14","millis":0.0,"status":"failed"},"step":{"line":14,"prefix":"*","index":8,"text":"def sleep = function(millis){ java.lang.Thread.sleep(millis) }"},"stepLog":"14:52:15.711 ExampleProjects\/appian-selenium-api-example-java\/src\/main\/java\/com\/appiancorp\/example\/Feature\/sample.feature:14\n* def sleep = function(millis){ java.lang.Thread.sleep(millis) }\n>> ExampleProjects\/appian-selenium-api-example-java\/src\/main\/java\/com\/appiancorp\/example\/Feature\/sample.feature:22\n>> karate-config.js failed\n>> js failed:\n>>>>\n01: (function() {\n02:     karate.configure('classpath:karate-config.js');\n03:     return {\n04:     karate.configure('driver', { type: 'chrome', addOptions: ['--disable-save-password-bubble'] });\n05:         return {\n06:         \/\/ Other configurations...\n07:                 packages: ['com.appiancorp.ps.automatedtest.fixture']\n08:             };\n09: \n10: \n11:     };\n12: }\n13: )\n<<<<\norg.graalvm.polyglot.PolyglotException: SyntaxError: Unnamed:4:10 Expected : but found .\r\n    karate.configure('driver', { type: 'chrome', addOptions: ['--disable-save-password-bubble'] });\r\n          ^\nUnnamed:4:97 Expected ; but found )\r\n    karate.configure('driver', { type: 'chrome', addOptions: ['--disable-save-password-bubble'] });\r\n                                                                                                 ^\nUnnamed:11:5 Expected ) but found ;\r\n    };\r\n     ^\nUnnamed:12:0 Expected eof but found }\r\n}\r\n^\n\n- org.graalvm.polyglot.Context.eval(Context.java:425)\n- com.intuit.karate.graal.JsEngine.evalForValue(JsEngine.java:169)\n- com.intuit.karate.graal.JsEngine.eval(JsEngine.java:165)\n- com.intuit.karate.core.ScenarioEngine.evalJs(ScenarioEngine.java:1199)\n- com.intuit.karate.core.ScenarioRuntime.evalConfigJs(ScenarioRuntime.java:296)\n- com.intuit.karate.core.ScenarioRuntime.beforeRun(ScenarioRuntime.java:371)\n- com.intuit.karate.core.ScenarioRuntime.run(ScenarioRuntime.java:390)\n\njs failed:\n>>>>\n01: function() {\n02:     karate.configure('classpath:karate-config.js');\n03:     return {\n04:     karate.configure('driver', { type: 'chrome', addOptions: ['--disable-save-password-bubble'] });\n05:         return {\n06:         \/\/ Other configurations...\n07:                 packages: ['com.appiancorp.ps.automatedtest.fixture']\n08:             };\n09: \n10: \n11:     };\n12: }\n<<<<\ncom.intuit.karate.KarateException: js failed:\n>>>>\n01: (function() {\n02:     karate.configure('classpath:karate-config.js');\n03:     return {\n04:     karate.configure('driver', { type: 'chrome', addOptions: ['--disable-save-password-bubble'] });\n05:         return {\n06:         \/\/ Other configurations...\n07:                 packages: ['com.appiancorp.ps.automatedtest.fixture']\n08:             };\n09: \n10: \n11:     };\n12: }\n13: )\n<<<<\norg.graalvm.polyglot.PolyglotException: SyntaxError: Unnamed:4:10 Expected : but found .\r\n    karate.configure('driver', { type: 'chrome', addOptions: ['--disable-save-password-bubble'] });\r\n          ^\nUnnamed:4:97 Expected ; but found )\r\n    karate.configure('driver', { type: 'chrome', addOptions: ['--disable-save-password-bubble'] });\r\n                                                                                                 ^\nUnnamed:11:5 Expected ) but found ;\r\n    };\r\n     ^\nUnnamed:12:0 Expected eof but found }\r\n}\r\n^\n\n- org.graalvm.polyglot.Context.eval(Context.java:425)\n- com.intuit.karate.graal.JsEngine.evalForValue(JsEngine.java:169)\n- com.intuit.karate.graal.JsEngine.eval(JsEngine.java:165)\n- com.intuit.karate.core.ScenarioEngine.evalJs(ScenarioEngine.java:1199)\n- com.intuit.karate.core.ScenarioRuntime.evalConfigJs(ScenarioRuntime.java:296)\n- com.intuit.karate.core.ScenarioRuntime.beforeRun(ScenarioRuntime.java:371)\n- com.intuit.karate.core.ScenarioRuntime.run(ScenarioRuntime.java:390)\n\n- com.intuit.karate.graal.JsEngine.fromJsEvalException(JsEngine.java:254)\n- com.intuit.karate.core.ScenarioEngine.evalJs(ScenarioEngine.java:1201)\n- com.intuit.karate.core.ScenarioRuntime.evalConfigJs(ScenarioRuntime.java:296)\n- com.intuit.karate.core.ScenarioRuntime.beforeRun(ScenarioRuntime.java:371)\n- com.intuit.karate.core.ScenarioRuntime.run(ScenarioRuntime.java:390)\n- com.intuit.karate.core.FeatureRuntime.processScenario(FeatureRuntime.java:199)\n- java.base\/java.util.stream.ReferencePipeline$2$1.accept(ReferencePipeline.java:179)\n\nExampleProjects\/appian-selenium-api-example-java\/src\/main\/java\/com\/appiancorp\/example\/Feature\/sample.feature:5\nExampleProjects\/appian-selenium-api-example-java\/src\/main\/java\/com\/appiancorp\/example\/Feature\/sample.feature:6\nExampleProjects\/appian-selenium-api-example-java\/src\/main\/java\/com\/appiancorp\/example\/Feature\/sample.feature:7\nExampleProjects\/appian-selenium-api-example-java\/src\/main\/java\/com\/appiancorp\/example\/Feature\/sample.feature:9\nExampleProjects\/appian-selenium-api-example-java\/src\/main\/java\/com\/appiancorp\/example\/Feature\/sample.feature:10\nExampleProjects\/appian-selenium-api-example-java\/src\/main\/java\/com\/appiancorp\/example\/Feature\/sample.feature:11\nExampleProjects\/appian-selenium-api-example-java\/src\/main\/java\/com\/appiancorp\/example\/Feature\/sample.feature:12\nExampleProjects\/appian-selenium-api-example-java\/src\/main\/java\/com\/appiancorp\/example\/Feature\/sample.feature:13\nExampleProjects\/appian-selenium-api-example-java\/src\/main\/java\/com\/appiancorp\/example\/Feature\/sample.feature:14\n"},{"result":{"nanos":0,"errorMessage":">> ExampleProjects\/appian-selenium-api-example-java\/src\/main\/java\/com\/appiancorp\/example\/Feature\/sample.feature:22\n>> karate-config.js failed\n>> js failed:\n>>>>\n01: (function() {\n02:     karate.configure('classpath:karate-config.js');\n03:     return {\n04:     karate.configure('driver', { type: 'chrome', addOptions: ['--disable-save-password-bubble'] });\n05:         return {\n06:         \/\/ Other configurations...\n07:                 packages: ['com.appiancorp.ps.automatedtest.fixture']\n08:             };\n09: \n10: \n11:     };\n12: }\n13: )\n<<<<\norg.graalvm.polyglot.PolyglotException: SyntaxError: Unnamed:4:10 Expected : but found .\r\n    karate.configure('driver', { type: 'chrome', addOptions: ['--disable-save-password-bubble'] });\r\n          ^\nUnnamed:4:97 Expected ; but found )\r\n    karate.configure('driver', { type: 'chrome', addOptions: ['--disable-save-password-bubble'] });\r\n                                                                                                 ^\nUnnamed:11:5 Expected ) but found ;\r\n    };\r\n     ^\nUnnamed:12:0 Expected eof but found }\r\n}\r\n^\n\n- org.graalvm.polyglot.Context.eval(Context.java:425)\n- com.intuit.karate.graal.JsEngine.evalForValue(JsEngine.java:169)\n- com.intuit.karate.graal.JsEngine.eval(JsEngine.java:165)\n- com.intuit.karate.core.ScenarioEngine.evalJs(ScenarioEngine.java:1199)\n- com.intuit.karate.core.ScenarioRuntime.evalConfigJs(ScenarioRuntime.java:296)\n- com.intuit.karate.core.ScenarioRuntime.beforeRun(ScenarioRuntime.java:371)\n- com.intuit.karate.core.ScenarioRuntime.run(ScenarioRuntime.java:390)\n\njs failed:\n>>>>\n01: function() {\n02:     karate.configure('classpath:karate-config.js');\n03:     return {\n04:     karate.configure('driver', { type: 'chrome', addOptions: ['--disable-save-password-bubble'] });\n05:         return {\n06:         \/\/ Other configurations...\n07:                 packages: ['com.appiancorp.ps.automatedtest.fixture']\n08:             };\n09: \n10: \n11:     };\n12: }\n<<<<\ncom.intuit.karate.KarateException: js failed:\n>>>>\n01: (function() {\n02:     karate.configure('classpath:karate-config.js');\n03:     return {\n04:     karate.configure('driver', { type: 'chrome', addOptions: ['--disable-save-password-bubble'] });\n05:         return {\n06:         \/\/ Other configurations...\n07:                 packages: ['com.appiancorp.ps.automatedtest.fixture']\n08:             };\n09: \n10: \n11:     };\n12: }\n13: )\n<<<<\norg.graalvm.polyglot.PolyglotException: SyntaxError: Unnamed:4:10 Expected : but found .\r\n    karate.configure('driver', { type: 'chrome', addOptions: ['--disable-save-password-bubble'] });\r\n          ^\nUnnamed:4:97 Expected ; but found )\r\n    karate.configure('driver', { type: 'chrome', addOptions: ['--disable-save-password-bubble'] });\r\n                                                                                                 ^\nUnnamed:11:5 Expected ) but found ;\r\n    };\r\n     ^\nUnnamed:12:0 Expected eof but found }\r\n}\r\n^\n\n- org.graalvm.polyglot.Context.eval(Context.java:425)\n- com.intuit.karate.graal.JsEngine.evalForValue(JsEngine.java:169)\n- com.intuit.karate.graal.JsEngine.eval(JsEngine.java:165)\n- com.intuit.karate.core.ScenarioEngine.evalJs(ScenarioEngine.java:1199)\n- com.intuit.karate.core.ScenarioRuntime.evalConfigJs(ScenarioRuntime.java:296)\n- com.intuit.karate.core.ScenarioRuntime.beforeRun(ScenarioRuntime.java:371)\n- com.intuit.karate.core.ScenarioRuntime.run(ScenarioRuntime.java:390)\n\n- com.intuit.karate.graal.JsEngine.fromJsEvalException(JsEngine.java:254)\n- com.intuit.karate.core.ScenarioEngine.evalJs(ScenarioEngine.java:1201)\n- com.intuit.karate.core.ScenarioRuntime.evalConfigJs(ScenarioRuntime.java:296)\n- com.intuit.karate.core.ScenarioRuntime.beforeRun(ScenarioRuntime.java:371)\n- com.intuit.karate.core.ScenarioRuntime.run(ScenarioRuntime.java:390)\n- com.intuit.karate.core.FeatureRuntime.processScenario(FeatureRuntime.java:199)\n- java.base\/java.util.stream.ReferencePipeline$2$1.accept(ReferencePipeline.java:179)\n\nExampleProjects\/appian-selenium-api-example-java\/src\/main\/java\/com\/appiancorp\/example\/Feature\/sample.feature:5\nExampleProjects\/appian-selenium-api-example-java\/src\/main\/java\/com\/appiancorp\/example\/Feature\/sample.feature:6\nExampleProjects\/appian-selenium-api-example-java\/src\/main\/java\/com\/appiancorp\/example\/Feature\/sample.feature:7\nExampleProjects\/appian-selenium-api-example-java\/src\/main\/java\/com\/appiancorp\/example\/Feature\/sample.feature:9\nExampleProjects\/appian-selenium-api-example-java\/src\/main\/java\/com\/appiancorp\/example\/Feature\/sample.feature:10\nExampleProjects\/appian-selenium-api-example-java\/src\/main\/java\/com\/appiancorp\/example\/Feature\/sample.feature:11\nExampleProjects\/appian-selenium-api-example-java\/src\/main\/java\/com\/appiancorp\/example\/Feature\/sample.feature:12\nExampleProjects\/appian-selenium-api-example-java\/src\/main\/java\/com\/appiancorp\/example\/Feature\/sample.feature:13\nExampleProjects\/appian-selenium-api-example-java\/src\/main\/java\/com\/appiancorp\/example\/Feature\/sample.feature:14\nExampleProjects\/appian-selenium-api-example-java\/src\/main\/java\/com\/appiancorp\/example\/Feature\/sample.feature:15","millis":0.0,"status":"failed"},"step":{"line":15,"prefix":"*","index":9,"text":"sleep(2000)"},"stepLog":"14:52:15.712 ExampleProjects\/appian-selenium-api-example-java\/src\/main\/java\/com\/appiancorp\/example\/Feature\/sample.feature:15\n* sleep(2000)\n>> ExampleProjects\/appian-selenium-api-example-java\/src\/main\/java\/com\/appiancorp\/example\/Feature\/sample.feature:22\n>> karate-config.js failed\n>> js failed:\n>>>>\n01: (function() {\n02:     karate.configure('classpath:karate-config.js');\n03:     return {\n04:     karate.configure('driver', { type: 'chrome', addOptions: ['--disable-save-password-bubble'] });\n05:         return {\n06:         \/\/ Other configurations...\n07:                 packages: ['com.appiancorp.ps.automatedtest.fixture']\n08:             };\n09: \n10: \n11:     };\n12: }\n13: )\n<<<<\norg.graalvm.polyglot.PolyglotException: SyntaxError: Unnamed:4:10 Expected : but found .\r\n    karate.configure('driver', { type: 'chrome', addOptions: ['--disable-save-password-bubble'] });\r\n          ^\nUnnamed:4:97 Expected ; but found )\r\n    karate.configure('driver', { type: 'chrome', addOptions: ['--disable-save-password-bubble'] });\r\n                                                                                                 ^\nUnnamed:11:5 Expected ) but found ;\r\n    };\r\n     ^\nUnnamed:12:0 Expected eof but found }\r\n}\r\n^\n\n- org.graalvm.polyglot.Context.eval(Context.java:425)\n- com.intuit.karate.graal.JsEngine.evalForValue(JsEngine.java:169)\n- com.intuit.karate.graal.JsEngine.eval(JsEngine.java:165)\n- com.intuit.karate.core.ScenarioEngine.evalJs(ScenarioEngine.java:1199)\n- com.intuit.karate.core.ScenarioRuntime.evalConfigJs(ScenarioRuntime.java:296)\n- com.intuit.karate.core.ScenarioRuntime.beforeRun(ScenarioRuntime.java:371)\n- com.intuit.karate.core.ScenarioRuntime.run(ScenarioRuntime.java:390)\n\njs failed:\n>>>>\n01: function() {\n02:     karate.configure('classpath:karate-config.js');\n03:     return {\n04:     karate.configure('driver', { type: 'chrome', addOptions: ['--disable-save-password-bubble'] });\n05:         return {\n06:         \/\/ Other configurations...\n07:                 packages: ['com.appiancorp.ps.automatedtest.fixture']\n08:             };\n09: \n10: \n11:     };\n12: }\n<<<<\ncom.intuit.karate.KarateException: js failed:\n>>>>\n01: (function() {\n02:     karate.configure('classpath:karate-config.js');\n03:     return {\n04:     karate.configure('driver', { type: 'chrome', addOptions: ['--disable-save-password-bubble'] });\n05:         return {\n06:         \/\/ Other configurations...\n07:                 packages: ['com.appiancorp.ps.automatedtest.fixture']\n08:             };\n09: \n10: \n11:     };\n12: }\n13: )\n<<<<\norg.graalvm.polyglot.PolyglotException: SyntaxError: Unnamed:4:10 Expected : but found .\r\n    karate.configure('driver', { type: 'chrome', addOptions: ['--disable-save-password-bubble'] });\r\n          ^\nUnnamed:4:97 Expected ; but found )\r\n    karate.configure('driver', { type: 'chrome', addOptions: ['--disable-save-password-bubble'] });\r\n                                                                                                 ^\nUnnamed:11:5 Expected ) but found ;\r\n    };\r\n     ^\nUnnamed:12:0 Expected eof but found }\r\n}\r\n^\n\n- org.graalvm.polyglot.Context.eval(Context.java:425)\n- com.intuit.karate.graal.JsEngine.evalForValue(JsEngine.java:169)\n- com.intuit.karate.graal.JsEngine.eval(JsEngine.java:165)\n- com.intuit.karate.core.ScenarioEngine.evalJs(ScenarioEngine.java:1199)\n- com.intuit.karate.core.ScenarioRuntime.evalConfigJs(ScenarioRuntime.java:296)\n- com.intuit.karate.core.ScenarioRuntime.beforeRun(ScenarioRuntime.java:371)\n- com.intuit.karate.core.ScenarioRuntime.run(ScenarioRuntime.java:390)\n\n- com.intuit.karate.graal.JsEngine.fromJsEvalException(JsEngine.java:254)\n- com.intuit.karate.core.ScenarioEngine.evalJs(ScenarioEngine.java:1201)\n- com.intuit.karate.core.ScenarioRuntime.evalConfigJs(ScenarioRuntime.java:296)\n- com.intuit.karate.core.ScenarioRuntime.beforeRun(ScenarioRuntime.java:371)\n- com.intuit.karate.core.ScenarioRuntime.run(ScenarioRuntime.java:390)\n- com.intuit.karate.core.FeatureRuntime.processScenario(FeatureRuntime.java:199)\n- java.base\/java.util.stream.ReferencePipeline$2$1.accept(ReferencePipeline.java:179)\n\nExampleProjects\/appian-selenium-api-example-java\/src\/main\/java\/com\/appiancorp\/example\/Feature\/sample.feature:5\nExampleProjects\/appian-selenium-api-example-java\/src\/main\/java\/com\/appiancorp\/example\/Feature\/sample.feature:6\nExampleProjects\/appian-selenium-api-example-java\/src\/main\/java\/com\/appiancorp\/example\/Feature\/sample.feature:7\nExampleProjects\/appian-selenium-api-example-java\/src\/main\/java\/com\/appiancorp\/example\/Feature\/sample.feature:9\nExampleProjects\/appian-selenium-api-example-java\/src\/main\/java\/com\/appiancorp\/example\/Feature\/sample.feature:10\nExampleProjects\/appian-selenium-api-example-java\/src\/main\/java\/com\/appiancorp\/example\/Feature\/sample.feature:11\nExampleProjects\/appian-selenium-api-example-java\/src\/main\/java\/com\/appiancorp\/example\/Feature\/sample.feature:12\nExampleProjects\/appian-selenium-api-example-java\/src\/main\/java\/com\/appiancorp\/example\/Feature\/sample.feature:13\nExampleProjects\/appian-selenium-api-example-java\/src\/main\/java\/com\/appiancorp\/example\/Feature\/sample.feature:14\nExampleProjects\/appian-selenium-api-example-java\/src\/main\/java\/com\/appiancorp\/example\/Feature\/sample.feature:15\n"},{"result":{"nanos":0,"errorMessage":">> ExampleProjects\/appian-selenium-api-example-java\/src\/main\/java\/com\/appiancorp\/example\/Feature\/sample.feature:22\n>> karate-config.js failed\n>> js failed:\n>>>>\n01: (function() {\n02:     karate.configure('classpath:karate-config.js');\n03:     return {\n04:     karate.configure('driver', { type: 'chrome', addOptions: ['--disable-save-password-bubble'] });\n05:         return {\n06:         \/\/ Other configurations...\n07:                 packages: ['com.appiancorp.ps.automatedtest.fixture']\n08:             };\n09: \n10: \n11:     };\n12: }\n13: )\n<<<<\norg.graalvm.polyglot.PolyglotException: SyntaxError: Unnamed:4:10 Expected : but found .\r\n    karate.configure('driver', { type: 'chrome', addOptions: ['--disable-save-password-bubble'] });\r\n          ^\nUnnamed:4:97 Expected ; but found )\r\n    karate.configure('driver', { type: 'chrome', addOptions: ['--disable-save-password-bubble'] });\r\n                                                                                                 ^\nUnnamed:11:5 Expected ) but found ;\r\n    };\r\n     ^\nUnnamed:12:0 Expected eof but found }\r\n}\r\n^\n\n- org.graalvm.polyglot.Context.eval(Context.java:425)\n- com.intuit.karate.graal.JsEngine.evalForValue(JsEngine.java:169)\n- com.intuit.karate.graal.JsEngine.eval(JsEngine.java:165)\n- com.intuit.karate.core.ScenarioEngine.evalJs(ScenarioEngine.java:1199)\n- com.intuit.karate.core.ScenarioRuntime.evalConfigJs(ScenarioRuntime.java:296)\n- com.intuit.karate.core.ScenarioRuntime.beforeRun(ScenarioRuntime.java:371)\n- com.intuit.karate.core.ScenarioRuntime.run(ScenarioRuntime.java:390)\n\njs failed:\n>>>>\n01: function() {\n02:     karate.configure('classpath:karate-config.js');\n03:     return {\n04:     karate.configure('driver', { type: 'chrome', addOptions: ['--disable-save-password-bubble'] });\n05:         return {\n06:         \/\/ Other configurations...\n07:                 packages: ['com.appiancorp.ps.automatedtest.fixture']\n08:             };\n09: \n10: \n11:     };\n12: }\n<<<<\ncom.intuit.karate.KarateException: js failed:\n>>>>\n01: (function() {\n02:     karate.configure('classpath:karate-config.js');\n03:     return {\n04:     karate.configure('driver', { type: 'chrome', addOptions: ['--disable-save-password-bubble'] });\n05:         return {\n06:         \/\/ Other configurations...\n07:                 packages: ['com.appiancorp.ps.automatedtest.fixture']\n08:             };\n09: \n10: \n11:     };\n12: }\n13: )\n<<<<\norg.graalvm.polyglot.PolyglotException: SyntaxError: Unnamed:4:10 Expected : but found .\r\n    karate.configure('driver', { type: 'chrome', addOptions: ['--disable-save-password-bubble'] });\r\n          ^\nUnnamed:4:97 Expected ; but found )\r\n    karate.configure('driver', { type: 'chrome', addOptions: ['--disable-save-password-bubble'] });\r\n                                                                                                 ^\nUnnamed:11:5 Expected ) but found ;\r\n    };\r\n     ^\nUnnamed:12:0 Expected eof but found }\r\n}\r\n^\n\n- org.graalvm.polyglot.Context.eval(Context.java:425)\n- com.intuit.karate.graal.JsEngine.evalForValue(JsEngine.java:169)\n- com.intuit.karate.graal.JsEngine.eval(JsEngine.java:165)\n- com.intuit.karate.core.ScenarioEngine.evalJs(ScenarioEngine.java:1199)\n- com.intuit.karate.core.ScenarioRuntime.evalConfigJs(ScenarioRuntime.java:296)\n- com.intuit.karate.core.ScenarioRuntime.beforeRun(ScenarioRuntime.java:371)\n- com.intuit.karate.core.ScenarioRuntime.run(ScenarioRuntime.java:390)\n\n- com.intuit.karate.graal.JsEngine.fromJsEvalException(JsEngine.java:254)\n- com.intuit.karate.core.ScenarioEngine.evalJs(ScenarioEngine.java:1201)\n- com.intuit.karate.core.ScenarioRuntime.evalConfigJs(ScenarioRuntime.java:296)\n- com.intuit.karate.core.ScenarioRuntime.beforeRun(ScenarioRuntime.java:371)\n- com.intuit.karate.core.ScenarioRuntime.run(ScenarioRuntime.java:390)\n- com.intuit.karate.core.FeatureRuntime.processScenario(FeatureRuntime.java:199)\n- java.base\/java.util.stream.ReferencePipeline$2$1.accept(ReferencePipeline.java:179)\n\nExampleProjects\/appian-selenium-api-example-java\/src\/main\/java\/com\/appiancorp\/example\/Feature\/sample.feature:5\nExampleProjects\/appian-selenium-api-example-java\/src\/main\/java\/com\/appiancorp\/example\/Feature\/sample.feature:6\nExampleProjects\/appian-selenium-api-example-java\/src\/main\/java\/com\/appiancorp\/example\/Feature\/sample.feature:7\nExampleProjects\/appian-selenium-api-example-java\/src\/main\/java\/com\/appiancorp\/example\/Feature\/sample.feature:9\nExampleProjects\/appian-selenium-api-example-java\/src\/main\/java\/com\/appiancorp\/example\/Feature\/sample.feature:10\nExampleProjects\/appian-selenium-api-example-java\/src\/main\/java\/com\/appiancorp\/example\/Feature\/sample.feature:11\nExampleProjects\/appian-selenium-api-example-java\/src\/main\/java\/com\/appiancorp\/example\/Feature\/sample.feature:12\nExampleProjects\/appian-selenium-api-example-java\/src\/main\/java\/com\/appiancorp\/example\/Feature\/sample.feature:13\nExampleProjects\/appian-selenium-api-example-java\/src\/main\/java\/com\/appiancorp\/example\/Feature\/sample.feature:14\nExampleProjects\/appian-selenium-api-example-java\/src\/main\/java\/com\/appiancorp\/example\/Feature\/sample.feature:15\nExampleProjects\/appian-selenium-api-example-java\/src\/main\/java\/com\/appiancorp\/example\/Feature\/sample.feature:16","millis":0.0,"status":"failed"},"step":{"line":16,"prefix":"And","index":10,"text":"mouse(signIn).click()"},"stepLog":"14:52:15.712 ExampleProjects\/appian-selenium-api-example-java\/src\/main\/java\/com\/appiancorp\/example\/Feature\/sample.feature:16\nAnd mouse(signIn).click()\n>> ExampleProjects\/appian-selenium-api-example-java\/src\/main\/java\/com\/appiancorp\/example\/Feature\/sample.feature:22\n>> karate-config.js failed\n>> js failed:\n>>>>\n01: (function() {\n02:     karate.configure('classpath:karate-config.js');\n03:     return {\n04:     karate.configure('driver', { type: 'chrome', addOptions: ['--disable-save-password-bubble'] });\n05:         return {\n06:         \/\/ Other configurations...\n07:                 packages: ['com.appiancorp.ps.automatedtest.fixture']\n08:             };\n09: \n10: \n11:     };\n12: }\n13: )\n<<<<\norg.graalvm.polyglot.PolyglotException: SyntaxError: Unnamed:4:10 Expected : but found .\r\n    karate.configure('driver', { type: 'chrome', addOptions: ['--disable-save-password-bubble'] });\r\n          ^\nUnnamed:4:97 Expected ; but found )\r\n    karate.configure('driver', { type: 'chrome', addOptions: ['--disable-save-password-bubble'] });\r\n                                                                                                 ^\nUnnamed:11:5 Expected ) but found ;\r\n    };\r\n     ^\nUnnamed:12:0 Expected eof but found }\r\n}\r\n^\n\n- org.graalvm.polyglot.Context.eval(Context.java:425)\n- com.intuit.karate.graal.JsEngine.evalForValue(JsEngine.java:169)\n- com.intuit.karate.graal.JsEngine.eval(JsEngine.java:165)\n- com.intuit.karate.core.ScenarioEngine.evalJs(ScenarioEngine.java:1199)\n- com.intuit.karate.core.ScenarioRuntime.evalConfigJs(ScenarioRuntime.java:296)\n- com.intuit.karate.core.ScenarioRuntime.beforeRun(ScenarioRuntime.java:371)\n- com.intuit.karate.core.ScenarioRuntime.run(ScenarioRuntime.java:390)\n\njs failed:\n>>>>\n01: function() {\n02:     karate.configure('classpath:karate-config.js');\n03:     return {\n04:     karate.configure('driver', { type: 'chrome', addOptions: ['--disable-save-password-bubble'] });\n05:         return {\n06:         \/\/ Other configurations...\n07:                 packages: ['com.appiancorp.ps.automatedtest.fixture']\n08:             };\n09: \n10: \n11:     };\n12: }\n<<<<\ncom.intuit.karate.KarateException: js failed:\n>>>>\n01: (function() {\n02:     karate.configure('classpath:karate-config.js');\n03:     return {\n04:     karate.configure('driver', { type: 'chrome', addOptions: ['--disable-save-password-bubble'] });\n05:         return {\n06:         \/\/ Other configurations...\n07:                 packages: ['com.appiancorp.ps.automatedtest.fixture']\n08:             };\n09: \n10: \n11:     };\n12: }\n13: )\n<<<<\norg.graalvm.polyglot.PolyglotException: SyntaxError: Unnamed:4:10 Expected : but found .\r\n    karate.configure('driver', { type: 'chrome', addOptions: ['--disable-save-password-bubble'] });\r\n          ^\nUnnamed:4:97 Expected ; but found )\r\n    karate.configure('driver', { type: 'chrome', addOptions: ['--disable-save-password-bubble'] });\r\n                                                                                                 ^\nUnnamed:11:5 Expected ) but found ;\r\n    };\r\n     ^\nUnnamed:12:0 Expected eof but found }\r\n}\r\n^\n\n- org.graalvm.polyglot.Context.eval(Context.java:425)\n- com.intuit.karate.graal.JsEngine.evalForValue(JsEngine.java:169)\n- com.intuit.karate.graal.JsEngine.eval(JsEngine.java:165)\n- com.intuit.karate.core.ScenarioEngine.evalJs(ScenarioEngine.java:1199)\n- com.intuit.karate.core.ScenarioRuntime.evalConfigJs(ScenarioRuntime.java:296)\n- com.intuit.karate.core.ScenarioRuntime.beforeRun(ScenarioRuntime.java:371)\n- com.intuit.karate.core.ScenarioRuntime.run(ScenarioRuntime.java:390)\n\n- com.intuit.karate.graal.JsEngine.fromJsEvalException(JsEngine.java:254)\n- com.intuit.karate.core.ScenarioEngine.evalJs(ScenarioEngine.java:1201)\n- com.intuit.karate.core.ScenarioRuntime.evalConfigJs(ScenarioRuntime.java:296)\n- com.intuit.karate.core.ScenarioRuntime.beforeRun(ScenarioRuntime.java:371)\n- com.intuit.karate.core.ScenarioRuntime.run(ScenarioRuntime.java:390)\n- com.intuit.karate.core.FeatureRuntime.processScenario(FeatureRuntime.java:199)\n- java.base\/java.util.stream.ReferencePipeline$2$1.accept(ReferencePipeline.java:179)\n\nExampleProjects\/appian-selenium-api-example-java\/src\/main\/java\/com\/appiancorp\/example\/Feature\/sample.feature:5\nExampleProjects\/appian-selenium-api-example-java\/src\/main\/java\/com\/appiancorp\/example\/Feature\/sample.feature:6\nExampleProjects\/appian-selenium-api-example-java\/src\/main\/java\/com\/appiancorp\/example\/Feature\/sample.feature:7\nExampleProjects\/appian-selenium-api-example-java\/src\/main\/java\/com\/appiancorp\/example\/Feature\/sample.feature:9\nExampleProjects\/appian-selenium-api-example-java\/src\/main\/java\/com\/appiancorp\/example\/Feature\/sample.feature:10\nExampleProjects\/appian-selenium-api-example-java\/src\/main\/java\/com\/appiancorp\/example\/Feature\/sample.feature:11\nExampleProjects\/appian-selenium-api-example-java\/src\/main\/java\/com\/appiancorp\/example\/Feature\/sample.feature:12\nExampleProjects\/appian-selenium-api-example-java\/src\/main\/java\/com\/appiancorp\/example\/Feature\/sample.feature:13\nExampleProjects\/appian-selenium-api-example-java\/src\/main\/java\/com\/appiancorp\/example\/Feature\/sample.feature:14\nExampleProjects\/appian-selenium-api-example-java\/src\/main\/java\/com\/appiancorp\/example\/Feature\/sample.feature:15\nExampleProjects\/appian-selenium-api-example-java\/src\/main\/java\/com\/appiancorp\/example\/Feature\/sample.feature:16\n"},{"result":{"nanos":0,"errorMessage":">> ExampleProjects\/appian-selenium-api-example-java\/src\/main\/java\/com\/appiancorp\/example\/Feature\/sample.feature:22\n>> karate-config.js failed\n>> js failed:\n>>>>\n01: (function() {\n02:     karate.configure('classpath:karate-config.js');\n03:     return {\n04:     karate.configure('driver', { type: 'chrome', addOptions: ['--disable-save-password-bubble'] });\n05:         return {\n06:         \/\/ Other configurations...\n07:                 packages: ['com.appiancorp.ps.automatedtest.fixture']\n08:             };\n09: \n10: \n11:     };\n12: }\n13: )\n<<<<\norg.graalvm.polyglot.PolyglotException: SyntaxError: Unnamed:4:10 Expected : but found .\r\n    karate.configure('driver', { type: 'chrome', addOptions: ['--disable-save-password-bubble'] });\r\n          ^\nUnnamed:4:97 Expected ; but found )\r\n    karate.configure('driver', { type: 'chrome', addOptions: ['--disable-save-password-bubble'] });\r\n                                                                                                 ^\nUnnamed:11:5 Expected ) but found ;\r\n    };\r\n     ^\nUnnamed:12:0 Expected eof but found }\r\n}\r\n^\n\n- org.graalvm.polyglot.Context.eval(Context.java:425)\n- com.intuit.karate.graal.JsEngine.evalForValue(JsEngine.java:169)\n- com.intuit.karate.graal.JsEngine.eval(JsEngine.java:165)\n- com.intuit.karate.core.ScenarioEngine.evalJs(ScenarioEngine.java:1199)\n- com.intuit.karate.core.ScenarioRuntime.evalConfigJs(ScenarioRuntime.java:296)\n- com.intuit.karate.core.ScenarioRuntime.beforeRun(ScenarioRuntime.java:371)\n- com.intuit.karate.core.ScenarioRuntime.run(ScenarioRuntime.java:390)\n\njs failed:\n>>>>\n01: function() {\n02:     karate.configure('classpath:karate-config.js');\n03:     return {\n04:     karate.configure('driver', { type: 'chrome', addOptions: ['--disable-save-password-bubble'] });\n05:         return {\n06:         \/\/ Other configurations...\n07:                 packages: ['com.appiancorp.ps.automatedtest.fixture']\n08:             };\n09: \n10: \n11:     };\n12: }\n<<<<\ncom.intuit.karate.KarateException: js failed:\n>>>>\n01: (function() {\n02:     karate.configure('classpath:karate-config.js');\n03:     return {\n04:     karate.configure('driver', { type: 'chrome', addOptions: ['--disable-save-password-bubble'] });\n05:         return {\n06:         \/\/ Other configurations...\n07:                 packages: ['com.appiancorp.ps.automatedtest.fixture']\n08:             };\n09: \n10: \n11:     };\n12: }\n13: )\n<<<<\norg.graalvm.polyglot.PolyglotException: SyntaxError: Unnamed:4:10 Expected : but found .\r\n    karate.configure('driver', { type: 'chrome', addOptions: ['--disable-save-password-bubble'] });\r\n          ^\nUnnamed:4:97 Expected ; but found )\r\n    karate.configure('driver', { type: 'chrome', addOptions: ['--disable-save-password-bubble'] });\r\n                                                                                                 ^\nUnnamed:11:5 Expected ) but found ;\r\n    };\r\n     ^\nUnnamed:12:0 Expected eof but found }\r\n}\r\n^\n\n- org.graalvm.polyglot.Context.eval(Context.java:425)\n- com.intuit.karate.graal.JsEngine.evalForValue(JsEngine.java:169)\n- com.intuit.karate.graal.JsEngine.eval(JsEngine.java:165)\n- com.intuit.karate.core.ScenarioEngine.evalJs(ScenarioEngine.java:1199)\n- com.intuit.karate.core.ScenarioRuntime.evalConfigJs(ScenarioRuntime.java:296)\n- com.intuit.karate.core.ScenarioRuntime.beforeRun(ScenarioRuntime.java:371)\n- com.intuit.karate.core.ScenarioRuntime.run(ScenarioRuntime.java:390)\n\n- com.intuit.karate.graal.JsEngine.fromJsEvalException(JsEngine.java:254)\n- com.intuit.karate.core.ScenarioEngine.evalJs(ScenarioEngine.java:1201)\n- com.intuit.karate.core.ScenarioRuntime.evalConfigJs(ScenarioRuntime.java:296)\n- com.intuit.karate.core.ScenarioRuntime.beforeRun(ScenarioRuntime.java:371)\n- com.intuit.karate.core.ScenarioRuntime.run(ScenarioRuntime.java:390)\n- com.intuit.karate.core.FeatureRuntime.processScenario(FeatureRuntime.java:199)\n- java.base\/java.util.stream.ReferencePipeline$2$1.accept(ReferencePipeline.java:179)\n\nExampleProjects\/appian-selenium-api-example-java\/src\/main\/java\/com\/appiancorp\/example\/Feature\/sample.feature:5\nExampleProjects\/appian-selenium-api-example-java\/src\/main\/java\/com\/appiancorp\/example\/Feature\/sample.feature:6\nExampleProjects\/appian-selenium-api-example-java\/src\/main\/java\/com\/appiancorp\/example\/Feature\/sample.feature:7\nExampleProjects\/appian-selenium-api-example-java\/src\/main\/java\/com\/appiancorp\/example\/Feature\/sample.feature:9\nExampleProjects\/appian-selenium-api-example-java\/src\/main\/java\/com\/appiancorp\/example\/Feature\/sample.feature:10\nExampleProjects\/appian-selenium-api-example-java\/src\/main\/java\/com\/appiancorp\/example\/Feature\/sample.feature:11\nExampleProjects\/appian-selenium-api-example-java\/src\/main\/java\/com\/appiancorp\/example\/Feature\/sample.feature:12\nExampleProjects\/appian-selenium-api-example-java\/src\/main\/java\/com\/appiancorp\/example\/Feature\/sample.feature:13\nExampleProjects\/appian-selenium-api-example-java\/src\/main\/java\/com\/appiancorp\/example\/Feature\/sample.feature:14\nExampleProjects\/appian-selenium-api-example-java\/src\/main\/java\/com\/appiancorp\/example\/Feature\/sample.feature:15\nExampleProjects\/appian-selenium-api-example-java\/src\/main\/java\/com\/appiancorp\/example\/Feature\/sample.feature:16\nExampleProjects\/appian-selenium-api-example-java\/src\/main\/java\/com\/appiancorp\/example\/Feature\/sample.feature:17","millis":0.0,"status":"failed"},"step":{"line":17,"prefix":"*","index":11,"text":"sleep(4000)"},"stepLog":"14:52:15.715 ExampleProjects\/appian-selenium-api-example-java\/src\/main\/java\/com\/appiancorp\/example\/Feature\/sample.feature:17\n* sleep(4000)\n>> ExampleProjects\/appian-selenium-api-example-java\/src\/main\/java\/com\/appiancorp\/example\/Feature\/sample.feature:22\n>> karate-config.js failed\n>> js failed:\n>>>>\n01: (function() {\n02:     karate.configure('classpath:karate-config.js');\n03:     return {\n04:     karate.configure('driver', { type: 'chrome', addOptions: ['--disable-save-password-bubble'] });\n05:         return {\n06:         \/\/ Other configurations...\n07:                 packages: ['com.appiancorp.ps.automatedtest.fixture']\n08:             };\n09: \n10: \n11:     };\n12: }\n13: )\n<<<<\norg.graalvm.polyglot.PolyglotException: SyntaxError: Unnamed:4:10 Expected : but found .\r\n    karate.configure('driver', { type: 'chrome', addOptions: ['--disable-save-password-bubble'] });\r\n          ^\nUnnamed:4:97 Expected ; but found )\r\n    karate.configure('driver', { type: 'chrome', addOptions: ['--disable-save-password-bubble'] });\r\n                                                                                                 ^\nUnnamed:11:5 Expected ) but found ;\r\n    };\r\n     ^\nUnnamed:12:0 Expected eof but found }\r\n}\r\n^\n\n- org.graalvm.polyglot.Context.eval(Context.java:425)\n- com.intuit.karate.graal.JsEngine.evalForValue(JsEngine.java:169)\n- com.intuit.karate.graal.JsEngine.eval(JsEngine.java:165)\n- com.intuit.karate.core.ScenarioEngine.evalJs(ScenarioEngine.java:1199)\n- com.intuit.karate.core.ScenarioRuntime.evalConfigJs(ScenarioRuntime.java:296)\n- com.intuit.karate.core.ScenarioRuntime.beforeRun(ScenarioRuntime.java:371)\n- com.intuit.karate.core.ScenarioRuntime.run(ScenarioRuntime.java:390)\n\njs failed:\n>>>>\n01: function() {\n02:     karate.configure('classpath:karate-config.js');\n03:     return {\n04:     karate.configure('driver', { type: 'chrome', addOptions: ['--disable-save-password-bubble'] });\n05:         return {\n06:         \/\/ Other configurations...\n07:                 packages: ['com.appiancorp.ps.automatedtest.fixture']\n08:             };\n09: \n10: \n11:     };\n12: }\n<<<<\ncom.intuit.karate.KarateException: js failed:\n>>>>\n01: (function() {\n02:     karate.configure('classpath:karate-config.js');\n03:     return {\n04:     karate.configure('driver', { type: 'chrome', addOptions: ['--disable-save-password-bubble'] });\n05:         return {\n06:         \/\/ Other configurations...\n07:                 packages: ['com.appiancorp.ps.automatedtest.fixture']\n08:             };\n09: \n10: \n11:     };\n12: }\n13: )\n<<<<\norg.graalvm.polyglot.PolyglotException: SyntaxError: Unnamed:4:10 Expected : but found .\r\n    karate.configure('driver', { type: 'chrome', addOptions: ['--disable-save-password-bubble'] });\r\n          ^\nUnnamed:4:97 Expected ; but found )\r\n    karate.configure('driver', { type: 'chrome', addOptions: ['--disable-save-password-bubble'] });\r\n                                                                                                 ^\nUnnamed:11:5 Expected ) but found ;\r\n    };\r\n     ^\nUnnamed:12:0 Expected eof but found }\r\n}\r\n^\n\n- org.graalvm.polyglot.Context.eval(Context.java:425)\n- com.intuit.karate.graal.JsEngine.evalForValue(JsEngine.java:169)\n- com.intuit.karate.graal.JsEngine.eval(JsEngine.java:165)\n- com.intuit.karate.core.ScenarioEngine.evalJs(ScenarioEngine.java:1199)\n- com.intuit.karate.core.ScenarioRuntime.evalConfigJs(ScenarioRuntime.java:296)\n- com.intuit.karate.core.ScenarioRuntime.beforeRun(ScenarioRuntime.java:371)\n- com.intuit.karate.core.ScenarioRuntime.run(ScenarioRuntime.java:390)\n\n- com.intuit.karate.graal.JsEngine.fromJsEvalException(JsEngine.java:254)\n- com.intuit.karate.core.ScenarioEngine.evalJs(ScenarioEngine.java:1201)\n- com.intuit.karate.core.ScenarioRuntime.evalConfigJs(ScenarioRuntime.java:296)\n- com.intuit.karate.core.ScenarioRuntime.beforeRun(ScenarioRuntime.java:371)\n- com.intuit.karate.core.ScenarioRuntime.run(ScenarioRuntime.java:390)\n- com.intuit.karate.core.FeatureRuntime.processScenario(FeatureRuntime.java:199)\n- java.base\/java.util.stream.ReferencePipeline$2$1.accept(ReferencePipeline.java:179)\n\nExampleProjects\/appian-selenium-api-example-java\/src\/main\/java\/com\/appiancorp\/example\/Feature\/sample.feature:5\nExampleProjects\/appian-selenium-api-example-java\/src\/main\/java\/com\/appiancorp\/example\/Feature\/sample.feature:6\nExampleProjects\/appian-selenium-api-example-java\/src\/main\/java\/com\/appiancorp\/example\/Feature\/sample.feature:7\nExampleProjects\/appian-selenium-api-example-java\/src\/main\/java\/com\/appiancorp\/example\/Feature\/sample.feature:9\nExampleProjects\/appian-selenium-api-example-java\/src\/main\/java\/com\/appiancorp\/example\/Feature\/sample.feature:10\nExampleProjects\/appian-selenium-api-example-java\/src\/main\/java\/com\/appiancorp\/example\/Feature\/sample.feature:11\nExampleProjects\/appian-selenium-api-example-java\/src\/main\/java\/com\/appiancorp\/example\/Feature\/sample.feature:12\nExampleProjects\/appian-selenium-api-example-java\/src\/main\/java\/com\/appiancorp\/example\/Feature\/sample.feature:13\nExampleProjects\/appian-selenium-api-example-java\/src\/main\/java\/com\/appiancorp\/example\/Feature\/sample.feature:14\nExampleProjects\/appian-selenium-api-example-java\/src\/main\/java\/com\/appiancorp\/example\/Feature\/sample.feature:15\nExampleProjects\/appian-selenium-api-example-java\/src\/main\/java\/com\/appiancorp\/example\/Feature\/sample.feature:16\nExampleProjects\/appian-selenium-api-example-java\/src\/main\/java\/com\/appiancorp\/example\/Feature\/sample.feature:17\n"},{"result":{"nanos":0,"errorMessage":">> ExampleProjects\/appian-selenium-api-example-java\/src\/main\/java\/com\/appiancorp\/example\/Feature\/sample.feature:22\n>> karate-config.js failed\n>> js failed:\n>>>>\n01: (function() {\n02:     karate.configure('classpath:karate-config.js');\n03:     return {\n04:     karate.configure('driver', { type: 'chrome', addOptions: ['--disable-save-password-bubble'] });\n05:         return {\n06:         \/\/ Other configurations...\n07:                 packages: ['com.appiancorp.ps.automatedtest.fixture']\n08:             };\n09: \n10: \n11:     };\n12: }\n13: )\n<<<<\norg.graalvm.polyglot.PolyglotException: SyntaxError: Unnamed:4:10 Expected : but found .\r\n    karate.configure('driver', { type: 'chrome', addOptions: ['--disable-save-password-bubble'] });\r\n          ^\nUnnamed:4:97 Expected ; but found )\r\n    karate.configure('driver', { type: 'chrome', addOptions: ['--disable-save-password-bubble'] });\r\n                                                                                                 ^\nUnnamed:11:5 Expected ) but found ;\r\n    };\r\n     ^\nUnnamed:12:0 Expected eof but found }\r\n}\r\n^\n\n- org.graalvm.polyglot.Context.eval(Context.java:425)\n- com.intuit.karate.graal.JsEngine.evalForValue(JsEngine.java:169)\n- com.intuit.karate.graal.JsEngine.eval(JsEngine.java:165)\n- com.intuit.karate.core.ScenarioEngine.evalJs(ScenarioEngine.java:1199)\n- com.intuit.karate.core.ScenarioRuntime.evalConfigJs(ScenarioRuntime.java:296)\n- com.intuit.karate.core.ScenarioRuntime.beforeRun(ScenarioRuntime.java:371)\n- com.intuit.karate.core.ScenarioRuntime.run(ScenarioRuntime.java:390)\n\njs failed:\n>>>>\n01: function() {\n02:     karate.configure('classpath:karate-config.js');\n03:     return {\n04:     karate.configure('driver', { type: 'chrome', addOptions: ['--disable-save-password-bubble'] });\n05:         return {\n06:         \/\/ Other configurations...\n07:                 packages: ['com.appiancorp.ps.automatedtest.fixture']\n08:             };\n09: \n10: \n11:     };\n12: }\n<<<<\ncom.intuit.karate.KarateException: js failed:\n>>>>\n01: (function() {\n02:     karate.configure('classpath:karate-config.js');\n03:     return {\n04:     karate.configure('driver', { type: 'chrome', addOptions: ['--disable-save-password-bubble'] });\n05:         return {\n06:         \/\/ Other configurations...\n07:                 packages: ['com.appiancorp.ps.automatedtest.fixture']\n08:             };\n09: \n10: \n11:     };\n12: }\n13: )\n<<<<\norg.graalvm.polyglot.PolyglotException: SyntaxError: Unnamed:4:10 Expected : but found .\r\n    karate.configure('driver', { type: 'chrome', addOptions: ['--disable-save-password-bubble'] });\r\n          ^\nUnnamed:4:97 Expected ; but found )\r\n    karate.configure('driver', { type: 'chrome', addOptions: ['--disable-save-password-bubble'] });\r\n                                                                                                 ^\nUnnamed:11:5 Expected ) but found ;\r\n    };\r\n     ^\nUnnamed:12:0 Expected eof but found }\r\n}\r\n^\n\n- org.graalvm.polyglot.Context.eval(Context.java:425)\n- com.intuit.karate.graal.JsEngine.evalForValue(JsEngine.java:169)\n- com.intuit.karate.graal.JsEngine.eval(JsEngine.java:165)\n- com.intuit.karate.core.ScenarioEngine.evalJs(ScenarioEngine.java:1199)\n- com.intuit.karate.core.ScenarioRuntime.evalConfigJs(ScenarioRuntime.java:296)\n- com.intuit.karate.core.ScenarioRuntime.beforeRun(ScenarioRuntime.java:371)\n- com.intuit.karate.core.ScenarioRuntime.run(ScenarioRuntime.java:390)\n\n- com.intuit.karate.graal.JsEngine.fromJsEvalException(JsEngine.java:254)\n- com.intuit.karate.core.ScenarioEngine.evalJs(ScenarioEngine.java:1201)\n- com.intuit.karate.core.ScenarioRuntime.evalConfigJs(ScenarioRuntime.java:296)\n- com.intuit.karate.core.ScenarioRuntime.beforeRun(ScenarioRuntime.java:371)\n- com.intuit.karate.core.ScenarioRuntime.run(ScenarioRuntime.java:390)\n- com.intuit.karate.core.FeatureRuntime.processScenario(FeatureRuntime.java:199)\n- java.base\/java.util.stream.ReferencePipeline$2$1.accept(ReferencePipeline.java:179)\n\nExampleProjects\/appian-selenium-api-example-java\/src\/main\/java\/com\/appiancorp\/example\/Feature\/sample.feature:5\nExampleProjects\/appian-selenium-api-example-java\/src\/main\/java\/com\/appiancorp\/example\/Feature\/sample.feature:6\nExampleProjects\/appian-selenium-api-example-java\/src\/main\/java\/com\/appiancorp\/example\/Feature\/sample.feature:7\nExampleProjects\/appian-selenium-api-example-java\/src\/main\/java\/com\/appiancorp\/example\/Feature\/sample.feature:9\nExampleProjects\/appian-selenium-api-example-java\/src\/main\/java\/com\/appiancorp\/example\/Feature\/sample.feature:10\nExampleProjects\/appian-selenium-api-example-java\/src\/main\/java\/com\/appiancorp\/example\/Feature\/sample.feature:11\nExampleProjects\/appian-selenium-api-example-java\/src\/main\/java\/com\/appiancorp\/example\/Feature\/sample.feature:12\nExampleProjects\/appian-selenium-api-example-java\/src\/main\/java\/com\/appiancorp\/example\/Feature\/sample.feature:13\nExampleProjects\/appian-selenium-api-example-java\/src\/main\/java\/com\/appiancorp\/example\/Feature\/sample.feature:14\nExampleProjects\/appian-selenium-api-example-java\/src\/main\/java\/com\/appiancorp\/example\/Feature\/sample.feature:15\nExampleProjects\/appian-selenium-api-example-java\/src\/main\/java\/com\/appiancorp\/example\/Feature\/sample.feature:16\nExampleProjects\/appian-selenium-api-example-java\/src\/main\/java\/com\/appiancorp\/example\/Feature\/sample.feature:17\nExampleProjects\/appian-selenium-api-example-java\/src\/main\/java\/com\/appiancorp\/example\/Feature\/sample.feature:18","millis":0.0,"status":"failed"},"step":{"line":18,"prefix":"*","index":12,"text":"call com.appiancorp.ps.automatedtest.fixture.SitesFixture.clickOnSitePage(\"Exporter\")"},"stepLog":"14:52:15.716 ExampleProjects\/appian-selenium-api-example-java\/src\/main\/java\/com\/appiancorp\/example\/Feature\/sample.feature:18\n* call com.appiancorp.ps.automatedtest.fixture.SitesFixture.clickOnSitePage(\"Exporter\")\n>> ExampleProjects\/appian-selenium-api-example-java\/src\/main\/java\/com\/appiancorp\/example\/Feature\/sample.feature:22\n>> karate-config.js failed\n>> js failed:\n>>>>\n01: (function() {\n02:     karate.configure('classpath:karate-config.js');\n03:     return {\n04:     karate.configure('driver', { type: 'chrome', addOptions: ['--disable-save-password-bubble'] });\n05:         return {\n06:         \/\/ Other configurations...\n07:                 packages: ['com.appiancorp.ps.automatedtest.fixture']\n08:             };\n09: \n10: \n11:     };\n12: }\n13: )\n<<<<\norg.graalvm.polyglot.PolyglotException: SyntaxError: Unnamed:4:10 Expected : but found .\r\n    karate.configure('driver', { type: 'chrome', addOptions: ['--disable-save-password-bubble'] });\r\n          ^\nUnnamed:4:97 Expected ; but found )\r\n    karate.configure('driver', { type: 'chrome', addOptions: ['--disable-save-password-bubble'] });\r\n                                                                                                 ^\nUnnamed:11:5 Expected ) but found ;\r\n    };\r\n     ^\nUnnamed:12:0 Expected eof but found }\r\n}\r\n^\n\n- org.graalvm.polyglot.Context.eval(Context.java:425)\n- com.intuit.karate.graal.JsEngine.evalForValue(JsEngine.java:169)\n- com.intuit.karate.graal.JsEngine.eval(JsEngine.java:165)\n- com.intuit.karate.core.ScenarioEngine.evalJs(ScenarioEngine.java:1199)\n- com.intuit.karate.core.ScenarioRuntime.evalConfigJs(ScenarioRuntime.java:296)\n- com.intuit.karate.core.ScenarioRuntime.beforeRun(ScenarioRuntime.java:371)\n- com.intuit.karate.core.ScenarioRuntime.run(ScenarioRuntime.java:390)\n\njs failed:\n>>>>\n01: function() {\n02:     karate.configure('classpath:karate-config.js');\n03:     return {\n04:     karate.configure('driver', { type: 'chrome', addOptions: ['--disable-save-password-bubble'] });\n05:         return {\n06:         \/\/ Other configurations...\n07:                 packages: ['com.appiancorp.ps.automatedtest.fixture']\n08:             };\n09: \n10: \n11:     };\n12: }\n<<<<\ncom.intuit.karate.KarateException: js failed:\n>>>>\n01: (function() {\n02:     karate.configure('classpath:karate-config.js');\n03:     return {\n04:     karate.configure('driver', { type: 'chrome', addOptions: ['--disable-save-password-bubble'] });\n05:         return {\n06:         \/\/ Other configurations...\n07:                 packages: ['com.appiancorp.ps.automatedtest.fixture']\n08:             };\n09: \n10: \n11:     };\n12: }\n13: )\n<<<<\norg.graalvm.polyglot.PolyglotException: SyntaxError: Unnamed:4:10 Expected : but found .\r\n    karate.configure('driver', { type: 'chrome', addOptions: ['--disable-save-password-bubble'] });\r\n          ^\nUnnamed:4:97 Expected ; but found )\r\n    karate.configure('driver', { type: 'chrome', addOptions: ['--disable-save-password-bubble'] });\r\n                                                                                                 ^\nUnnamed:11:5 Expected ) but found ;\r\n    };\r\n     ^\nUnnamed:12:0 Expected eof but found }\r\n}\r\n^\n\n- org.graalvm.polyglot.Context.eval(Context.java:425)\n- com.intuit.karate.graal.JsEngine.evalForValue(JsEngine.java:169)\n- com.intuit.karate.graal.JsEngine.eval(JsEngine.java:165)\n- com.intuit.karate.core.ScenarioEngine.evalJs(ScenarioEngine.java:1199)\n- com.intuit.karate.core.ScenarioRuntime.evalConfigJs(ScenarioRuntime.java:296)\n- com.intuit.karate.core.ScenarioRuntime.beforeRun(ScenarioRuntime.java:371)\n- com.intuit.karate.core.ScenarioRuntime.run(ScenarioRuntime.java:390)\n\n- com.intuit.karate.graal.JsEngine.fromJsEvalException(JsEngine.java:254)\n- com.intuit.karate.core.ScenarioEngine.evalJs(ScenarioEngine.java:1201)\n- com.intuit.karate.core.ScenarioRuntime.evalConfigJs(ScenarioRuntime.java:296)\n- com.intuit.karate.core.ScenarioRuntime.beforeRun(ScenarioRuntime.java:371)\n- com.intuit.karate.core.ScenarioRuntime.run(ScenarioRuntime.java:390)\n- com.intuit.karate.core.FeatureRuntime.processScenario(FeatureRuntime.java:199)\n- java.base\/java.util.stream.ReferencePipeline$2$1.accept(ReferencePipeline.java:179)\n\nExampleProjects\/appian-selenium-api-example-java\/src\/main\/java\/com\/appiancorp\/example\/Feature\/sample.feature:5\nExampleProjects\/appian-selenium-api-example-java\/src\/main\/java\/com\/appiancorp\/example\/Feature\/sample.feature:6\nExampleProjects\/appian-selenium-api-example-java\/src\/main\/java\/com\/appiancorp\/example\/Feature\/sample.feature:7\nExampleProjects\/appian-selenium-api-example-java\/src\/main\/java\/com\/appiancorp\/example\/Feature\/sample.feature:9\nExampleProjects\/appian-selenium-api-example-java\/src\/main\/java\/com\/appiancorp\/example\/Feature\/sample.feature:10\nExampleProjects\/appian-selenium-api-example-java\/src\/main\/java\/com\/appiancorp\/example\/Feature\/sample.feature:11\nExampleProjects\/appian-selenium-api-example-java\/src\/main\/java\/com\/appiancorp\/example\/Feature\/sample.feature:12\nExampleProjects\/appian-selenium-api-example-java\/src\/main\/java\/com\/appiancorp\/example\/Feature\/sample.feature:13\nExampleProjects\/appian-selenium-api-example-java\/src\/main\/java\/com\/appiancorp\/example\/Feature\/sample.feature:14\nExampleProjects\/appian-selenium-api-example-java\/src\/main\/java\/com\/appiancorp\/example\/Feature\/sample.feature:15\nExampleProjects\/appian-selenium-api-example-java\/src\/main\/java\/com\/appiancorp\/example\/Feature\/sample.feature:16\nExampleProjects\/appian-selenium-api-example-java\/src\/main\/java\/com\/appiancorp\/example\/Feature\/sample.feature:17\nExampleProjects\/appian-selenium-api-example-java\/src\/main\/java\/com\/appiancorp\/example\/Feature\/sample.feature:18\n"}],"line":22,"description":"","durationMillis":0.0,"failed":true,"error":">> ExampleProjects\/appian-selenium-api-example-java\/src\/main\/java\/com\/appiancorp\/example\/Feature\/sample.feature:22\n>> karate-config.js failed\n>> js failed:\n>>>>\n01: (function() {\n02:     karate.configure('classpath:karate-config.js');\n03:     return {\n04:     karate.configure('driver', { type: 'chrome', addOptions: ['--disable-save-password-bubble'] });\n05:         return {\n06:         \/\/ Other configurations...\n07:                 packages: ['com.appiancorp.ps.automatedtest.fixture']\n08:             };\n09: \n10: \n11:     };\n12: }\n13: )\n<<<<\norg.graalvm.polyglot.PolyglotException: SyntaxError: Unnamed:4:10 Expected : but found .\r\n    karate.configure('driver', { type: 'chrome', addOptions: ['--disable-save-password-bubble'] });\r\n          ^\nUnnamed:4:97 Expected ; but found )\r\n    karate.configure('driver', { type: 'chrome', addOptions: ['--disable-save-password-bubble'] });\r\n                                                                                                 ^\nUnnamed:11:5 Expected ) but found ;\r\n    };\r\n     ^\nUnnamed:12:0 Expected eof but found }\r\n}\r\n^\n\n- org.graalvm.polyglot.Context.eval(Context.java:425)\n- com.intuit.karate.graal.JsEngine.evalForValue(JsEngine.java:169)\n- com.intuit.karate.graal.JsEngine.eval(JsEngine.java:165)\n- com.intuit.karate.core.ScenarioEngine.evalJs(ScenarioEngine.java:1199)\n- com.intuit.karate.core.ScenarioRuntime.evalConfigJs(ScenarioRuntime.java:296)\n- com.intuit.karate.core.ScenarioRuntime.beforeRun(ScenarioRuntime.java:371)\n- com.intuit.karate.core.ScenarioRuntime.run(ScenarioRuntime.java:390)\n\njs failed:\n>>>>\n01: function() {\n02:     karate.configure('classpath:karate-config.js');\n03:     return {\n04:     karate.configure('driver', { type: 'chrome', addOptions: ['--disable-save-password-bubble'] });\n05:         return {\n06:         \/\/ Other configurations...\n07:                 packages: ['com.appiancorp.ps.automatedtest.fixture']\n08:             };\n09: \n10: \n11:     };\n12: }\n<<<<\ncom.intuit.karate.KarateException: js failed:\n>>>>\n01: (function() {\n02:     karate.configure('classpath:karate-config.js');\n03:     return {\n04:     karate.configure('driver', { type: 'chrome', addOptions: ['--disable-save-password-bubble'] });\n05:         return {\n06:         \/\/ Other configurations...\n07:                 packages: ['com.appiancorp.ps.automatedtest.fixture']\n08:             };\n09: \n10: \n11:     };\n12: }\n13: )\n<<<<\norg.graalvm.polyglot.PolyglotException: SyntaxError: Unnamed:4:10 Expected : but found .\r\n    karate.configure('driver', { type: 'chrome', addOptions: ['--disable-save-password-bubble'] });\r\n          ^\nUnnamed:4:97 Expected ; but found )\r\n    karate.configure('driver', { type: 'chrome', addOptions: ['--disable-save-password-bubble'] });\r\n                                                                                                 ^\nUnnamed:11:5 Expected ) but found ;\r\n    };\r\n     ^\nUnnamed:12:0 Expected eof but found }\r\n}\r\n^\n\n- org.graalvm.polyglot.Context.eval(Context.java:425)\n- com.intuit.karate.graal.JsEngine.evalForValue(JsEngine.java:169)\n- com.intuit.karate.graal.JsEngine.eval(JsEngine.java:165)\n- com.intuit.karate.core.ScenarioEngine.evalJs(ScenarioEngine.java:1199)\n- com.intuit.karate.core.ScenarioRuntime.evalConfigJs(ScenarioRuntime.java:296)\n- com.intuit.karate.core.ScenarioRuntime.beforeRun(ScenarioRuntime.java:371)\n- com.intuit.karate.core.ScenarioRuntime.run(ScenarioRuntime.java:390)\n\n- com.intuit.karate.graal.JsEngine.fromJsEvalException(JsEngine.java:254)\n- com.intuit.karate.core.ScenarioEngine.evalJs(ScenarioEngine.java:1201)\n- com.intuit.karate.core.ScenarioRuntime.evalConfigJs(ScenarioRuntime.java:296)\n- com.intuit.karate.core.ScenarioRuntime.beforeRun(ScenarioRuntime.java:371)\n- com.intuit.karate.core.ScenarioRuntime.run(ScenarioRuntime.java:390)\n- com.intuit.karate.core.FeatureRuntime.processScenario(FeatureRuntime.java:199)\n- java.base\/java.util.stream.ReferencePipeline$2$1.accept(ReferencePipeline.java:179)\n\nExampleProjects\/appian-selenium-api-example-java\/src\/main\/java\/com\/appiancorp\/example\/Feature\/sample.feature:5\nExampleProjects\/appian-selenium-api-example-java\/src\/main\/java\/com\/appiancorp\/example\/Feature\/sample.feature:6\nExampleProjects\/appian-selenium-api-example-java\/src\/main\/java\/com\/appiancorp\/example\/Feature\/sample.feature:7\nExampleProjects\/appian-selenium-api-example-java\/src\/main\/java\/com\/appiancorp\/example\/Feature\/sample.feature:9\nExampleProjects\/appian-selenium-api-example-java\/src\/main\/java\/com\/appiancorp\/example\/Feature\/sample.feature:10\nExampleProjects\/appian-selenium-api-example-java\/src\/main\/java\/com\/appiancorp\/example\/Feature\/sample.feature:11\nExampleProjects\/appian-selenium-api-example-java\/src\/main\/java\/com\/appiancorp\/example\/Feature\/sample.feature:12\nExampleProjects\/appian-selenium-api-example-java\/src\/main\/java\/com\/appiancorp\/example\/Feature\/sample.feature:13\nExampleProjects\/appian-selenium-api-example-java\/src\/main\/java\/com\/appiancorp\/example\/Feature\/sample.feature:14\nExampleProjects\/appian-selenium-api-example-java\/src\/main\/java\/com\/appiancorp\/example\/Feature\/sample.feature:15\nExampleProjects\/appian-selenium-api-example-java\/src\/main\/java\/com\/appiancorp\/example\/Feature\/sample.feature:16\nExampleProjects\/appian-selenium-api-example-java\/src\/main\/java\/com\/appiancorp\/example\/Feature\/sample.feature:17\nExampleProjects\/appian-selenium-api-example-java\/src\/main\/java\/com\/appiancorp\/example\/Feature\/sample.feature:18","tags":["login"],"executorName":"main","name":"user able to login","startTime":1690449735620,"refId":"[1.1:22]","endTime":1690449735716,"exampleData":{"username":"kiran123","password":"Pass@123"},"exampleIndex":0}],"callDepth":0,"name":"Login functionality","description":"","resultDate":"2023-07-27 02:52:15 pm","durationMillis":0.0,"passedCount":0}