<?xml version="1.0" encoding="UTF-8"?>
<!-- Generated by org.testng.reporters.JUnitReportReporter -->
<testsuite hostname="Yexle-Y0149" failures="0" tests="3" name="com.appiancorp.example.HelloAppian" time="48.499" errors="1" timestamp="2023-07-10T17:03:59 IST" skipped="0">
  <testcase classname="com.appiancorp.example.HelloAppian" name="clickOnCaseButton" time="15.942"/>
  <system-out/>
  <testcase classname="com.appiancorp.example.HelloAppian" name="enterText" time="15.923"/>
  <system-out/>
  <testcase classname="com.appiancorp.example.HelloAppian" name="enterDate" time="16.634">
    <error message="message:&lt;&lt;An error has occurred: Populate Field - Date - 22/07/2023&gt;&gt;" type="com.appiancorp.ps.automatedtest.exception.GenericTestException">
      <![CDATA[com.appiancorp.ps.automatedtest.exception.GenericTestException: message:<<An error has occurred: Populate Field - Date - 22/07/2023>>
at com.appiancorp.ps.automatedtest.exception.ExceptionBuilder.build(ExceptionBuilder.java:79)
at com.appiancorp.ps.automatedtest.tempo.interfaces.TempoFieldFactory.populate(TempoFieldFactory.java:93)
at com.appiancorp.ps.automatedtest.tempo.interfaces.TempoFieldFactory.populateMultiple(TempoFieldFactory.java:56)
at com.appiancorp.ps.automatedtest.fixture.TempoFixture.populateFieldWithContains(TempoFixture.java:1215)
at com.appiancorp.ps.automatedtest.fixture.TempoFixture.populateFieldWithPartiallyMatchingPickerFieldSuggestion(TempoFixture.java:1198)
at com.appiancorp.example.HelloAppian.enterDate(HelloAppian.java:50)
at java.base/jdk.internal.reflect.DirectMethodHandleAccessor.invoke(DirectMethodHandleAccessor.java:104)
at java.base/java.lang.reflect.Method.invoke(Method.java:577)
at org.testng.internal.MethodInvocationHelper.invokeMethod(MethodInvocationHelper.java:134)
at org.testng.internal.TestInvoker.invokeMethod(TestInvoker.java:597)
at org.testng.internal.TestInvoker.invokeTestMethod(TestInvoker.java:173)
at org.testng.internal.MethodRunner.runInSequence(MethodRunner.java:46)
at org.testng.internal.TestInvoker$MethodInvocationAgent.invoke(TestInvoker.java:816)
at org.testng.internal.TestInvoker.invokeTestMethods(TestInvoker.java:146)
at org.testng.internal.TestMethodWorker.invokeTestMethods(TestMethodWorker.java:146)
at org.testng.internal.TestMethodWorker.run(TestMethodWorker.java:128)
at java.base/java.util.ArrayList.forEach(ArrayList.java:1511)
at org.testng.TestRunner.privateRun(TestRunner.java:766)
at org.testng.TestRunner.run(TestRunner.java:587)
at org.testng.SuiteRunner.runTest(SuiteRunner.java:384)
at org.testng.SuiteRunner.runSequentially(SuiteRunner.java:378)
at org.testng.SuiteRunner.privateRun(SuiteRunner.java:337)
at org.testng.SuiteRunner.run(SuiteRunner.java:286)
at org.testng.SuiteRunnerWorker.runSuite(SuiteRunnerWorker.java:53)
at org.testng.SuiteRunnerWorker.run(SuiteRunnerWorker.java:96)
at org.testng.TestNG.runSuitesSequentially(TestNG.java:1187)
at org.testng.TestNG.runSuitesLocally(TestNG.java:1109)
at org.testng.TestNG.runSuites(TestNG.java:1039)
at org.testng.TestNG.run(TestNG.java:1007)
at com.intellij.rt.testng.IDEARemoteTestNG.run(IDEARemoteTestNG.java:66)
at com.intellij.rt.testng.RemoteTestNGStarter.main(RemoteTestNGStarter.java:105)
]]>
    </error>
  </testcase> <!-- enterDate -->
  <system-out/>
</testsuite> <!-- com.appiancorp.example.HelloAppian -->
