{"failedCount":1,"prefixedPath":"ExampleProjects\/appian-selenium-api-example-java\/src\/main\/java\/Test\/Feature\/seleniumWebDriver.feature","packageQualifiedName":"ExampleProjects.appian-selenium-api-example-java.src.main.java.Test.Feature.seleniumWebDriver","loopIndex":-1,"relativePath":"ExampleProjects\/appian-selenium-api-example-java\/src\/main\/java\/Test\/Feature\/seleniumWebDriver.feature","scenarioResults":[{"sectionIndex":0,"stepResults":[{"result":{"nanos":0,"errorMessage":">> ExampleProjects\/appian-selenium-api-example-java\/src\/main\/java\/Test\/Feature\/seleniumWebDriver.feature:10\n>> karate-config.js failed\n>> not a callable feature or js function: [type: NULL, value: null]\nExampleProjects\/appian-selenium-api-example-java\/src\/main\/java\/Test\/Feature\/seleniumWebDriver.feature:8\njs failed:\n>>>>\n01: function karateConfig() {\n02:   return karate.callSingle('seleniumWebDriver.feature');\n03: }\n<<<<\norg.graalvm.polyglot.PolyglotException: not a callable feature or js function: [type: NULL, value: null]\nExampleProjects\/appian-selenium-api-example-java\/src\/main\/java\/Test\/Feature\/seleniumWebDriver.feature:8\n- com.intuit.karate.core.ScenarioBridge.callSingle(ScenarioBridge.java:240)\n- com.intuit.karate.core.ScenarioBridge.callSingle(ScenarioBridge.java:185)\n- <js>.karateConfig(Unnamed:2)\n\nExampleProjects\/appian-selenium-api-example-java\/src\/main\/java\/Test\/Feature\/seleniumWebDriver.feature:6","millis":0.0,"status":"failed"},"step":{"comments":["#* def config = configure()","#* configure config = config"],"background":true,"line":6,"prefix":"*","index":0,"text":"configure driver = ('driver', { type: 'chrome', addOptions: ['--disable-save-password-bubble'] });"},"callResults":[{"failedCount":1,"prefixedPath":"ExampleProjects\/appian-selenium-api-example-java\/src\/main\/java\/Test\/Feature\/seleniumWebDriver.feature","packageQualifiedName":"ExampleProjects.appian-selenium-api-example-java.src.main.java.Test.Feature.seleniumWebDriver","loopIndex":-1,"relativePath":"ExampleProjects\/appian-selenium-api-example-java\/src\/main\/java\/Test\/Feature\/seleniumWebDriver.feature","scenarioResults":[{"sectionIndex":0,"stepResults":[{"result":{"nanos":34709400,"millis":34.7094,"status":"passed"},"step":{"comments":["#* def config = configure()","#* configure config = config"],"background":true,"line":6,"prefix":"*","index":0,"text":"configure driver = ('driver', { type: 'chrome', addOptions: ['--disable-save-password-bubble'] });"}},{"result":{"nanos":6377300,"millis":6.3773,"status":"passed"},"step":{"background":true,"line":7,"prefix":"*","index":1,"text":"def MySeleniumTest =  Java.type(\"com.karate.seleniumApi.SeleniumHelper\")"}},{"result":{"nanos":89740681000,"errorMessage":"not a callable feature or js function: [type: NULL, value: null]\nExampleProjects\/appian-selenium-api-example-java\/src\/main\/java\/Test\/Feature\/seleniumWebDriver.feature:8","millis":89740.681,"status":"failed"},"step":{"background":true,"line":8,"prefix":"*","index":2,"text":"call MySeleniumTest.setup()"}},{"result":{"nanos":0,"millis":0.0,"status":"skipped"},"step":{"line":11,"prefix":"*","index":0,"text":"call MySeleniumTest.navigateTo('https:\/\/yexledemo.appiancloud.com\/suite\/sites\/automation-cases')"}}],"line":10,"description":"","durationMillis":89781.7677,"failed":true,"error":"not a callable feature or js function: [type: NULL, value: null]\nExampleProjects\/appian-selenium-api-example-java\/src\/main\/java\/Test\/Feature\/seleniumWebDriver.feature:8","executorName":"main","name":"Verify the page title using Selenium","startTime":1690785957641,"refId":"[1:10]","endTime":1690786047435,"exampleIndex":-1}],"callDepth":1,"name":"call selenium WebDriver class","description":"","resultDate":"2023-07-31 12:17:27 pm","durationMillis":89781.7677,"passedCount":0}]},{"result":{"nanos":0,"errorMessage":">> ExampleProjects\/appian-selenium-api-example-java\/src\/main\/java\/Test\/Feature\/seleniumWebDriver.feature:10\n>> karate-config.js failed\n>> not a callable feature or js function: [type: NULL, value: null]\nExampleProjects\/appian-selenium-api-example-java\/src\/main\/java\/Test\/Feature\/seleniumWebDriver.feature:8\njs failed:\n>>>>\n01: function karateConfig() {\n02:   return karate.callSingle('seleniumWebDriver.feature');\n03: }\n<<<<\norg.graalvm.polyglot.PolyglotException: not a callable feature or js function: [type: NULL, value: null]\nExampleProjects\/appian-selenium-api-example-java\/src\/main\/java\/Test\/Feature\/seleniumWebDriver.feature:8\n- com.intuit.karate.core.ScenarioBridge.callSingle(ScenarioBridge.java:240)\n- com.intuit.karate.core.ScenarioBridge.callSingle(ScenarioBridge.java:185)\n- <js>.karateConfig(Unnamed:2)\n\nExampleProjects\/appian-selenium-api-example-java\/src\/main\/java\/Test\/Feature\/seleniumWebDriver.feature:6\nExampleProjects\/appian-selenium-api-example-java\/src\/main\/java\/Test\/Feature\/seleniumWebDriver.feature:7","millis":0.0,"status":"failed"},"step":{"background":true,"line":7,"prefix":"*","index":1,"text":"def MySeleniumTest =  Java.type(\"com.karate.seleniumApi.SeleniumHelper\")"}},{"result":{"nanos":0,"errorMessage":">> ExampleProjects\/appian-selenium-api-example-java\/src\/main\/java\/Test\/Feature\/seleniumWebDriver.feature:10\n>> karate-config.js failed\n>> not a callable feature or js function: [type: NULL, value: null]\nExampleProjects\/appian-selenium-api-example-java\/src\/main\/java\/Test\/Feature\/seleniumWebDriver.feature:8\njs failed:\n>>>>\n01: function karateConfig() {\n02:   return karate.callSingle('seleniumWebDriver.feature');\n03: }\n<<<<\norg.graalvm.polyglot.PolyglotException: not a callable feature or js function: [type: NULL, value: null]\nExampleProjects\/appian-selenium-api-example-java\/src\/main\/java\/Test\/Feature\/seleniumWebDriver.feature:8\n- com.intuit.karate.core.ScenarioBridge.callSingle(ScenarioBridge.java:240)\n- com.intuit.karate.core.ScenarioBridge.callSingle(ScenarioBridge.java:185)\n- <js>.karateConfig(Unnamed:2)\n\nExampleProjects\/appian-selenium-api-example-java\/src\/main\/java\/Test\/Feature\/seleniumWebDriver.feature:6\nExampleProjects\/appian-selenium-api-example-java\/src\/main\/java\/Test\/Feature\/seleniumWebDriver.feature:7\nExampleProjects\/appian-selenium-api-example-java\/src\/main\/java\/Test\/Feature\/seleniumWebDriver.feature:8","millis":0.0,"status":"failed"},"step":{"background":true,"line":8,"prefix":"*","index":2,"text":"call MySeleniumTest.setup()"}},{"result":{"nanos":0,"errorMessage":">> ExampleProjects\/appian-selenium-api-example-java\/src\/main\/java\/Test\/Feature\/seleniumWebDriver.feature:10\n>> karate-config.js failed\n>> not a callable feature or js function: [type: NULL, value: null]\nExampleProjects\/appian-selenium-api-example-java\/src\/main\/java\/Test\/Feature\/seleniumWebDriver.feature:8\njs failed:\n>>>>\n01: function karateConfig() {\n02:   return karate.callSingle('seleniumWebDriver.feature');\n03: }\n<<<<\norg.graalvm.polyglot.PolyglotException: not a callable feature or js function: [type: NULL, value: null]\nExampleProjects\/appian-selenium-api-example-java\/src\/main\/java\/Test\/Feature\/seleniumWebDriver.feature:8\n- com.intuit.karate.core.ScenarioBridge.callSingle(ScenarioBridge.java:240)\n- com.intuit.karate.core.ScenarioBridge.callSingle(ScenarioBridge.java:185)\n- <js>.karateConfig(Unnamed:2)\n\nExampleProjects\/appian-selenium-api-example-java\/src\/main\/java\/Test\/Feature\/seleniumWebDriver.feature:6\nExampleProjects\/appian-selenium-api-example-java\/src\/main\/java\/Test\/Feature\/seleniumWebDriver.feature:7\nExampleProjects\/appian-selenium-api-example-java\/src\/main\/java\/Test\/Feature\/seleniumWebDriver.feature:8\nExampleProjects\/appian-selenium-api-example-java\/src\/main\/java\/Test\/Feature\/seleniumWebDriver.feature:11","millis":0.0,"status":"failed"},"step":{"line":11,"prefix":"*","index":0,"text":"call MySeleniumTest.navigateTo('https:\/\/yexledemo.appiancloud.com\/suite\/sites\/automation-cases')"}}],"line":10,"description":"","durationMillis":0.0,"failed":true,"error":">> ExampleProjects\/appian-selenium-api-example-java\/src\/main\/java\/Test\/Feature\/seleniumWebDriver.feature:10\n>> karate-config.js failed\n>> not a callable feature or js function: [type: NULL, value: null]\nExampleProjects\/appian-selenium-api-example-java\/src\/main\/java\/Test\/Feature\/seleniumWebDriver.feature:8\njs failed:\n>>>>\n01: function karateConfig() {\n02:   return karate.callSingle('seleniumWebDriver.feature');\n03: }\n<<<<\norg.graalvm.polyglot.PolyglotException: not a callable feature or js function: [type: NULL, value: null]\nExampleProjects\/appian-selenium-api-example-java\/src\/main\/java\/Test\/Feature\/seleniumWebDriver.feature:8\n- com.intuit.karate.core.ScenarioBridge.callSingle(ScenarioBridge.java:240)\n- com.intuit.karate.core.ScenarioBridge.callSingle(ScenarioBridge.java:185)\n- <js>.karateConfig(Unnamed:2)\n\nExampleProjects\/appian-selenium-api-example-java\/src\/main\/java\/Test\/Feature\/seleniumWebDriver.feature:6\nExampleProjects\/appian-selenium-api-example-java\/src\/main\/java\/Test\/Feature\/seleniumWebDriver.feature:7\nExampleProjects\/appian-selenium-api-example-java\/src\/main\/java\/Test\/Feature\/seleniumWebDriver.feature:8\nExampleProjects\/appian-selenium-api-example-java\/src\/main\/java\/Test\/Feature\/seleniumWebDriver.feature:11","executorName":"main","name":"Verify the page title using Selenium","startTime":1690785957448,"refId":"[1:10]","endTime":1690786047480,"exampleIndex":-1}],"callDepth":0,"name":"call selenium WebDriver class","description":"","resultDate":"2023-07-31 12:17:27 pm","durationMillis":0.0,"passedCount":0}